[0.407s] DEBUG:colcon:Command line arguments: ['/usr/bin/colcon', 'build']
[0.407s] DEBUG:colcon:Parsed command line arguments: Namespace(log_base=None, log_level=None, verb_name='build', build_base='build', install_base='install', merge_install=False, symlink_install=False, test_result_base=None, continue_on_error=False, executor='parallel', parallel_workers=9, event_handlers=None, ignore_user_meta=False, metas=['./colcon.meta'], base_paths=['.'], packages_ignore=None, packages_ignore_regex=None, paths=None, packages_up_to=None, packages_up_to_regex=None, packages_above=None, packages_above_and_dependencies=None, packages_above_depth=None, packages_select_by_dep=None, packages_skip_by_dep=None, packages_skip_up_to=None, packages_select_build_failed=False, packages_skip_build_finished=False, packages_select_test_failures=False, packages_skip_test_passed=False, packages_select=None, packages_skip=None, packages_select_regex=None, packages_skip_regex=None, packages_start=None, packages_end=None, allow_overriding=[], cmake_args=None, cmake_target=None, cmake_target_skip_unavailable=False, cmake_clean_cache=False, cmake_clean_first=False, cmake_force_configure=False, ament_cmake_args=None, catkin_cmake_args=None, catkin_skip_building_tests=False, verb_parser=<colcon_defaults.argument_parser.defaults.DefaultArgumentsDecorator object at 0x7f42b144b2e0>, verb_extension=<colcon_core.verb.build.BuildVerb object at 0x7f42b1dfb100>, main=<bound method BuildVerb.main of <colcon_core.verb.build.BuildVerb object at 0x7f42b1dfb100>>)
[0.433s] Level 1:colcon.colcon_core.package_discovery:discover_packages(colcon_meta) check parameters
[0.433s] Level 1:colcon.colcon_core.package_discovery:discover_packages(recursive) check parameters
[0.433s] Level 1:colcon.colcon_core.package_discovery:discover_packages(ignore) check parameters
[0.433s] Level 1:colcon.colcon_core.package_discovery:discover_packages(path) check parameters
[0.433s] Level 1:colcon.colcon_core.package_discovery:discover_packages(colcon_meta) discover
[0.433s] Level 1:colcon.colcon_core.package_discovery:discover_packages(recursive) discover
[0.434s] INFO:colcon.colcon_core.package_discovery:Crawling recursively for packages in '/home/purvang/Grasping-of-Unknown-Objects-using-Top-Surfaces'
[0.434s] Level 1:colcon.colcon_core.package_identification:_identify(.) by extensions ['ignore', 'ignore_ament_install']
[0.434s] Level 1:colcon.colcon_core.package_identification:_identify(.) by extension 'ignore'
[0.434s] Level 1:colcon.colcon_core.package_identification:_identify(.) by extension 'ignore_ament_install'
[0.434s] Level 1:colcon.colcon_core.package_identification:_identify(.) by extensions ['colcon_pkg']
[0.434s] Level 1:colcon.colcon_core.package_identification:_identify(.) by extension 'colcon_pkg'
[0.434s] Level 1:colcon.colcon_core.package_identification:_identify(.) by extensions ['colcon_meta']
[0.434s] Level 1:colcon.colcon_core.package_identification:_identify(.) by extension 'colcon_meta'
[0.434s] Level 1:colcon.colcon_core.package_identification:_identify(.) by extensions ['ros']
[0.434s] Level 1:colcon.colcon_core.package_identification:_identify(.) by extension 'ros'
[0.461s] DEBUG:colcon.colcon_core.package_identification:Package '.' with type 'ros.ament_cmake' and name 'Grasping-of-Unknown-Objects-using-Top-Surfaces'
[0.461s] Level 1:colcon.colcon_core.package_discovery:discover_packages(recursive) using defaults
[0.461s] Level 1:colcon.colcon_core.package_discovery:discover_packages(ignore) discover
[0.462s] Level 1:colcon.colcon_core.package_discovery:discover_packages(ignore) using defaults
[0.462s] Level 1:colcon.colcon_core.package_discovery:discover_packages(path) discover
[0.462s] Level 1:colcon.colcon_core.package_discovery:discover_packages(path) using defaults
[0.499s] Level 1:colcon.colcon_core.package_discovery:discover_packages(prefix_path) check parameters
[0.500s] Level 1:colcon.colcon_core.package_discovery:discover_packages(prefix_path) discover
[0.505s] DEBUG:colcon.colcon_installed_package_information.package_discovery:Found 306 installed packages in /opt/ros/humble
[0.508s] Level 1:colcon.colcon_core.package_discovery:discover_packages(prefix_path) using defaults
[0.607s] Level 5:colcon.colcon_core.verb:set package 'Grasping-of-Unknown-Objects-using-Top-Surfaces' build argument 'cmake_args' from command line to 'None'
[0.607s] Level 5:colcon.colcon_core.verb:set package 'Grasping-of-Unknown-Objects-using-Top-Surfaces' build argument 'cmake_target' from command line to 'None'
[0.607s] Level 5:colcon.colcon_core.verb:set package 'Grasping-of-Unknown-Objects-using-Top-Surfaces' build argument 'cmake_target_skip_unavailable' from command line to 'False'
[0.607s] Level 5:colcon.colcon_core.verb:set package 'Grasping-of-Unknown-Objects-using-Top-Surfaces' build argument 'cmake_clean_cache' from command line to 'False'
[0.607s] Level 5:colcon.colcon_core.verb:set package 'Grasping-of-Unknown-Objects-using-Top-Surfaces' build argument 'cmake_clean_first' from command line to 'False'
[0.607s] Level 5:colcon.colcon_core.verb:set package 'Grasping-of-Unknown-Objects-using-Top-Surfaces' build argument 'cmake_force_configure' from command line to 'False'
[0.607s] Level 5:colcon.colcon_core.verb:set package 'Grasping-of-Unknown-Objects-using-Top-Surfaces' build argument 'ament_cmake_args' from command line to 'None'
[0.607s] Level 5:colcon.colcon_core.verb:set package 'Grasping-of-Unknown-Objects-using-Top-Surfaces' build argument 'catkin_cmake_args' from command line to 'None'
[0.608s] Level 5:colcon.colcon_core.verb:set package 'Grasping-of-Unknown-Objects-using-Top-Surfaces' build argument 'catkin_skip_building_tests' from command line to 'False'
[0.608s] DEBUG:colcon.colcon_core.verb:Building package 'Grasping-of-Unknown-Objects-using-Top-Surfaces' with the following arguments: {'ament_cmake_args': None, 'build_base': '/home/purvang/Grasping-of-Unknown-Objects-using-Top-Surfaces/build/Grasping-of-Unknown-Objects-using-Top-Surfaces', 'catkin_cmake_args': None, 'catkin_skip_building_tests': False, 'cmake_args': None, 'cmake_clean_cache': False, 'cmake_clean_first': False, 'cmake_force_configure': False, 'cmake_target': None, 'cmake_target_skip_unavailable': False, 'install_base': '/home/purvang/Grasping-of-Unknown-Objects-using-Top-Surfaces/install/Grasping-of-Unknown-Objects-using-Top-Surfaces', 'merge_install': False, 'path': '/home/purvang/Grasping-of-Unknown-Objects-using-Top-Surfaces', 'symlink_install': False, 'test_result_base': None}
[0.609s] INFO:colcon.colcon_core.executor:Executing jobs using 'parallel' executor
[0.614s] DEBUG:colcon.colcon_parallel_executor.executor.parallel:run_until_complete
[0.614s] INFO:colcon.colcon_ros.task.ament_cmake.build:Building ROS package in '/home/purvang/Grasping-of-Unknown-Objects-using-Top-Surfaces' with build type 'ament_cmake'
[0.615s] INFO:colcon.colcon_cmake.task.cmake.build:Building CMake package in '/home/purvang/Grasping-of-Unknown-Objects-using-Top-Surfaces'
[0.620s] INFO:colcon.colcon_core.plugin_system:Skipping extension 'colcon_core.shell.bat': Not used on non-Windows systems
[0.620s] INFO:colcon.colcon_core.shell:Skip shell extension 'powershell' for command environment: Not usable outside of PowerShell
[0.620s] DEBUG:colcon.colcon_core.shell:Skip shell extension 'dsv' for command environment
[0.634s] DEBUG:colcon.colcon_core.event_handler.log_command:Invoking command in '/home/purvang/Grasping-of-Unknown-Objects-using-Top-Surfaces/build/Grasping-of-Unknown-Objects-using-Top-Surfaces': CMAKE_PREFIX_PATH=/opt/ros/humble /usr/local/bin/cmake /home/purvang/Grasping-of-Unknown-Objects-using-Top-Surfaces -DCMAKE_INSTALL_PREFIX=/home/purvang/Grasping-of-Unknown-Objects-using-Top-Surfaces/install/Grasping-of-Unknown-Objects-using-Top-Surfaces
[6.987s] DEBUG:colcon.colcon_core.event_handler.log_command:Invoked command in '/home/purvang/Grasping-of-Unknown-Objects-using-Top-Surfaces/build/Grasping-of-Unknown-Objects-using-Top-Surfaces' returned '0': CMAKE_PREFIX_PATH=/opt/ros/humble /usr/local/bin/cmake /home/purvang/Grasping-of-Unknown-Objects-using-Top-Surfaces -DCMAKE_INSTALL_PREFIX=/home/purvang/Grasping-of-Unknown-Objects-using-Top-Surfaces/install/Grasping-of-Unknown-Objects-using-Top-Surfaces
[6.989s] DEBUG:colcon.colcon_core.event_handler.log_command:Invoking command in '/home/purvang/Grasping-of-Unknown-Objects-using-Top-Surfaces/build/Grasping-of-Unknown-Objects-using-Top-Surfaces': CMAKE_PREFIX_PATH=/opt/ros/humble /usr/local/bin/cmake --build /home/purvang/Grasping-of-Unknown-Objects-using-Top-Surfaces/build/Grasping-of-Unknown-Objects-using-Top-Surfaces -- -j9 -l9
[31.367s] DEBUG:colcon.colcon_core.event_handler.log_command:Invoked command in '/home/purvang/Grasping-of-Unknown-Objects-using-Top-Surfaces/build/Grasping-of-Unknown-Objects-using-Top-Surfaces' returned '0': CMAKE_PREFIX_PATH=/opt/ros/humble /usr/local/bin/cmake --build /home/purvang/Grasping-of-Unknown-Objects-using-Top-Surfaces/build/Grasping-of-Unknown-Objects-using-Top-Surfaces -- -j9 -l9
[31.391s] DEBUG:colcon.colcon_core.event_handler.log_command:Invoking command in '/home/purvang/Grasping-of-Unknown-Objects-using-Top-Surfaces/build/Grasping-of-Unknown-Objects-using-Top-Surfaces': CMAKE_PREFIX_PATH=/opt/ros/humble /usr/local/bin/cmake --install /home/purvang/Grasping-of-Unknown-Objects-using-Top-Surfaces/build/Grasping-of-Unknown-Objects-using-Top-Surfaces
[31.404s] Level 1:colcon.colcon_core.environment:create_environment_scripts_only(Grasping-of-Unknown-Objects-using-Top-Surfaces)
[31.406s] DEBUG:colcon.colcon_core.event_handler.log_command:Invoked command in '/home/purvang/Grasping-of-Unknown-Objects-using-Top-Surfaces/build/Grasping-of-Unknown-Objects-using-Top-Surfaces' returned '0': CMAKE_PREFIX_PATH=/opt/ros/humble /usr/local/bin/cmake --install /home/purvang/Grasping-of-Unknown-Objects-using-Top-Surfaces/build/Grasping-of-Unknown-Objects-using-Top-Surfaces
[31.409s] Level 1:colcon.colcon_core.environment:checking '/home/purvang/Grasping-of-Unknown-Objects-using-Top-Surfaces/install/Grasping-of-Unknown-Objects-using-Top-Surfaces' for CMake module files
[31.410s] Level 1:colcon.colcon_core.environment:checking '/home/purvang/Grasping-of-Unknown-Objects-using-Top-Surfaces/install/Grasping-of-Unknown-Objects-using-Top-Surfaces' for CMake config files
[31.410s] Level 1:colcon.colcon_core.shell:create_environment_hook('Grasping-of-Unknown-Objects-using-Top-Surfaces', 'cmake_prefix_path')
[31.412s] INFO:colcon.colcon_core.shell:Creating environment hook '/home/purvang/Grasping-of-Unknown-Objects-using-Top-Surfaces/install/Grasping-of-Unknown-Objects-using-Top-Surfaces/share/Grasping-of-Unknown-Objects-using-Top-Surfaces/hook/cmake_prefix_path.ps1'
[31.413s] INFO:colcon.colcon_core.shell:Creating environment descriptor '/home/purvang/Grasping-of-Unknown-Objects-using-Top-Surfaces/install/Grasping-of-Unknown-Objects-using-Top-Surfaces/share/Grasping-of-Unknown-Objects-using-Top-Surfaces/hook/cmake_prefix_path.dsv'
[31.413s] INFO:colcon.colcon_core.shell:Creating environment hook '/home/purvang/Grasping-of-Unknown-Objects-using-Top-Surfaces/install/Grasping-of-Unknown-Objects-using-Top-Surfaces/share/Grasping-of-Unknown-Objects-using-Top-Surfaces/hook/cmake_prefix_path.sh'
[31.414s] Level 1:colcon.colcon_core.environment:checking '/home/purvang/Grasping-of-Unknown-Objects-using-Top-Surfaces/install/Grasping-of-Unknown-Objects-using-Top-Surfaces/lib'
[31.414s] Level 1:colcon.colcon_core.environment:checking '/home/purvang/Grasping-of-Unknown-Objects-using-Top-Surfaces/install/Grasping-of-Unknown-Objects-using-Top-Surfaces/bin'
[31.414s] Level 1:colcon.colcon_core.environment:checking '/home/purvang/Grasping-of-Unknown-Objects-using-Top-Surfaces/install/Grasping-of-Unknown-Objects-using-Top-Surfaces/lib/pkgconfig/Grasping-of-Unknown-Objects-using-Top-Surfaces.pc'
[31.415s] Level 1:colcon.colcon_core.environment:checking '/home/purvang/Grasping-of-Unknown-Objects-using-Top-Surfaces/install/Grasping-of-Unknown-Objects-using-Top-Surfaces/lib/python3.10/site-packages'
[31.415s] Level 1:colcon.colcon_core.environment:checking '/home/purvang/Grasping-of-Unknown-Objects-using-Top-Surfaces/install/Grasping-of-Unknown-Objects-using-Top-Surfaces/bin'
[31.417s] INFO:colcon.colcon_core.shell:Creating package script '/home/purvang/Grasping-of-Unknown-Objects-using-Top-Surfaces/install/Grasping-of-Unknown-Objects-using-Top-Surfaces/share/Grasping-of-Unknown-Objects-using-Top-Surfaces/package.ps1'
[31.418s] INFO:colcon.colcon_core.shell:Creating package descriptor '/home/purvang/Grasping-of-Unknown-Objects-using-Top-Surfaces/install/Grasping-of-Unknown-Objects-using-Top-Surfaces/share/Grasping-of-Unknown-Objects-using-Top-Surfaces/package.dsv'
[31.418s] INFO:colcon.colcon_core.shell:Creating package script '/home/purvang/Grasping-of-Unknown-Objects-using-Top-Surfaces/install/Grasping-of-Unknown-Objects-using-Top-Surfaces/share/Grasping-of-Unknown-Objects-using-Top-Surfaces/package.sh'
[31.419s] INFO:colcon.colcon_core.shell:Creating package script '/home/purvang/Grasping-of-Unknown-Objects-using-Top-Surfaces/install/Grasping-of-Unknown-Objects-using-Top-Surfaces/share/Grasping-of-Unknown-Objects-using-Top-Surfaces/package.bash'
[31.420s] INFO:colcon.colcon_core.shell:Creating package script '/home/purvang/Grasping-of-Unknown-Objects-using-Top-Surfaces/install/Grasping-of-Unknown-Objects-using-Top-Surfaces/share/Grasping-of-Unknown-Objects-using-Top-Surfaces/package.zsh'
[31.421s] Level 1:colcon.colcon_core.environment:create_file_with_runtime_dependencies(/home/purvang/Grasping-of-Unknown-Objects-using-Top-Surfaces/install/Grasping-of-Unknown-Objects-using-Top-Surfaces/share/colcon-core/packages/Grasping-of-Unknown-Objects-using-Top-Surfaces)
[31.444s] Level 1:colcon.colcon_core.environment:create_environment_scripts_only(Grasping-of-Unknown-Objects-using-Top-Surfaces)
[31.447s] Level 1:colcon.colcon_core.environment:checking '/home/purvang/Grasping-of-Unknown-Objects-using-Top-Surfaces/install/Grasping-of-Unknown-Objects-using-Top-Surfaces' for CMake module files
[31.447s] Level 1:colcon.colcon_core.environment:checking '/home/purvang/Grasping-of-Unknown-Objects-using-Top-Surfaces/install/Grasping-of-Unknown-Objects-using-Top-Surfaces' for CMake config files
[31.447s] Level 1:colcon.colcon_core.shell:create_environment_hook('Grasping-of-Unknown-Objects-using-Top-Surfaces', 'cmake_prefix_path')
[31.449s] INFO:colcon.colcon_core.shell:Creating environment hook '/home/purvang/Grasping-of-Unknown-Objects-using-Top-Surfaces/install/Grasping-of-Unknown-Objects-using-Top-Surfaces/share/Grasping-of-Unknown-Objects-using-Top-Surfaces/hook/cmake_prefix_path.ps1'
[31.450s] INFO:colcon.colcon_core.shell:Creating environment descriptor '/home/purvang/Grasping-of-Unknown-Objects-using-Top-Surfaces/install/Grasping-of-Unknown-Objects-using-Top-Surfaces/share/Grasping-of-Unknown-Objects-using-Top-Surfaces/hook/cmake_prefix_path.dsv'
[31.450s] INFO:colcon.colcon_core.shell:Creating environment hook '/home/purvang/Grasping-of-Unknown-Objects-using-Top-Surfaces/install/Grasping-of-Unknown-Objects-using-Top-Surfaces/share/Grasping-of-Unknown-Objects-using-Top-Surfaces/hook/cmake_prefix_path.sh'
[31.451s] Level 1:colcon.colcon_core.environment:checking '/home/purvang/Grasping-of-Unknown-Objects-using-Top-Surfaces/install/Grasping-of-Unknown-Objects-using-Top-Surfaces/lib'
[31.451s] Level 1:colcon.colcon_core.environment:checking '/home/purvang/Grasping-of-Unknown-Objects-using-Top-Surfaces/install/Grasping-of-Unknown-Objects-using-Top-Surfaces/bin'
[31.451s] Level 1:colcon.colcon_core.environment:checking '/home/purvang/Grasping-of-Unknown-Objects-using-Top-Surfaces/install/Grasping-of-Unknown-Objects-using-Top-Surfaces/lib/pkgconfig/Grasping-of-Unknown-Objects-using-Top-Surfaces.pc'
[31.451s] Level 1:colcon.colcon_core.environment:checking '/home/purvang/Grasping-of-Unknown-Objects-using-Top-Surfaces/install/Grasping-of-Unknown-Objects-using-Top-Surfaces/lib/python3.10/site-packages'
[31.451s] Level 1:colcon.colcon_core.environment:checking '/home/purvang/Grasping-of-Unknown-Objects-using-Top-Surfaces/install/Grasping-of-Unknown-Objects-using-Top-Surfaces/bin'
[31.453s] INFO:colcon.colcon_core.shell:Creating package script '/home/purvang/Grasping-of-Unknown-Objects-using-Top-Surfaces/install/Grasping-of-Unknown-Objects-using-Top-Surfaces/share/Grasping-of-Unknown-Objects-using-Top-Surfaces/package.ps1'
[31.454s] INFO:colcon.colcon_core.shell:Creating package descriptor '/home/purvang/Grasping-of-Unknown-Objects-using-Top-Surfaces/install/Grasping-of-Unknown-Objects-using-Top-Surfaces/share/Grasping-of-Unknown-Objects-using-Top-Surfaces/package.dsv'
[31.454s] INFO:colcon.colcon_core.shell:Creating package script '/home/purvang/Grasping-of-Unknown-Objects-using-Top-Surfaces/install/Grasping-of-Unknown-Objects-using-Top-Surfaces/share/Grasping-of-Unknown-Objects-using-Top-Surfaces/package.sh'
[31.455s] INFO:colcon.colcon_core.shell:Creating package script '/home/purvang/Grasping-of-Unknown-Objects-using-Top-Surfaces/install/Grasping-of-Unknown-Objects-using-Top-Surfaces/share/Grasping-of-Unknown-Objects-using-Top-Surfaces/package.bash'
[31.455s] INFO:colcon.colcon_core.shell:Creating package script '/home/purvang/Grasping-of-Unknown-Objects-using-Top-Surfaces/install/Grasping-of-Unknown-Objects-using-Top-Surfaces/share/Grasping-of-Unknown-Objects-using-Top-Surfaces/package.zsh'
[31.456s] Level 1:colcon.colcon_core.environment:create_file_with_runtime_dependencies(/home/purvang/Grasping-of-Unknown-Objects-using-Top-Surfaces/install/Grasping-of-Unknown-Objects-using-Top-Surfaces/share/colcon-core/packages/Grasping-of-Unknown-Objects-using-Top-Surfaces)
[31.456s] DEBUG:colcon.colcon_parallel_executor.executor.parallel:closing loop
[31.456s] DEBUG:colcon.colcon_parallel_executor.executor.parallel:loop closed
[31.456s] DEBUG:colcon.colcon_parallel_executor.executor.parallel:run_until_complete finished with '0'
[31.456s] DEBUG:colcon.colcon_core.event_reactor:joining thread
[31.464s] INFO:colcon.colcon_core.plugin_system:Skipping extension 'colcon_notification.desktop_notification.terminal_notifier': Not used on non-Darwin systems
[31.464s] INFO:colcon.colcon_core.plugin_system:Skipping extension 'colcon_notification.desktop_notification.win32': Not used on non-Windows systems
[31.464s] INFO:colcon.colcon_notification.desktop_notification:Sending desktop notification using 'notify2'
[31.479s] DEBUG:colcon.colcon_core.event_reactor:joined thread
[31.481s] INFO:colcon.colcon_core.shell:Creating prefix script '/home/purvang/Grasping-of-Unknown-Objects-using-Top-Surfaces/install/local_setup.ps1'
[31.482s] INFO:colcon.colcon_core.shell:Creating prefix util module '/home/purvang/Grasping-of-Unknown-Objects-using-Top-Surfaces/install/_local_setup_util_ps1.py'
[31.484s] INFO:colcon.colcon_core.shell:Creating prefix chain script '/home/purvang/Grasping-of-Unknown-Objects-using-Top-Surfaces/install/setup.ps1'
[31.488s] INFO:colcon.colcon_core.shell:Creating prefix script '/home/purvang/Grasping-of-Unknown-Objects-using-Top-Surfaces/install/local_setup.sh'
[31.489s] INFO:colcon.colcon_core.shell:Creating prefix util module '/home/purvang/Grasping-of-Unknown-Objects-using-Top-Surfaces/install/_local_setup_util_sh.py'
[31.489s] INFO:colcon.colcon_core.shell:Creating prefix chain script '/home/purvang/Grasping-of-Unknown-Objects-using-Top-Surfaces/install/setup.sh'
[31.492s] INFO:colcon.colcon_core.shell:Creating prefix script '/home/purvang/Grasping-of-Unknown-Objects-using-Top-Surfaces/install/local_setup.bash'
[31.493s] INFO:colcon.colcon_core.shell:Creating prefix chain script '/home/purvang/Grasping-of-Unknown-Objects-using-Top-Surfaces/install/setup.bash'
[31.495s] INFO:colcon.colcon_core.shell:Creating prefix script '/home/purvang/Grasping-of-Unknown-Objects-using-Top-Surfaces/install/local_setup.zsh'
[31.496s] INFO:colcon.colcon_core.shell:Creating prefix chain script '/home/purvang/Grasping-of-Unknown-Objects-using-Top-Surfaces/install/setup.zsh'
