[0.019s] Invoking command in '/home/purvang/vbrm-dr/build/vbrm-dr': CMAKE_PREFIX_PATH=/opt/ros/humble /usr/local/bin/cmake --build /home/purvang/vbrm-dr/build/vbrm-dr -- -j9 -l9
[0.066s] [35m[1mConsolidate compiler generated dependencies of target PointCloudProcessor[0m
[0.103s] [ 50%] [32mBuilding CXX object CMakeFiles/PointCloudProcessor.dir/src/main.cpp.o[0m
[17.826s] [100%] [32m[1mLinking CXX executable PointCloudProcessor[0m
[21.261s] [100%] Built target PointCloudProcessor
[21.265s] Invoked command in '/home/purvang/vbrm-dr/build/vbrm-dr' returned '0': CMAKE_PREFIX_PATH=/opt/ros/humble /usr/local/bin/cmake --build /home/purvang/vbrm-dr/build/vbrm-dr -- -j9 -l9
[21.291s] Invoking command in '/home/purvang/vbrm-dr/build/vbrm-dr': CMAKE_PREFIX_PATH=/opt/ros/humble /usr/local/bin/cmake --install /home/purvang/vbrm-dr/build/vbrm-dr
[21.293s] -- Install configuration: ""
[21.294s] -- Installing: /home/purvang/vbrm-dr/install/vbrm-dr/lib/vbrm-dr/PointCloudProcessor
[21.298s] -- Set runtime path of "/home/purvang/vbrm-dr/install/vbrm-dr/lib/vbrm-dr/PointCloudProcessor" to ""
[21.299s] -- Up-to-date: /home/purvang/vbrm-dr/install/vbrm-dr/share/vbrm-dr/launch
[21.299s] -- Up-to-date: /home/purvang/vbrm-dr/install/vbrm-dr/share/vbrm-dr/launch/simulation.launch.py
[21.299s] -- Up-to-date: /home/purvang/vbrm-dr/install/vbrm-dr/share/vbrm-dr/worlds
[21.299s] -- Up-to-date: /home/purvang/vbrm-dr/install/vbrm-dr/share/vbrm-dr/worlds/simulation.world
[21.299s] -- Up-to-date: /home/purvang/vbrm-dr/install/vbrm-dr/share/vbrm-dr/urdf
[21.300s] -- Up-to-date: /home/purvang/vbrm-dr/install/vbrm-dr/share/vbrm-dr/urdf/camera.urdf
[21.300s] -- Up-to-date: /home/purvang/vbrm-dr/install/vbrm-dr/share/ament_index/resource_index/package_run_dependencies/vbrm-dr
[21.300s] -- Up-to-date: /home/purvang/vbrm-dr/install/vbrm-dr/share/ament_index/resource_index/parent_prefix_path/vbrm-dr
[21.300s] -- Up-to-date: /home/purvang/vbrm-dr/install/vbrm-dr/share/vbrm-dr/environment/ament_prefix_path.sh
[21.300s] -- Up-to-date: /home/purvang/vbrm-dr/install/vbrm-dr/share/vbrm-dr/environment/ament_prefix_path.dsv
[21.301s] -- Up-to-date: /home/purvang/vbrm-dr/install/vbrm-dr/share/vbrm-dr/environment/path.sh
[21.301s] -- Up-to-date: /home/purvang/vbrm-dr/install/vbrm-dr/share/vbrm-dr/environment/path.dsv
[21.301s] -- Up-to-date: /home/purvang/vbrm-dr/install/vbrm-dr/share/vbrm-dr/local_setup.bash
[21.301s] -- Up-to-date: /home/purvang/vbrm-dr/install/vbrm-dr/share/vbrm-dr/local_setup.sh
[21.302s] -- Up-to-date: /home/purvang/vbrm-dr/install/vbrm-dr/share/vbrm-dr/local_setup.zsh
[21.302s] -- Up-to-date: /home/purvang/vbrm-dr/install/vbrm-dr/share/vbrm-dr/local_setup.dsv
[21.302s] -- Installing: /home/purvang/vbrm-dr/install/vbrm-dr/share/vbrm-dr/package.dsv
[21.303s] -- Up-to-date: /home/purvang/vbrm-dr/install/vbrm-dr/share/ament_index/resource_index/packages/vbrm-dr
[21.303s] -- Up-to-date: /home/purvang/vbrm-dr/install/vbrm-dr/share/vbrm-dr/cmake/vbrm-drConfig.cmake
[21.304s] -- Up-to-date: /home/purvang/vbrm-dr/install/vbrm-dr/share/vbrm-dr/cmake/vbrm-drConfig-version.cmake
[21.304s] -- Up-to-date: /home/purvang/vbrm-dr/install/vbrm-dr/share/vbrm-dr/package.xml
[21.304s] Invoked command in '/home/purvang/vbrm-dr/build/vbrm-dr' returned '0': CMAKE_PREFIX_PATH=/opt/ros/humble /usr/local/bin/cmake --install /home/purvang/vbrm-dr/build/vbrm-dr
