[35m[1mConsolidate compiler generated dependencies of target PointCloudProcessor[0m
[ 50%] [32mBuilding CXX object CMakeFiles/PointCloudProcessor.dir/src/main.cpp.o[0m
[100%] [32m[1mLinking CXX executable PointCloudProcessor[0m
[100%] Built target PointCloudProcessor
-- Install configuration: ""
-- Installing: /home/purvang/Grasping-of-Unknown-Objects-using-Top-Surfaces/install/Grasping-of-Unknown-Objects-using-Top-Surfaces/lib/Grasping-of-Unknown-Objects-using-Top-Surfaces/PointCloudProcessor
-- Set runtime path of "/home/purvang/Grasping-of-Unknown-Objects-using-Top-Surfaces/install/Grasping-of-Unknown-Objects-using-Top-Surfaces/lib/Grasping-of-Unknown-Objects-using-Top-Surfaces/PointCloudProcessor" to ""
-- Up-to-date: /home/purvang/Grasping-of-Unknown-Objects-using-Top-Surfaces/install/Grasping-of-Unknown-Objects-using-Top-Surfaces/share/Grasping-of-Unknown-Objects-using-Top-Surfaces/launch
-- Up-to-date: /home/purvang/Grasping-of-Unknown-Objects-using-Top-Surfaces/install/Grasping-of-Unknown-Objects-using-Top-Surfaces/share/Grasping-of-Unknown-Objects-using-Top-Surfaces/launch/simulation.launch.py
-- Up-to-date: /home/purvang/Grasping-of-Unknown-Objects-using-Top-Surfaces/install/Grasping-of-Unknown-Objects-using-Top-Surfaces/share/Grasping-of-Unknown-Objects-using-Top-Surfaces/worlds
-- Up-to-date: /home/purvang/Grasping-of-Unknown-Objects-using-Top-Surfaces/install/Grasping-of-Unknown-Objects-using-Top-Surfaces/share/Grasping-of-Unknown-Objects-using-Top-Surfaces/worlds/simulation.world
-- Up-to-date: /home/purvang/Grasping-of-Unknown-Objects-using-Top-Surfaces/install/Grasping-of-Unknown-Objects-using-Top-Surfaces/share/Grasping-of-Unknown-Objects-using-Top-Surfaces/urdf
-- Up-to-date: /home/purvang/Grasping-of-Unknown-Objects-using-Top-Surfaces/install/Grasping-of-Unknown-Objects-using-Top-Surfaces/share/Grasping-of-Unknown-Objects-using-Top-Surfaces/urdf/camera.urdf
-- Up-to-date: /home/purvang/Grasping-of-Unknown-Objects-using-Top-Surfaces/install/Grasping-of-Unknown-Objects-using-Top-Surfaces/share/ament_index/resource_index/package_run_dependencies/Grasping-of-Unknown-Objects-using-Top-Surfaces
-- Up-to-date: /home/purvang/Grasping-of-Unknown-Objects-using-Top-Surfaces/install/Grasping-of-Unknown-Objects-using-Top-Surfaces/share/ament_index/resource_index/parent_prefix_path/Grasping-of-Unknown-Objects-using-Top-Surfaces
-- Up-to-date: /home/purvang/Grasping-of-Unknown-Objects-using-Top-Surfaces/install/Grasping-of-Unknown-Objects-using-Top-Surfaces/share/Grasping-of-Unknown-Objects-using-Top-Surfaces/environment/ament_prefix_path.sh
-- Up-to-date: /home/purvang/Grasping-of-Unknown-Objects-using-Top-Surfaces/install/Grasping-of-Unknown-Objects-using-Top-Surfaces/share/Grasping-of-Unknown-Objects-using-Top-Surfaces/environment/ament_prefix_path.dsv
-- Up-to-date: /home/purvang/Grasping-of-Unknown-Objects-using-Top-Surfaces/install/Grasping-of-Unknown-Objects-using-Top-Surfaces/share/Grasping-of-Unknown-Objects-using-Top-Surfaces/environment/path.sh
-- Up-to-date: /home/purvang/Grasping-of-Unknown-Objects-using-Top-Surfaces/install/Grasping-of-Unknown-Objects-using-Top-Surfaces/share/Grasping-of-Unknown-Objects-using-Top-Surfaces/environment/path.dsv
-- Up-to-date: /home/purvang/Grasping-of-Unknown-Objects-using-Top-Surfaces/install/Grasping-of-Unknown-Objects-using-Top-Surfaces/share/Grasping-of-Unknown-Objects-using-Top-Surfaces/local_setup.bash
-- Up-to-date: /home/purvang/Grasping-of-Unknown-Objects-using-Top-Surfaces/install/Grasping-of-Unknown-Objects-using-Top-Surfaces/share/Grasping-of-Unknown-Objects-using-Top-Surfaces/local_setup.sh
-- Up-to-date: /home/purvang/Grasping-of-Unknown-Objects-using-Top-Surfaces/install/Grasping-of-Unknown-Objects-using-Top-Surfaces/share/Grasping-of-Unknown-Objects-using-Top-Surfaces/local_setup.zsh
-- Up-to-date: /home/purvang/Grasping-of-Unknown-Objects-using-Top-Surfaces/install/Grasping-of-Unknown-Objects-using-Top-Surfaces/share/Grasping-of-Unknown-Objects-using-Top-Surfaces/local_setup.dsv
-- Installing: /home/purvang/Grasping-of-Unknown-Objects-using-Top-Surfaces/install/Grasping-of-Unknown-Objects-using-Top-Surfaces/share/Grasping-of-Unknown-Objects-using-Top-Surfaces/package.dsv
-- Up-to-date: /home/purvang/Grasping-of-Unknown-Objects-using-Top-Surfaces/install/Grasping-of-Unknown-Objects-using-Top-Surfaces/share/ament_index/resource_index/packages/Grasping-of-Unknown-Objects-using-Top-Surfaces
-- Up-to-date: /home/purvang/Grasping-of-Unknown-Objects-using-Top-Surfaces/install/Grasping-of-Unknown-Objects-using-Top-Surfaces/share/Grasping-of-Unknown-Objects-using-Top-Surfaces/cmake/Grasping-of-Unknown-Objects-using-Top-SurfacesConfig.cmake
-- Up-to-date: /home/purvang/Grasping-of-Unknown-Objects-using-Top-Surfaces/install/Grasping-of-Unknown-Objects-using-Top-Surfaces/share/Grasping-of-Unknown-Objects-using-Top-Surfaces/cmake/Grasping-of-Unknown-Objects-using-Top-SurfacesConfig-version.cmake
-- Up-to-date: /home/purvang/Grasping-of-Unknown-Objects-using-Top-Surfaces/install/Grasping-of-Unknown-Objects-using-Top-Surfaces/share/Grasping-of-Unknown-Objects-using-Top-Surfaces/package.xml
