[35m[1mConsolidate compiler generated dependencies of target PointCloudProcessor[0m
[ 50%] [32mBuilding CXX object CMakeFiles/PointCloudProcessor.dir/src/main.cpp.o[0m
[01m[K/home/purvang/vbrm-dr/src/main.cpp:[m[K In member function ‘[01m[Kpcl::PointCloud<pcl::PointXYZRGB>::Ptr PointCloudProcessing::__BoundaryEstimation__(pcl::PointCloud<pcl::PointXYZRGB>::Ptr) const[m[K’:
[01m[K/home/purvang/vbrm-dr/src/main.cpp:174:63:[m[K [01;31m[Kerror: [m[Kcannot convert ‘[01m[Kpcl::search::KdTree<pcl::PointXYZ>::Ptr[m[K’ {aka ‘[01m[Kstd::shared_ptr<pcl::search::KdTree<pcl::PointXYZ> >[m[K’} to ‘[01m[Kconst KdTreePtr&[m[K’ {aka ‘[01m[Kconst std::shared_ptr<pcl::search::Search<pcl::PointXYZRGB> >&[m[K’}
  174 |       ne.setSearchMethod (pcl::search::KdTree<pcl::PointXYZ>::[01;31m[KPtr (new pcl::search::KdTree<pcl::PointXYZ>)[m[K);
      |                                                               [01;31m[K^~~~~~~~~~~~~~~~~~~~~~~~~~~~~~~~~~~~~~~~~~~~[m[K
      |                                                               [01;31m[K|[m[K
      |                                                               [01;31m[Kpcl::search::KdTree<pcl::PointXYZ>::Ptr {aka std::shared_ptr<pcl::search::KdTree<pcl::PointXYZ> >}[m[K
In file included from [01m[K/usr/include/pcl-1.12/pcl/features/normal_3d.h:45[m[K,
                 from [01m[K/home/purvang/vbrm-dr/src/main.cpp:27[m[K:
[01m[K/usr/include/pcl-1.12/pcl/features/feature.h:167:41:[m[K [01;36m[Knote: [m[K  initializing argument 1 of ‘[01m[Kvoid pcl::Feature<PointInT, PointOutT>::setSearchMethod(const KdTreePtr&) [with PointInT = pcl::PointXYZRGB; PointOutT = pcl::Normal; pcl::Feature<PointInT, PointOutT>::KdTreePtr = std::shared_ptr<pcl::search::Search<pcl::PointXYZRGB> >][m[K’
  167 |       setSearchMethod ([01;36m[Kconst KdTreePtr &tree[m[K) { tree_ = tree; }
      |                        [01;36m[K~~~~~~~~~~~~~~~~~^~~~[m[K
[01m[K/home/purvang/vbrm-dr/src/main.cpp:179:12:[m[K [01;31m[Kerror: [m[K‘[01m[KBoundaryEstimation[m[K’ is not a member of ‘[01m[Kpcl[m[K’; did you mean ‘[01m[KNormalEstimation[m[K’?
  179 |       pcl::[01;31m[KBoundaryEstimation[m[K<pcl::PointXYZ, pcl::Normal, pcl::Boundary> est;
      |            [01;31m[K^~~~~~~~~~~~~~~~~~[m[K
      |            [32m[KNormalEstimation[m[K
[01m[K/home/purvang/vbrm-dr/src/main.cpp:179:44:[m[K [01;31m[Kerror: [m[Kexpected primary-expression before ‘[01m[K,[m[K’ token
  179 |       pcl::BoundaryEstimation<pcl::PointXYZ[01;31m[K,[m[K pcl::Normal, pcl::Boundary> est;
      |                                            [01;31m[K^[m[K
[01m[K/home/purvang/vbrm-dr/src/main.cpp:179:57:[m[K [01;31m[Kerror: [m[Kexpected primary-expression before ‘[01m[K,[m[K’ token
  179 |       pcl::BoundaryEstimation<pcl::PointXYZ, pcl::Normal[01;31m[K,[m[K pcl::Boundary> est;
      |                                                         [01;31m[K^[m[K
[01m[K/home/purvang/vbrm-dr/src/main.cpp:179:72:[m[K [01;31m[Kerror: [m[Kexpected primary-expression before ‘[01m[K>[m[K’ token
  179 |       pcl::BoundaryEstimation<pcl::PointXYZ, pcl::Normal, pcl::Boundary[01;31m[K>[m[K est;
      |                                                                        [01;31m[K^[m[K
[01m[K/home/purvang/vbrm-dr/src/main.cpp:179:74:[m[K [01;31m[Kerror: [m[K‘[01m[Kest[m[K’ was not declared in this scope
  179 |       pcl::BoundaryEstimation<pcl::PointXYZ, pcl::Normal, pcl::Boundary> [01;31m[Kest[m[K;
      |                                                                          [01;31m[K^~~[m[K
[01m[K/home/purvang/vbrm-dr/src/main.cpp:188:26:[m[K [01;31m[Kerror: [m[K‘[01m[Kcloudptr[m[K’ was not declared in this scope; did you mean ‘[01m[KCloudPtr[m[K’?
  188 |       for(int i = 0; i < [01;31m[Kcloudptr[m[K->points.size(); i++)
      |                          [01;31m[K^~~~~~~~[m[K
      |                          [32m[KCloudPtr[m[K
[01m[K/home/purvang/vbrm-dr/src/main.cpp:[m[K In member function ‘[01m[Kvoid PointCloudSubscriber::topic_callback(sensor_msgs::msg::PointCloud2_<std::allocator<void> >::SharedPtr) const[m[K’:
[01m[K/home/purvang/vbrm-dr/src/main.cpp:429:7:[m[K [01;31m[Kerror: [m[K‘[01m[Kcloud_proj[m[K’ was not declared in this scope
  429 |       [01;31m[Kcloud_proj[m[K = pointCloudProcessor.__ProjectInliers__(objCloudFlattend, cluster_coefficients);
      |       [01;31m[K^~~~~~~~~~[m[K
[01m[K/home/purvang/vbrm-dr/src/main.cpp:432:46:[m[K [01;31m[Kerror: [m[Kredeclaration of ‘[01m[Kpcl::PointCloud<pcl::PointXYZRGB>::Ptr cloud_projected[m[K’
  432 |       pcl::PointCloud<pcl::PointXYZRGB>::Ptr [01;31m[Kcloud_projected[m[K (new pcl::PointCloud<pcl::PointXYZRGB>);
      |                                              [01;31m[K^~~~~~~~~~~~~~~[m[K
[01m[K/home/purvang/vbrm-dr/src/main.cpp:404:46:[m[K [01;36m[Knote: [m[K‘[01m[Kpcl::PointCloud<pcl::PointXYZRGB>::Ptr cloud_projected[m[K’ previously declared here
  404 |       pcl::PointCloud<pcl::PointXYZRGB>::Ptr [01;36m[Kcloud_projected[m[K (new pcl::PointCloud<pcl::PointXYZRGB>);
      |                                              [01;36m[K^~~~~~~~~~~~~~~[m[K
gmake[2]: *** [CMakeFiles/PointCloudProcessor.dir/build.make:76: CMakeFiles/PointCloudProcessor.dir/src/main.cpp.o] Error 1
gmake[1]: *** [CMakeFiles/Makefile2:137: CMakeFiles/PointCloudProcessor.dir/all] Error 2
gmake: *** [Makefile:146: all] Error 2
