[0.033s] Invoking command in '/home/purvang/vbrm-dr/build/vbrm-dr': CMAKE_PREFIX_PATH=/opt/ros/humble /usr/local/bin/cmake --build /home/purvang/vbrm-dr/build/vbrm-dr -- -j9 -l9
[0.074s] [35m[1mConsolidate compiler generated dependencies of target PointCloudProcessor[0m
[0.114s] [ 50%] [32mBuilding CXX object CMakeFiles/PointCloudProcessor.dir/src/main.cpp.o[0m
[7.659s] [01m[K/home/purvang/vbrm-dr/src/main.cpp:[m[K In member function ‘[01m[Kpcl::PointCloud<pcl::PointXYZRGB>::Ptr PointCloudProcessing::__Projection__(pcl::PointCloud<pcl::PointXYZRGB>::Ptr) const[m[K’:
[7.659s] [01m[K/home/purvang/vbrm-dr/src/main.cpp:161:30:[m[K [01;31m[Kerror: [m[K‘[01m[KcloudPtr[m[K’ was not declared in this scope; did you mean ‘[01m[KCloudPtr[m[K’?
[7.659s]   161 |       project.setInputCloud ([01;31m[KcloudPtr[m[K);
[7.659s]       |                              [01;31m[K^~~~~~~~[m[K
[7.659s]       |                              [32m[KCloudPtr[m[K
[7.659s] [01m[K/home/purvang/vbrm-dr/src/main.cpp:150:98:[m[K [01;35m[Kwarning: [m[Kunused parameter ‘[01m[KCloudPtr[m[K’ [[01;35m[K]8;;https://gcc.gnu.org/onlinedocs/gcc/Warning-Options.html#index-Wunused-parameter-Wunused-parameter]8;;[m[K]
[7.660s]   150 |     pcl::PointCloud<pcl::PointXYZRGB>::Ptr __Projection__([01;35m[Kpcl::PointCloud<pcl::PointXYZRGB>::Ptr CloudPtr[m[K)const
[7.660s]       |                                                           [01;35m[K~~~~~~~~~~~~~~~~~~~~~~~~~~~~~~~~~~~~~~~^~~~~~~~[m[K
[7.680s] [01m[K/home/purvang/vbrm-dr/src/main.cpp:[m[K In member function ‘[01m[Kpcl::PointCloud<pcl::PointXYZRGB>::Ptr PointCloudProcessing::__BoundaryEstimation__(pcl::PointCloud<pcl::PointXYZRGB>::Ptr) const[m[K’:
[7.680s] [01m[K/home/purvang/vbrm-dr/src/main.cpp:173:25:[m[K [01;31m[Kerror: [m[K‘[01m[Kcloudptr[m[K’ was not declared in this scope; did you mean ‘[01m[KCloudPtr[m[K’?
[7.680s]   173 |       ne.setInputCloud ([01;31m[Kcloudptr[m[K);
[7.680s]       |                         [01;31m[K^~~~~~~~[m[K
[7.680s]       |                         [32m[KCloudPtr[m[K
[7.697s] [01m[K/home/purvang/vbrm-dr/src/main.cpp:179:12:[m[K [01;31m[Kerror: [m[K‘[01m[KBoundaryEstimation[m[K’ is not a member of ‘[01m[Kpcl[m[K’; did you mean ‘[01m[KNormalEstimation[m[K’?
[7.697s]   179 |       pcl::[01;31m[KBoundaryEstimation[m[K<pcl::PointXYZ, pcl::Normal, pcl::Boundary> est;
[7.697s]       |            [01;31m[K^~~~~~~~~~~~~~~~~~[m[K
[7.697s]       |            [32m[KNormalEstimation[m[K
[7.697s] [01m[K/home/purvang/vbrm-dr/src/main.cpp:179:44:[m[K [01;31m[Kerror: [m[Kexpected primary-expression before ‘[01m[K,[m[K’ token
[7.697s]   179 |       pcl::BoundaryEstimation<pcl::PointXYZ[01;31m[K,[m[K pcl::Normal, pcl::Boundary> est;
[7.698s]       |                                            [01;31m[K^[m[K
[7.698s] [01m[K/home/purvang/vbrm-dr/src/main.cpp:179:57:[m[K [01;31m[Kerror: [m[Kexpected primary-expression before ‘[01m[K,[m[K’ token
[7.698s]   179 |       pcl::BoundaryEstimation<pcl::PointXYZ, pcl::Normal[01;31m[K,[m[K pcl::Boundary> est;
[7.698s]       |                                                         [01;31m[K^[m[K
[7.698s] [01m[K/home/purvang/vbrm-dr/src/main.cpp:179:72:[m[K [01;31m[Kerror: [m[Kexpected primary-expression before ‘[01m[K>[m[K’ token
[7.698s]   179 |       pcl::BoundaryEstimation<pcl::PointXYZ, pcl::Normal, pcl::Boundary[01;31m[K>[m[K est;
[7.698s]       |                                                                        [01;31m[K^[m[K
[7.704s] [01m[K/home/purvang/vbrm-dr/src/main.cpp:179:74:[m[K [01;31m[Kerror: [m[K‘[01m[Kest[m[K’ was not declared in this scope
[7.704s]   179 |       pcl::BoundaryEstimation<pcl::PointXYZ, pcl::Normal, pcl::Boundary> [01;31m[Kest[m[K;
[7.705s]       |                                                                          [01;31m[K^~~[m[K
[7.710s] [01m[K/home/purvang/vbrm-dr/src/main.cpp:195:14:[m[K [01;31m[Kerror: [m[Kcould not convert ‘[01m[Kcloud_boundary[m[K’ from ‘[01m[Kshared_ptr<PointCloud<[01;32m[Kpcl::PointXYZ[m[K>>[m[K’ to ‘[01m[Kshared_ptr<PointCloud<[01;32m[Kpcl::PointXYZRGB[m[K>>[m[K’
[7.710s]   195 |       return [01;31m[Kcloud_boundary[m[K
[7.710s]       |              [01;31m[K^~~~~~~~~~~~~~[m[K
[7.710s]       |              [01;31m[K|[m[K
[7.711s]       |              [01;31m[Kshared_ptr<PointCloud<pcl::PointXYZ>>[m[K
[7.711s] [01m[K/home/purvang/vbrm-dr/src/main.cpp:196:5:[m[K [01;31m[Kerror: [m[Kexpected ‘[01m[K;[m[K’ before ‘[01m[K}[m[K’ token
[7.711s]   196 |     [01;31m[K}[m[K
[7.711s]       |     [01;31m[K^[m[K
[7.711s] [01m[K/home/purvang/vbrm-dr/src/main.cpp:169:106:[m[K [01;35m[Kwarning: [m[Kunused parameter ‘[01m[KCloudPtr[m[K’ [[01;35m[K]8;;https://gcc.gnu.org/onlinedocs/gcc/Warning-Options.html#index-Wunused-parameter-Wunused-parameter]8;;[m[K]
[7.711s]   169 |     pcl::PointCloud<pcl::PointXYZRGB>::Ptr __BoundaryEstimation__([01;35m[Kpcl::PointCloud<pcl::PointXYZRGB>::Ptr CloudPtr[m[K)const
[7.712s]       |                                                                   [01;35m[K~~~~~~~~~~~~~~~~~~~~~~~~~~~~~~~~~~~~~~~^~~~~~~~[m[K
[7.820s] [01m[K/home/purvang/vbrm-dr/src/main.cpp:[m[K In member function ‘[01m[Kvoid PointCloudSubscriber::topic_callback(sensor_msgs::msg::PointCloud2_<std::allocator<void> >::SharedPtr) const[m[K’:
[7.820s] [01m[K/home/purvang/vbrm-dr/src/main.cpp:429:7:[m[K [01;31m[Kerror: [m[K‘[01m[Kcloud_proj[m[K’ was not declared in this scope
[7.821s]   429 |       [01;31m[Kcloud_proj[m[K = pointCloudProcessor.__ProjectInliers__(objCloudFlattend, cluster_coefficients);
[7.821s]       |       [01;31m[K^~~~~~~~~~[m[K
[7.821s] [01m[K/home/purvang/vbrm-dr/src/main.cpp:432:46:[m[K [01;31m[Kerror: [m[Kredeclaration of ‘[01m[Kpcl::PointCloud<pcl::PointXYZRGB>::Ptr cloud_projected[m[K’
[7.821s]   432 |       pcl::PointCloud<pcl::PointXYZRGB>::Ptr [01;31m[Kcloud_projected[m[K (new pcl::PointCloud<pcl::PointXYZRGB>);
[7.821s]       |                                              [01;31m[K^~~~~~~~~~~~~~~[m[K
[7.821s] [01m[K/home/purvang/vbrm-dr/src/main.cpp:404:46:[m[K [01;36m[Knote: [m[K‘[01m[Kpcl::PointCloud<pcl::PointXYZRGB>::Ptr cloud_projected[m[K’ previously declared here
[7.822s]   404 |       pcl::PointCloud<pcl::PointXYZRGB>::Ptr [01;36m[Kcloud_projected[m[K (new pcl::PointCloud<pcl::PointXYZRGB>);
[7.822s]       |                                              [01;36m[K^~~~~~~~~~~~~~~[m[K
[13.447s] gmake[2]: *** [CMakeFiles/PointCloudProcessor.dir/build.make:76: CMakeFiles/PointCloudProcessor.dir/src/main.cpp.o] Error 1
[13.447s] gmake[1]: *** [CMakeFiles/Makefile2:137: CMakeFiles/PointCloudProcessor.dir/all] Error 2
[13.448s] gmake: *** [Makefile:146: all] Error 2
[13.449s] Invoked command in '/home/purvang/vbrm-dr/build/vbrm-dr' returned '2': CMAKE_PREFIX_PATH=/opt/ros/humble /usr/local/bin/cmake --build /home/purvang/vbrm-dr/build/vbrm-dr -- -j9 -l9
