[0.652s] DEBUG:colcon:Command line arguments: ['/usr/bin/colcon', 'build']
[0.652s] DEBUG:colcon:Parsed command line arguments: Namespace(log_base=None, log_level=None, verb_name='build', build_base='build', install_base='install', merge_install=False, symlink_install=False, test_result_base=None, continue_on_error=False, executor='parallel', parallel_workers=9, event_handlers=None, ignore_user_meta=False, metas=['./colcon.meta'], base_paths=['.'], packages_ignore=None, packages_ignore_regex=None, paths=None, packages_up_to=None, packages_up_to_regex=None, packages_above=None, packages_above_and_dependencies=None, packages_above_depth=None, packages_select_by_dep=None, packages_skip_by_dep=None, packages_skip_up_to=None, packages_select_build_failed=False, packages_skip_build_finished=False, packages_select_test_failures=False, packages_skip_test_passed=False, packages_select=None, packages_skip=None, packages_select_regex=None, packages_skip_regex=None, packages_start=None, packages_end=None, allow_overriding=[], cmake_args=None, cmake_target=None, cmake_target_skip_unavailable=False, cmake_clean_cache=False, cmake_clean_first=False, cmake_force_configure=False, ament_cmake_args=None, catkin_cmake_args=None, catkin_skip_building_tests=False, verb_parser=<colcon_defaults.argument_parser.defaults.DefaultArgumentsDecorator object at 0x7f5ce0103340>, verb_extension=<colcon_core.verb.build.BuildVerb object at 0x7f5ce0aaaf80>, main=<bound method BuildVerb.main of <colcon_core.verb.build.BuildVerb object at 0x7f5ce0aaaf80>>)
[0.696s] Level 1:colcon.colcon_core.package_discovery:discover_packages(colcon_meta) check parameters
[0.696s] Level 1:colcon.colcon_core.package_discovery:discover_packages(recursive) check parameters
[0.696s] Level 1:colcon.colcon_core.package_discovery:discover_packages(ignore) check parameters
[0.696s] Level 1:colcon.colcon_core.package_discovery:discover_packages(path) check parameters
[0.696s] Level 1:colcon.colcon_core.package_discovery:discover_packages(colcon_meta) discover
[0.696s] Level 1:colcon.colcon_core.package_discovery:discover_packages(recursive) discover
[0.696s] INFO:colcon.colcon_core.package_discovery:Crawling recursively for packages in '/home/purvang/vbrm-dr'
[0.697s] Level 1:colcon.colcon_core.package_identification:_identify(.) by extensions ['ignore', 'ignore_ament_install']
[0.697s] Level 1:colcon.colcon_core.package_identification:_identify(.) by extension 'ignore'
[0.697s] Level 1:colcon.colcon_core.package_identification:_identify(.) by extension 'ignore_ament_install'
[0.697s] Level 1:colcon.colcon_core.package_identification:_identify(.) by extensions ['colcon_pkg']
[0.697s] Level 1:colcon.colcon_core.package_identification:_identify(.) by extension 'colcon_pkg'
[0.697s] Level 1:colcon.colcon_core.package_identification:_identify(.) by extensions ['colcon_meta']
[0.697s] Level 1:colcon.colcon_core.package_identification:_identify(.) by extension 'colcon_meta'
[0.697s] Level 1:colcon.colcon_core.package_identification:_identify(.) by extensions ['ros']
[0.697s] Level 1:colcon.colcon_core.package_identification:_identify(.) by extension 'ros'
[0.743s] DEBUG:colcon.colcon_core.package_identification:Package '.' with type 'ros.ament_cmake' and name 'vbrm-dr'
[0.744s] Level 1:colcon.colcon_core.package_discovery:discover_packages(recursive) using defaults
[0.744s] Level 1:colcon.colcon_core.package_discovery:discover_packages(ignore) discover
[0.744s] Level 1:colcon.colcon_core.package_discovery:discover_packages(ignore) using defaults
[0.744s] Level 1:colcon.colcon_core.package_discovery:discover_packages(path) discover
[0.744s] Level 1:colcon.colcon_core.package_discovery:discover_packages(path) using defaults
[0.794s] Level 1:colcon.colcon_core.package_discovery:discover_packages(prefix_path) check parameters
[0.795s] Level 1:colcon.colcon_core.package_discovery:discover_packages(prefix_path) discover
[0.801s] DEBUG:colcon.colcon_installed_package_information.package_discovery:Found 306 installed packages in /opt/ros/humble
[0.806s] Level 1:colcon.colcon_core.package_discovery:discover_packages(prefix_path) using defaults
[0.941s] Level 5:colcon.colcon_core.verb:set package 'vbrm-dr' build argument 'cmake_args' from command line to 'None'
[0.941s] Level 5:colcon.colcon_core.verb:set package 'vbrm-dr' build argument 'cmake_target' from command line to 'None'
[0.941s] Level 5:colcon.colcon_core.verb:set package 'vbrm-dr' build argument 'cmake_target_skip_unavailable' from command line to 'False'
[0.941s] Level 5:colcon.colcon_core.verb:set package 'vbrm-dr' build argument 'cmake_clean_cache' from command line to 'False'
[0.941s] Level 5:colcon.colcon_core.verb:set package 'vbrm-dr' build argument 'cmake_clean_first' from command line to 'False'
[0.942s] Level 5:colcon.colcon_core.verb:set package 'vbrm-dr' build argument 'cmake_force_configure' from command line to 'False'
[0.942s] Level 5:colcon.colcon_core.verb:set package 'vbrm-dr' build argument 'ament_cmake_args' from command line to 'None'
[0.942s] Level 5:colcon.colcon_core.verb:set package 'vbrm-dr' build argument 'catkin_cmake_args' from command line to 'None'
[0.942s] Level 5:colcon.colcon_core.verb:set package 'vbrm-dr' build argument 'catkin_skip_building_tests' from command line to 'False'
[0.942s] DEBUG:colcon.colcon_core.verb:Building package 'vbrm-dr' with the following arguments: {'ament_cmake_args': None, 'build_base': '/home/purvang/vbrm-dr/build/vbrm-dr', 'catkin_cmake_args': None, 'catkin_skip_building_tests': False, 'cmake_args': None, 'cmake_clean_cache': False, 'cmake_clean_first': False, 'cmake_force_configure': False, 'cmake_target': None, 'cmake_target_skip_unavailable': False, 'install_base': '/home/purvang/vbrm-dr/install/vbrm-dr', 'merge_install': False, 'path': '/home/purvang/vbrm-dr', 'symlink_install': False, 'test_result_base': None}
[0.944s] INFO:colcon.colcon_core.executor:Executing jobs using 'parallel' executor
[0.952s] DEBUG:colcon.colcon_parallel_executor.executor.parallel:run_until_complete
[0.953s] INFO:colcon.colcon_ros.task.ament_cmake.build:Building ROS package in '/home/purvang/vbrm-dr' with build type 'ament_cmake'
[0.953s] INFO:colcon.colcon_cmake.task.cmake.build:Building CMake package in '/home/purvang/vbrm-dr'
[0.960s] INFO:colcon.colcon_core.plugin_system:Skipping extension 'colcon_core.shell.bat': Not used on non-Windows systems
[0.961s] INFO:colcon.colcon_core.shell:Skip shell extension 'powershell' for command environment: Not usable outside of PowerShell
[0.961s] DEBUG:colcon.colcon_core.shell:Skip shell extension 'dsv' for command environment
[0.991s] DEBUG:colcon.colcon_core.event_handler.log_command:Invoking command in '/home/purvang/vbrm-dr/build/vbrm-dr': CMAKE_PREFIX_PATH=/opt/ros/humble /usr/local/bin/cmake --build /home/purvang/vbrm-dr/build/vbrm-dr -- -j9 -l9
[38.242s] DEBUG:colcon.colcon_core.event_handler.log_command:Invoked command in '/home/purvang/vbrm-dr/build/vbrm-dr' returned '0': CMAKE_PREFIX_PATH=/opt/ros/humble /usr/local/bin/cmake --build /home/purvang/vbrm-dr/build/vbrm-dr -- -j9 -l9
[38.294s] DEBUG:colcon.colcon_core.event_handler.log_command:Invoking command in '/home/purvang/vbrm-dr/build/vbrm-dr': CMAKE_PREFIX_PATH=/opt/ros/humble /usr/local/bin/cmake --install /home/purvang/vbrm-dr/build/vbrm-dr
[38.323s] Level 1:colcon.colcon_core.environment:create_environment_scripts_only(vbrm-dr)
[38.324s] DEBUG:colcon.colcon_core.event_handler.log_command:Invoked command in '/home/purvang/vbrm-dr/build/vbrm-dr' returned '0': CMAKE_PREFIX_PATH=/opt/ros/humble /usr/local/bin/cmake --install /home/purvang/vbrm-dr/build/vbrm-dr
[38.333s] Level 1:colcon.colcon_core.environment:checking '/home/purvang/vbrm-dr/install/vbrm-dr' for CMake module files
[38.335s] Level 1:colcon.colcon_core.environment:checking '/home/purvang/vbrm-dr/install/vbrm-dr' for CMake config files
[38.335s] Level 1:colcon.colcon_core.shell:create_environment_hook('vbrm-dr', 'cmake_prefix_path')
[38.339s] INFO:colcon.colcon_core.shell:Creating environment hook '/home/purvang/vbrm-dr/install/vbrm-dr/share/vbrm-dr/hook/cmake_prefix_path.ps1'
[38.340s] INFO:colcon.colcon_core.shell:Creating environment descriptor '/home/purvang/vbrm-dr/install/vbrm-dr/share/vbrm-dr/hook/cmake_prefix_path.dsv'
[38.340s] INFO:colcon.colcon_core.shell:Creating environment hook '/home/purvang/vbrm-dr/install/vbrm-dr/share/vbrm-dr/hook/cmake_prefix_path.sh'
[38.342s] Level 1:colcon.colcon_core.environment:checking '/home/purvang/vbrm-dr/install/vbrm-dr/lib'
[38.342s] Level 1:colcon.colcon_core.environment:checking '/home/purvang/vbrm-dr/install/vbrm-dr/bin'
[38.342s] Level 1:colcon.colcon_core.environment:checking '/home/purvang/vbrm-dr/install/vbrm-dr/lib/pkgconfig/vbrm-dr.pc'
[38.343s] Level 1:colcon.colcon_core.environment:checking '/home/purvang/vbrm-dr/install/vbrm-dr/lib/python3.10/site-packages'
[38.344s] Level 1:colcon.colcon_core.environment:checking '/home/purvang/vbrm-dr/install/vbrm-dr/bin'
[38.347s] INFO:colcon.colcon_core.shell:Creating package script '/home/purvang/vbrm-dr/install/vbrm-dr/share/vbrm-dr/package.ps1'
[38.348s] INFO:colcon.colcon_core.shell:Creating package descriptor '/home/purvang/vbrm-dr/install/vbrm-dr/share/vbrm-dr/package.dsv'
[38.354s] INFO:colcon.colcon_core.shell:Creating package script '/home/purvang/vbrm-dr/install/vbrm-dr/share/vbrm-dr/package.sh'
[38.355s] INFO:colcon.colcon_core.shell:Creating package script '/home/purvang/vbrm-dr/install/vbrm-dr/share/vbrm-dr/package.bash'
[38.356s] INFO:colcon.colcon_core.shell:Creating package script '/home/purvang/vbrm-dr/install/vbrm-dr/share/vbrm-dr/package.zsh'
[38.357s] Level 1:colcon.colcon_core.environment:create_file_with_runtime_dependencies(/home/purvang/vbrm-dr/install/vbrm-dr/share/colcon-core/packages/vbrm-dr)
[38.402s] Level 1:colcon.colcon_core.environment:create_environment_scripts_only(vbrm-dr)
[38.409s] Level 1:colcon.colcon_core.environment:checking '/home/purvang/vbrm-dr/install/vbrm-dr' for CMake module files
[38.410s] Level 1:colcon.colcon_core.environment:checking '/home/purvang/vbrm-dr/install/vbrm-dr' for CMake config files
[38.411s] Level 1:colcon.colcon_core.shell:create_environment_hook('vbrm-dr', 'cmake_prefix_path')
[38.415s] INFO:colcon.colcon_core.shell:Creating environment hook '/home/purvang/vbrm-dr/install/vbrm-dr/share/vbrm-dr/hook/cmake_prefix_path.ps1'
[38.416s] INFO:colcon.colcon_core.shell:Creating environment descriptor '/home/purvang/vbrm-dr/install/vbrm-dr/share/vbrm-dr/hook/cmake_prefix_path.dsv'
[38.417s] INFO:colcon.colcon_core.shell:Creating environment hook '/home/purvang/vbrm-dr/install/vbrm-dr/share/vbrm-dr/hook/cmake_prefix_path.sh'
[38.417s] Level 1:colcon.colcon_core.environment:checking '/home/purvang/vbrm-dr/install/vbrm-dr/lib'
[38.418s] Level 1:colcon.colcon_core.environment:checking '/home/purvang/vbrm-dr/install/vbrm-dr/bin'
[38.418s] Level 1:colcon.colcon_core.environment:checking '/home/purvang/vbrm-dr/install/vbrm-dr/lib/pkgconfig/vbrm-dr.pc'
[38.418s] Level 1:colcon.colcon_core.environment:checking '/home/purvang/vbrm-dr/install/vbrm-dr/lib/python3.10/site-packages'
[38.418s] Level 1:colcon.colcon_core.environment:checking '/home/purvang/vbrm-dr/install/vbrm-dr/bin'
[38.422s] INFO:colcon.colcon_core.shell:Creating package script '/home/purvang/vbrm-dr/install/vbrm-dr/share/vbrm-dr/package.ps1'
[38.423s] INFO:colcon.colcon_core.shell:Creating package descriptor '/home/purvang/vbrm-dr/install/vbrm-dr/share/vbrm-dr/package.dsv'
[38.424s] INFO:colcon.colcon_core.shell:Creating package script '/home/purvang/vbrm-dr/install/vbrm-dr/share/vbrm-dr/package.sh'
[38.425s] INFO:colcon.colcon_core.shell:Creating package script '/home/purvang/vbrm-dr/install/vbrm-dr/share/vbrm-dr/package.bash'
[38.426s] INFO:colcon.colcon_core.shell:Creating package script '/home/purvang/vbrm-dr/install/vbrm-dr/share/vbrm-dr/package.zsh'
[38.427s] Level 1:colcon.colcon_core.environment:create_file_with_runtime_dependencies(/home/purvang/vbrm-dr/install/vbrm-dr/share/colcon-core/packages/vbrm-dr)
[38.429s] DEBUG:colcon.colcon_parallel_executor.executor.parallel:closing loop
[38.430s] DEBUG:colcon.colcon_parallel_executor.executor.parallel:loop closed
[38.430s] DEBUG:colcon.colcon_parallel_executor.executor.parallel:run_until_complete finished with '0'
[38.430s] DEBUG:colcon.colcon_core.event_reactor:joining thread
[38.441s] INFO:colcon.colcon_core.plugin_system:Skipping extension 'colcon_notification.desktop_notification.terminal_notifier': Not used on non-Darwin systems
[38.441s] INFO:colcon.colcon_core.plugin_system:Skipping extension 'colcon_notification.desktop_notification.win32': Not used on non-Windows systems
[38.442s] INFO:colcon.colcon_notification.desktop_notification:Sending desktop notification using 'notify2'
[38.477s] DEBUG:colcon.colcon_core.event_reactor:joined thread
[38.479s] INFO:colcon.colcon_core.shell:Creating prefix script '/home/purvang/vbrm-dr/install/local_setup.ps1'
[38.481s] INFO:colcon.colcon_core.shell:Creating prefix util module '/home/purvang/vbrm-dr/install/_local_setup_util_ps1.py'
[38.484s] INFO:colcon.colcon_core.shell:Creating prefix chain script '/home/purvang/vbrm-dr/install/setup.ps1'
[38.487s] INFO:colcon.colcon_core.shell:Creating prefix script '/home/purvang/vbrm-dr/install/local_setup.sh'
[38.488s] INFO:colcon.colcon_core.shell:Creating prefix util module '/home/purvang/vbrm-dr/install/_local_setup_util_sh.py'
[38.489s] INFO:colcon.colcon_core.shell:Creating prefix chain script '/home/purvang/vbrm-dr/install/setup.sh'
[38.493s] INFO:colcon.colcon_core.shell:Creating prefix script '/home/purvang/vbrm-dr/install/local_setup.bash'
[38.493s] INFO:colcon.colcon_core.shell:Creating prefix chain script '/home/purvang/vbrm-dr/install/setup.bash'
[38.496s] INFO:colcon.colcon_core.shell:Creating prefix script '/home/purvang/vbrm-dr/install/local_setup.zsh'
[38.497s] INFO:colcon.colcon_core.shell:Creating prefix chain script '/home/purvang/vbrm-dr/install/setup.zsh'
