[0.018s] Invoking command in '/home/purvang/vbrm-dr/build/vbrm-dr': CMAKE_PREFIX_PATH=/opt/ros/humble /usr/local/bin/cmake --build /home/purvang/vbrm-dr/build/vbrm-dr -- -j9 -l9
[0.062s] [35m[1mConsolidate compiler generated dependencies of target PointCloudProcessor[0m
[0.097s] [ 50%] [32mBuilding CXX object CMakeFiles/PointCloudProcessor.dir/src/main.cpp.o[0m
[17.610s] [100%] [32m[1mLinking CXX executable PointCloudProcessor[0m
[20.968s] [100%] Built target PointCloudProcessor
[20.976s] Invoked command in '/home/purvang/vbrm-dr/build/vbrm-dr' returned '0': CMAKE_PREFIX_PATH=/opt/ros/humble /usr/local/bin/cmake --build /home/purvang/vbrm-dr/build/vbrm-dr -- -j9 -l9
[21.004s] Invoking command in '/home/purvang/vbrm-dr/build/vbrm-dr': CMAKE_PREFIX_PATH=/opt/ros/humble /usr/local/bin/cmake --install /home/purvang/vbrm-dr/build/vbrm-dr
[21.006s] -- Install configuration: ""
[21.007s] -- Installing: /home/purvang/vbrm-dr/install/vbrm-dr/lib/vbrm-dr/PointCloudProcessor
[21.012s] -- Set runtime path of "/home/purvang/vbrm-dr/install/vbrm-dr/lib/vbrm-dr/PointCloudProcessor" to ""
[21.012s] -- Up-to-date: /home/purvang/vbrm-dr/install/vbrm-dr/share/vbrm-dr/launch
[21.012s] -- Up-to-date: /home/purvang/vbrm-dr/install/vbrm-dr/share/vbrm-dr/launch/simulation.launch.py
[21.012s] -- Up-to-date: /home/purvang/vbrm-dr/install/vbrm-dr/share/vbrm-dr/worlds
[21.013s] -- Up-to-date: /home/purvang/vbrm-dr/install/vbrm-dr/share/vbrm-dr/worlds/simulation.world
[21.013s] -- Up-to-date: /home/purvang/vbrm-dr/install/vbrm-dr/share/vbrm-dr/urdf
[21.013s] -- Up-to-date: /home/purvang/vbrm-dr/install/vbrm-dr/share/vbrm-dr/urdf/camera.urdf
[21.013s] -- Up-to-date: /home/purvang/vbrm-dr/install/vbrm-dr/share/ament_index/resource_index/package_run_dependencies/vbrm-dr
[21.014s] -- Up-to-date: /home/purvang/vbrm-dr/install/vbrm-dr/share/ament_index/resource_index/parent_prefix_path/vbrm-dr
[21.014s] -- Up-to-date: /home/purvang/vbrm-dr/install/vbrm-dr/share/vbrm-dr/environment/ament_prefix_path.sh
[21.014s] -- Up-to-date: /home/purvang/vbrm-dr/install/vbrm-dr/share/vbrm-dr/environment/ament_prefix_path.dsv
[21.014s] -- Up-to-date: /home/purvang/vbrm-dr/install/vbrm-dr/share/vbrm-dr/environment/path.sh
[21.014s] -- Up-to-date: /home/purvang/vbrm-dr/install/vbrm-dr/share/vbrm-dr/environment/path.dsv
[21.015s] -- Up-to-date: /home/purvang/vbrm-dr/install/vbrm-dr/share/vbrm-dr/local_setup.bash
[21.015s] -- Up-to-date: /home/purvang/vbrm-dr/install/vbrm-dr/share/vbrm-dr/local_setup.sh
[21.015s] -- Up-to-date: /home/purvang/vbrm-dr/install/vbrm-dr/share/vbrm-dr/local_setup.zsh
[21.015s] -- Up-to-date: /home/purvang/vbrm-dr/install/vbrm-dr/share/vbrm-dr/local_setup.dsv
[21.016s] -- Installing: /home/purvang/vbrm-dr/install/vbrm-dr/share/vbrm-dr/package.dsv
[21.016s] -- Up-to-date: /home/purvang/vbrm-dr/install/vbrm-dr/share/ament_index/resource_index/packages/vbrm-dr
[21.016s] -- Up-to-date: /home/purvang/vbrm-dr/install/vbrm-dr/share/vbrm-dr/cmake/vbrm-drConfig.cmake
[21.016s] -- Up-to-date: /home/purvang/vbrm-dr/install/vbrm-dr/share/vbrm-dr/cmake/vbrm-drConfig-version.cmake
[21.017s] -- Up-to-date: /home/purvang/vbrm-dr/install/vbrm-dr/share/vbrm-dr/package.xml
[21.017s] Invoked command in '/home/purvang/vbrm-dr/build/vbrm-dr' returned '0': CMAKE_PREFIX_PATH=/opt/ros/humble /usr/local/bin/cmake --install /home/purvang/vbrm-dr/build/vbrm-dr
