[0.421s] DEBUG:colcon:Command line arguments: ['/usr/bin/colcon', 'build']
[0.421s] DEBUG:colcon:Parsed command line arguments: Namespace(log_base=None, log_level=None, verb_name='build', build_base='build', install_base='install', merge_install=False, symlink_install=False, test_result_base=None, continue_on_error=False, executor='parallel', parallel_workers=9, event_handlers=None, ignore_user_meta=False, metas=['./colcon.meta'], base_paths=['.'], packages_ignore=None, packages_ignore_regex=None, paths=None, packages_up_to=None, packages_up_to_regex=None, packages_above=None, packages_above_and_dependencies=None, packages_above_depth=None, packages_select_by_dep=None, packages_skip_by_dep=None, packages_skip_up_to=None, packages_select_build_failed=False, packages_skip_build_finished=False, packages_select_test_failures=False, packages_skip_test_passed=False, packages_select=None, packages_skip=None, packages_select_regex=None, packages_skip_regex=None, packages_start=None, packages_end=None, allow_overriding=[], cmake_args=None, cmake_target=None, cmake_target_skip_unavailable=False, cmake_clean_cache=False, cmake_clean_first=False, cmake_force_configure=False, ament_cmake_args=None, catkin_cmake_args=None, catkin_skip_building_tests=False, verb_parser=<colcon_defaults.argument_parser.defaults.DefaultArgumentsDecorator object at 0x7fa545ef7400>, verb_extension=<colcon_core.verb.build.BuildVerb object at 0x7fa54689ef50>, main=<bound method BuildVerb.main of <colcon_core.verb.build.BuildVerb object at 0x7fa54689ef50>>)
[0.448s] Level 1:colcon.colcon_core.package_discovery:discover_packages(colcon_meta) check parameters
[0.448s] Level 1:colcon.colcon_core.package_discovery:discover_packages(recursive) check parameters
[0.448s] Level 1:colcon.colcon_core.package_discovery:discover_packages(ignore) check parameters
[0.448s] Level 1:colcon.colcon_core.package_discovery:discover_packages(path) check parameters
[0.448s] Level 1:colcon.colcon_core.package_discovery:discover_packages(colcon_meta) discover
[0.448s] Level 1:colcon.colcon_core.package_discovery:discover_packages(recursive) discover
[0.448s] INFO:colcon.colcon_core.package_discovery:Crawling recursively for packages in '/home/purvang/Grasping-of-Unknown-Objects-using-Top-Surfaces'
[0.448s] Level 1:colcon.colcon_core.package_identification:_identify(.) by extensions ['ignore', 'ignore_ament_install']
[0.448s] Level 1:colcon.colcon_core.package_identification:_identify(.) by extension 'ignore'
[0.449s] Level 1:colcon.colcon_core.package_identification:_identify(.) by extension 'ignore_ament_install'
[0.449s] Level 1:colcon.colcon_core.package_identification:_identify(.) by extensions ['colcon_pkg']
[0.449s] Level 1:colcon.colcon_core.package_identification:_identify(.) by extension 'colcon_pkg'
[0.449s] Level 1:colcon.colcon_core.package_identification:_identify(.) by extensions ['colcon_meta']
[0.449s] Level 1:colcon.colcon_core.package_identification:_identify(.) by extension 'colcon_meta'
[0.449s] Level 1:colcon.colcon_core.package_identification:_identify(.) by extensions ['ros']
[0.449s] Level 1:colcon.colcon_core.package_identification:_identify(.) by extension 'ros'
[0.474s] DEBUG:colcon.colcon_core.package_identification:Package '.' with type 'ros.ament_cmake' and name 'Grasping-of-Unknown-Objects-using-Top-Surfaces'
[0.474s] Level 1:colcon.colcon_core.package_discovery:discover_packages(recursive) using defaults
[0.474s] Level 1:colcon.colcon_core.package_discovery:discover_packages(ignore) discover
[0.474s] Level 1:colcon.colcon_core.package_discovery:discover_packages(ignore) using defaults
[0.474s] Level 1:colcon.colcon_core.package_discovery:discover_packages(path) discover
[0.474s] Level 1:colcon.colcon_core.package_discovery:discover_packages(path) using defaults
[0.511s] Level 1:colcon.colcon_core.package_discovery:discover_packages(prefix_path) check parameters
[0.511s] Level 1:colcon.colcon_core.package_discovery:discover_packages(prefix_path) discover
[0.517s] DEBUG:colcon.colcon_installed_package_information.package_discovery:Found 2 installed packages in /home/purvang/Grasping-of-Unknown-Objects-using-Top-Surfaces/install
[0.520s] DEBUG:colcon.colcon_installed_package_information.package_discovery:Found 306 installed packages in /opt/ros/humble
[0.523s] Level 1:colcon.colcon_core.package_discovery:discover_packages(prefix_path) using defaults
[0.624s] Level 5:colcon.colcon_core.verb:set package 'Grasping-of-Unknown-Objects-using-Top-Surfaces' build argument 'cmake_args' from command line to 'None'
[0.625s] Level 5:colcon.colcon_core.verb:set package 'Grasping-of-Unknown-Objects-using-Top-Surfaces' build argument 'cmake_target' from command line to 'None'
[0.625s] Level 5:colcon.colcon_core.verb:set package 'Grasping-of-Unknown-Objects-using-Top-Surfaces' build argument 'cmake_target_skip_unavailable' from command line to 'False'
[0.625s] Level 5:colcon.colcon_core.verb:set package 'Grasping-of-Unknown-Objects-using-Top-Surfaces' build argument 'cmake_clean_cache' from command line to 'False'
[0.625s] Level 5:colcon.colcon_core.verb:set package 'Grasping-of-Unknown-Objects-using-Top-Surfaces' build argument 'cmake_clean_first' from command line to 'False'
[0.625s] Level 5:colcon.colcon_core.verb:set package 'Grasping-of-Unknown-Objects-using-Top-Surfaces' build argument 'cmake_force_configure' from command line to 'False'
[0.625s] Level 5:colcon.colcon_core.verb:set package 'Grasping-of-Unknown-Objects-using-Top-Surfaces' build argument 'ament_cmake_args' from command line to 'None'
[0.625s] Level 5:colcon.colcon_core.verb:set package 'Grasping-of-Unknown-Objects-using-Top-Surfaces' build argument 'catkin_cmake_args' from command line to 'None'
[0.625s] Level 5:colcon.colcon_core.verb:set package 'Grasping-of-Unknown-Objects-using-Top-Surfaces' build argument 'catkin_skip_building_tests' from command line to 'False'
[0.625s] DEBUG:colcon.colcon_core.verb:Building package 'Grasping-of-Unknown-Objects-using-Top-Surfaces' with the following arguments: {'ament_cmake_args': None, 'build_base': '/home/purvang/Grasping-of-Unknown-Objects-using-Top-Surfaces/build/Grasping-of-Unknown-Objects-using-Top-Surfaces', 'catkin_cmake_args': None, 'catkin_skip_building_tests': False, 'cmake_args': None, 'cmake_clean_cache': False, 'cmake_clean_first': False, 'cmake_force_configure': False, 'cmake_target': None, 'cmake_target_skip_unavailable': False, 'install_base': '/home/purvang/Grasping-of-Unknown-Objects-using-Top-Surfaces/install/Grasping-of-Unknown-Objects-using-Top-Surfaces', 'merge_install': False, 'path': '/home/purvang/Grasping-of-Unknown-Objects-using-Top-Surfaces', 'symlink_install': False, 'test_result_base': None}
[0.626s] INFO:colcon.colcon_core.executor:Executing jobs using 'parallel' executor
[0.632s] DEBUG:colcon.colcon_parallel_executor.executor.parallel:run_until_complete
[0.632s] INFO:colcon.colcon_ros.task.ament_cmake.build:Building ROS package in '/home/purvang/Grasping-of-Unknown-Objects-using-Top-Surfaces' with build type 'ament_cmake'
[0.632s] INFO:colcon.colcon_cmake.task.cmake.build:Building CMake package in '/home/purvang/Grasping-of-Unknown-Objects-using-Top-Surfaces'
[0.637s] INFO:colcon.colcon_core.plugin_system:Skipping extension 'colcon_core.shell.bat': Not used on non-Windows systems
[0.638s] INFO:colcon.colcon_core.shell:Skip shell extension 'powershell' for command environment: Not usable outside of PowerShell
[0.638s] DEBUG:colcon.colcon_core.shell:Skip shell extension 'dsv' for command environment
[0.654s] DEBUG:colcon.colcon_core.event_handler.log_command:Invoking command in '/home/purvang/Grasping-of-Unknown-Objects-using-Top-Surfaces/build/Grasping-of-Unknown-Objects-using-Top-Surfaces': CMAKE_PREFIX_PATH=${CMAKE_PREFIX_PATH}:/opt/ros/humble /usr/local/bin/cmake --build /home/purvang/Grasping-of-Unknown-Objects-using-Top-Surfaces/build/Grasping-of-Unknown-Objects-using-Top-Surfaces -- -j9 -l9
[25.855s] DEBUG:colcon.colcon_core.event_handler.log_command:Invoked command in '/home/purvang/Grasping-of-Unknown-Objects-using-Top-Surfaces/build/Grasping-of-Unknown-Objects-using-Top-Surfaces' returned '0': CMAKE_PREFIX_PATH=${CMAKE_PREFIX_PATH}:/opt/ros/humble /usr/local/bin/cmake --build /home/purvang/Grasping-of-Unknown-Objects-using-Top-Surfaces/build/Grasping-of-Unknown-Objects-using-Top-Surfaces -- -j9 -l9
[25.884s] DEBUG:colcon.colcon_core.event_handler.log_command:Invoking command in '/home/purvang/Grasping-of-Unknown-Objects-using-Top-Surfaces/build/Grasping-of-Unknown-Objects-using-Top-Surfaces': CMAKE_PREFIX_PATH=${CMAKE_PREFIX_PATH}:/opt/ros/humble /usr/local/bin/cmake --install /home/purvang/Grasping-of-Unknown-Objects-using-Top-Surfaces/build/Grasping-of-Unknown-Objects-using-Top-Surfaces
[25.901s] Level 1:colcon.colcon_core.environment:create_environment_scripts_only(Grasping-of-Unknown-Objects-using-Top-Surfaces)
[25.904s] DEBUG:colcon.colcon_core.event_handler.log_command:Invoked command in '/home/purvang/Grasping-of-Unknown-Objects-using-Top-Surfaces/build/Grasping-of-Unknown-Objects-using-Top-Surfaces' returned '0': CMAKE_PREFIX_PATH=${CMAKE_PREFIX_PATH}:/opt/ros/humble /usr/local/bin/cmake --install /home/purvang/Grasping-of-Unknown-Objects-using-Top-Surfaces/build/Grasping-of-Unknown-Objects-using-Top-Surfaces
[25.908s] Level 1:colcon.colcon_core.environment:checking '/home/purvang/Grasping-of-Unknown-Objects-using-Top-Surfaces/install/Grasping-of-Unknown-Objects-using-Top-Surfaces' for CMake module files
[25.908s] Level 1:colcon.colcon_core.environment:checking '/home/purvang/Grasping-of-Unknown-Objects-using-Top-Surfaces/install/Grasping-of-Unknown-Objects-using-Top-Surfaces' for CMake config files
[25.909s] Level 1:colcon.colcon_core.shell:create_environment_hook('Grasping-of-Unknown-Objects-using-Top-Surfaces', 'cmake_prefix_path')
[25.911s] INFO:colcon.colcon_core.shell:Creating environment hook '/home/purvang/Grasping-of-Unknown-Objects-using-Top-Surfaces/install/Grasping-of-Unknown-Objects-using-Top-Surfaces/share/Grasping-of-Unknown-Objects-using-Top-Surfaces/hook/cmake_prefix_path.ps1'
[25.913s] INFO:colcon.colcon_core.shell:Creating environment descriptor '/home/purvang/Grasping-of-Unknown-Objects-using-Top-Surfaces/install/Grasping-of-Unknown-Objects-using-Top-Surfaces/share/Grasping-of-Unknown-Objects-using-Top-Surfaces/hook/cmake_prefix_path.dsv'
[25.913s] INFO:colcon.colcon_core.shell:Creating environment hook '/home/purvang/Grasping-of-Unknown-Objects-using-Top-Surfaces/install/Grasping-of-Unknown-Objects-using-Top-Surfaces/share/Grasping-of-Unknown-Objects-using-Top-Surfaces/hook/cmake_prefix_path.sh'
[25.915s] Level 1:colcon.colcon_core.environment:checking '/home/purvang/Grasping-of-Unknown-Objects-using-Top-Surfaces/install/Grasping-of-Unknown-Objects-using-Top-Surfaces/lib'
[25.915s] Level 1:colcon.colcon_core.environment:checking '/home/purvang/Grasping-of-Unknown-Objects-using-Top-Surfaces/install/Grasping-of-Unknown-Objects-using-Top-Surfaces/bin'
[25.915s] Level 1:colcon.colcon_core.environment:checking '/home/purvang/Grasping-of-Unknown-Objects-using-Top-Surfaces/install/Grasping-of-Unknown-Objects-using-Top-Surfaces/lib/pkgconfig/Grasping-of-Unknown-Objects-using-Top-Surfaces.pc'
[25.915s] Level 1:colcon.colcon_core.environment:checking '/home/purvang/Grasping-of-Unknown-Objects-using-Top-Surfaces/install/Grasping-of-Unknown-Objects-using-Top-Surfaces/lib/python3.10/site-packages'
[25.916s] Level 1:colcon.colcon_core.environment:checking '/home/purvang/Grasping-of-Unknown-Objects-using-Top-Surfaces/install/Grasping-of-Unknown-Objects-using-Top-Surfaces/bin'
[25.923s] INFO:colcon.colcon_core.shell:Creating package script '/home/purvang/Grasping-of-Unknown-Objects-using-Top-Surfaces/install/Grasping-of-Unknown-Objects-using-Top-Surfaces/share/Grasping-of-Unknown-Objects-using-Top-Surfaces/package.ps1'
[25.925s] INFO:colcon.colcon_core.shell:Creating package descriptor '/home/purvang/Grasping-of-Unknown-Objects-using-Top-Surfaces/install/Grasping-of-Unknown-Objects-using-Top-Surfaces/share/Grasping-of-Unknown-Objects-using-Top-Surfaces/package.dsv'
[25.927s] INFO:colcon.colcon_core.shell:Creating package script '/home/purvang/Grasping-of-Unknown-Objects-using-Top-Surfaces/install/Grasping-of-Unknown-Objects-using-Top-Surfaces/share/Grasping-of-Unknown-Objects-using-Top-Surfaces/package.sh'
[25.928s] INFO:colcon.colcon_core.shell:Creating package script '/home/purvang/Grasping-of-Unknown-Objects-using-Top-Surfaces/install/Grasping-of-Unknown-Objects-using-Top-Surfaces/share/Grasping-of-Unknown-Objects-using-Top-Surfaces/package.bash'
[25.929s] INFO:colcon.colcon_core.shell:Creating package script '/home/purvang/Grasping-of-Unknown-Objects-using-Top-Surfaces/install/Grasping-of-Unknown-Objects-using-Top-Surfaces/share/Grasping-of-Unknown-Objects-using-Top-Surfaces/package.zsh'
[25.930s] Level 1:colcon.colcon_core.environment:create_file_with_runtime_dependencies(/home/purvang/Grasping-of-Unknown-Objects-using-Top-Surfaces/install/Grasping-of-Unknown-Objects-using-Top-Surfaces/share/colcon-core/packages/Grasping-of-Unknown-Objects-using-Top-Surfaces)
[25.956s] Level 1:colcon.colcon_core.environment:create_environment_scripts_only(Grasping-of-Unknown-Objects-using-Top-Surfaces)
[25.959s] Level 1:colcon.colcon_core.environment:checking '/home/purvang/Grasping-of-Unknown-Objects-using-Top-Surfaces/install/Grasping-of-Unknown-Objects-using-Top-Surfaces' for CMake module files
[25.960s] Level 1:colcon.colcon_core.environment:checking '/home/purvang/Grasping-of-Unknown-Objects-using-Top-Surfaces/install/Grasping-of-Unknown-Objects-using-Top-Surfaces' for CMake config files
[25.961s] Level 1:colcon.colcon_core.shell:create_environment_hook('Grasping-of-Unknown-Objects-using-Top-Surfaces', 'cmake_prefix_path')
[25.963s] INFO:colcon.colcon_core.shell:Creating environment hook '/home/purvang/Grasping-of-Unknown-Objects-using-Top-Surfaces/install/Grasping-of-Unknown-Objects-using-Top-Surfaces/share/Grasping-of-Unknown-Objects-using-Top-Surfaces/hook/cmake_prefix_path.ps1'
[25.964s] INFO:colcon.colcon_core.shell:Creating environment descriptor '/home/purvang/Grasping-of-Unknown-Objects-using-Top-Surfaces/install/Grasping-of-Unknown-Objects-using-Top-Surfaces/share/Grasping-of-Unknown-Objects-using-Top-Surfaces/hook/cmake_prefix_path.dsv'
[25.964s] INFO:colcon.colcon_core.shell:Creating environment hook '/home/purvang/Grasping-of-Unknown-Objects-using-Top-Surfaces/install/Grasping-of-Unknown-Objects-using-Top-Surfaces/share/Grasping-of-Unknown-Objects-using-Top-Surfaces/hook/cmake_prefix_path.sh'
[25.965s] Level 1:colcon.colcon_core.environment:checking '/home/purvang/Grasping-of-Unknown-Objects-using-Top-Surfaces/install/Grasping-of-Unknown-Objects-using-Top-Surfaces/lib'
[25.965s] Level 1:colcon.colcon_core.environment:checking '/home/purvang/Grasping-of-Unknown-Objects-using-Top-Surfaces/install/Grasping-of-Unknown-Objects-using-Top-Surfaces/bin'
[25.965s] Level 1:colcon.colcon_core.environment:checking '/home/purvang/Grasping-of-Unknown-Objects-using-Top-Surfaces/install/Grasping-of-Unknown-Objects-using-Top-Surfaces/lib/pkgconfig/Grasping-of-Unknown-Objects-using-Top-Surfaces.pc'
[25.966s] Level 1:colcon.colcon_core.environment:checking '/home/purvang/Grasping-of-Unknown-Objects-using-Top-Surfaces/install/Grasping-of-Unknown-Objects-using-Top-Surfaces/lib/python3.10/site-packages'
[25.966s] Level 1:colcon.colcon_core.environment:checking '/home/purvang/Grasping-of-Unknown-Objects-using-Top-Surfaces/install/Grasping-of-Unknown-Objects-using-Top-Surfaces/bin'
[25.968s] INFO:colcon.colcon_core.shell:Creating package script '/home/purvang/Grasping-of-Unknown-Objects-using-Top-Surfaces/install/Grasping-of-Unknown-Objects-using-Top-Surfaces/share/Grasping-of-Unknown-Objects-using-Top-Surfaces/package.ps1'
[25.969s] INFO:colcon.colcon_core.shell:Creating package descriptor '/home/purvang/Grasping-of-Unknown-Objects-using-Top-Surfaces/install/Grasping-of-Unknown-Objects-using-Top-Surfaces/share/Grasping-of-Unknown-Objects-using-Top-Surfaces/package.dsv'
[25.969s] INFO:colcon.colcon_core.shell:Creating package script '/home/purvang/Grasping-of-Unknown-Objects-using-Top-Surfaces/install/Grasping-of-Unknown-Objects-using-Top-Surfaces/share/Grasping-of-Unknown-Objects-using-Top-Surfaces/package.sh'
[25.970s] INFO:colcon.colcon_core.shell:Creating package script '/home/purvang/Grasping-of-Unknown-Objects-using-Top-Surfaces/install/Grasping-of-Unknown-Objects-using-Top-Surfaces/share/Grasping-of-Unknown-Objects-using-Top-Surfaces/package.bash'
[25.970s] INFO:colcon.colcon_core.shell:Creating package script '/home/purvang/Grasping-of-Unknown-Objects-using-Top-Surfaces/install/Grasping-of-Unknown-Objects-using-Top-Surfaces/share/Grasping-of-Unknown-Objects-using-Top-Surfaces/package.zsh'
[25.970s] Level 1:colcon.colcon_core.environment:create_file_with_runtime_dependencies(/home/purvang/Grasping-of-Unknown-Objects-using-Top-Surfaces/install/Grasping-of-Unknown-Objects-using-Top-Surfaces/share/colcon-core/packages/Grasping-of-Unknown-Objects-using-Top-Surfaces)
[25.971s] DEBUG:colcon.colcon_parallel_executor.executor.parallel:closing loop
[25.971s] DEBUG:colcon.colcon_parallel_executor.executor.parallel:loop closed
[25.972s] DEBUG:colcon.colcon_parallel_executor.executor.parallel:run_until_complete finished with '0'
[25.972s] DEBUG:colcon.colcon_core.event_reactor:joining thread
[25.981s] INFO:colcon.colcon_core.plugin_system:Skipping extension 'colcon_notification.desktop_notification.terminal_notifier': Not used on non-Darwin systems
[25.981s] INFO:colcon.colcon_core.plugin_system:Skipping extension 'colcon_notification.desktop_notification.win32': Not used on non-Windows systems
[25.981s] INFO:colcon.colcon_notification.desktop_notification:Sending desktop notification using 'notify2'
[25.997s] DEBUG:colcon.colcon_core.event_reactor:joined thread
[26.000s] INFO:colcon.colcon_core.shell:Creating prefix script '/home/purvang/Grasping-of-Unknown-Objects-using-Top-Surfaces/install/local_setup.ps1'
[26.001s] INFO:colcon.colcon_core.shell:Creating prefix util module '/home/purvang/Grasping-of-Unknown-Objects-using-Top-Surfaces/install/_local_setup_util_ps1.py'
[26.004s] INFO:colcon.colcon_core.shell:Creating prefix chain script '/home/purvang/Grasping-of-Unknown-Objects-using-Top-Surfaces/install/setup.ps1'
[26.006s] INFO:colcon.colcon_core.shell:Creating prefix script '/home/purvang/Grasping-of-Unknown-Objects-using-Top-Surfaces/install/local_setup.sh'
[26.006s] INFO:colcon.colcon_core.shell:Creating prefix util module '/home/purvang/Grasping-of-Unknown-Objects-using-Top-Surfaces/install/_local_setup_util_sh.py'
[26.007s] INFO:colcon.colcon_core.shell:Creating prefix chain script '/home/purvang/Grasping-of-Unknown-Objects-using-Top-Surfaces/install/setup.sh'
[26.011s] INFO:colcon.colcon_core.shell:Creating prefix script '/home/purvang/Grasping-of-Unknown-Objects-using-Top-Surfaces/install/local_setup.bash'
[26.012s] INFO:colcon.colcon_core.shell:Creating prefix chain script '/home/purvang/Grasping-of-Unknown-Objects-using-Top-Surfaces/install/setup.bash'
[26.015s] INFO:colcon.colcon_core.shell:Creating prefix script '/home/purvang/Grasping-of-Unknown-Objects-using-Top-Surfaces/install/local_setup.zsh'
[26.016s] INFO:colcon.colcon_core.shell:Creating prefix chain script '/home/purvang/Grasping-of-Unknown-Objects-using-Top-Surfaces/install/setup.zsh'
