[1.043s] DEBUG:colcon:Command line arguments: ['/usr/bin/colcon', 'build']
[1.044s] DEBUG:colcon:Parsed command line arguments: Namespace(log_base=None, log_level=None, verb_name='build', build_base='build', install_base='install', merge_install=False, symlink_install=False, test_result_base=None, continue_on_error=False, executor='parallel', parallel_workers=9, event_handlers=None, ignore_user_meta=False, metas=['./colcon.meta'], base_paths=['.'], packages_ignore=None, packages_ignore_regex=None, paths=None, packages_up_to=None, packages_up_to_regex=None, packages_above=None, packages_above_and_dependencies=None, packages_above_depth=None, packages_select_by_dep=None, packages_skip_by_dep=None, packages_skip_up_to=None, packages_select_build_failed=False, packages_skip_build_finished=False, packages_select_test_failures=False, packages_skip_test_passed=False, packages_select=None, packages_skip=None, packages_select_regex=None, packages_skip_regex=None, packages_start=None, packages_end=None, allow_overriding=[], cmake_args=None, cmake_target=None, cmake_target_skip_unavailable=False, cmake_clean_cache=False, cmake_clean_first=False, cmake_force_configure=False, ament_cmake_args=None, catkin_cmake_args=None, catkin_skip_building_tests=False, verb_parser=<colcon_defaults.argument_parser.defaults.DefaultArgumentsDecorator object at 0x7fefebf67430>, verb_extension=<colcon_core.verb.build.BuildVerb object at 0x7fefec90ef80>, main=<bound method BuildVerb.main of <colcon_core.verb.build.BuildVerb object at 0x7fefec90ef80>>)
[1.148s] Level 1:colcon.colcon_core.package_discovery:discover_packages(colcon_meta) check parameters
[1.148s] Level 1:colcon.colcon_core.package_discovery:discover_packages(recursive) check parameters
[1.148s] Level 1:colcon.colcon_core.package_discovery:discover_packages(ignore) check parameters
[1.148s] Level 1:colcon.colcon_core.package_discovery:discover_packages(path) check parameters
[1.148s] Level 1:colcon.colcon_core.package_discovery:discover_packages(colcon_meta) discover
[1.148s] Level 1:colcon.colcon_core.package_discovery:discover_packages(recursive) discover
[1.148s] INFO:colcon.colcon_core.package_discovery:Crawling recursively for packages in '/home/purvang/Grasping-of-Unknown-Objects-using-Top-Surfaces'
[1.149s] Level 1:colcon.colcon_core.package_identification:_identify(.) by extensions ['ignore', 'ignore_ament_install']
[1.149s] Level 1:colcon.colcon_core.package_identification:_identify(.) by extension 'ignore'
[1.149s] Level 1:colcon.colcon_core.package_identification:_identify(.) by extension 'ignore_ament_install'
[1.149s] Level 1:colcon.colcon_core.package_identification:_identify(.) by extensions ['colcon_pkg']
[1.149s] Level 1:colcon.colcon_core.package_identification:_identify(.) by extension 'colcon_pkg'
[1.149s] Level 1:colcon.colcon_core.package_identification:_identify(.) by extensions ['colcon_meta']
[1.149s] Level 1:colcon.colcon_core.package_identification:_identify(.) by extension 'colcon_meta'
[1.149s] Level 1:colcon.colcon_core.package_identification:_identify(.) by extensions ['ros']
[1.149s] Level 1:colcon.colcon_core.package_identification:_identify(.) by extension 'ros'
[1.181s] DEBUG:colcon.colcon_core.package_identification:Package '.' with type 'ros.ament_cmake' and name 'vbrm-dr'
[1.181s] Level 1:colcon.colcon_core.package_discovery:discover_packages(recursive) using defaults
[1.181s] Level 1:colcon.colcon_core.package_discovery:discover_packages(ignore) discover
[1.182s] Level 1:colcon.colcon_core.package_discovery:discover_packages(ignore) using defaults
[1.182s] Level 1:colcon.colcon_core.package_discovery:discover_packages(path) discover
[1.182s] Level 1:colcon.colcon_core.package_discovery:discover_packages(path) using defaults
[1.243s] Level 1:colcon.colcon_core.package_discovery:discover_packages(prefix_path) check parameters
[1.243s] Level 1:colcon.colcon_core.package_discovery:discover_packages(prefix_path) discover
[1.253s] DEBUG:colcon.colcon_installed_package_information.package_discovery:Found 306 installed packages in /opt/ros/humble
[1.256s] Level 1:colcon.colcon_core.package_discovery:discover_packages(prefix_path) using defaults
[1.349s] Level 5:colcon.colcon_core.verb:set package 'vbrm-dr' build argument 'cmake_args' from command line to 'None'
[1.349s] Level 5:colcon.colcon_core.verb:set package 'vbrm-dr' build argument 'cmake_target' from command line to 'None'
[1.349s] Level 5:colcon.colcon_core.verb:set package 'vbrm-dr' build argument 'cmake_target_skip_unavailable' from command line to 'False'
[1.349s] Level 5:colcon.colcon_core.verb:set package 'vbrm-dr' build argument 'cmake_clean_cache' from command line to 'False'
[1.349s] Level 5:colcon.colcon_core.verb:set package 'vbrm-dr' build argument 'cmake_clean_first' from command line to 'False'
[1.349s] Level 5:colcon.colcon_core.verb:set package 'vbrm-dr' build argument 'cmake_force_configure' from command line to 'False'
[1.349s] Level 5:colcon.colcon_core.verb:set package 'vbrm-dr' build argument 'ament_cmake_args' from command line to 'None'
[1.349s] Level 5:colcon.colcon_core.verb:set package 'vbrm-dr' build argument 'catkin_cmake_args' from command line to 'None'
[1.350s] Level 5:colcon.colcon_core.verb:set package 'vbrm-dr' build argument 'catkin_skip_building_tests' from command line to 'False'
[1.350s] DEBUG:colcon.colcon_core.verb:Building package 'vbrm-dr' with the following arguments: {'ament_cmake_args': None, 'build_base': '/home/purvang/Grasping-of-Unknown-Objects-using-Top-Surfaces/build/vbrm-dr', 'catkin_cmake_args': None, 'catkin_skip_building_tests': False, 'cmake_args': None, 'cmake_clean_cache': False, 'cmake_clean_first': False, 'cmake_force_configure': False, 'cmake_target': None, 'cmake_target_skip_unavailable': False, 'install_base': '/home/purvang/Grasping-of-Unknown-Objects-using-Top-Surfaces/install/vbrm-dr', 'merge_install': False, 'path': '/home/purvang/Grasping-of-Unknown-Objects-using-Top-Surfaces', 'symlink_install': False, 'test_result_base': None}
[1.351s] INFO:colcon.colcon_core.executor:Executing jobs using 'parallel' executor
[1.356s] DEBUG:colcon.colcon_parallel_executor.executor.parallel:run_until_complete
[1.356s] INFO:colcon.colcon_ros.task.ament_cmake.build:Building ROS package in '/home/purvang/Grasping-of-Unknown-Objects-using-Top-Surfaces' with build type 'ament_cmake'
[1.356s] INFO:colcon.colcon_cmake.task.cmake.build:Building CMake package in '/home/purvang/Grasping-of-Unknown-Objects-using-Top-Surfaces'
[1.370s] INFO:colcon.colcon_core.plugin_system:Skipping extension 'colcon_core.shell.bat': Not used on non-Windows systems
[1.370s] INFO:colcon.colcon_core.shell:Skip shell extension 'powershell' for command environment: Not usable outside of PowerShell
[1.370s] DEBUG:colcon.colcon_core.shell:Skip shell extension 'dsv' for command environment
[1.386s] DEBUG:colcon.colcon_core.event_handler.log_command:Invoking command in '/home/purvang/Grasping-of-Unknown-Objects-using-Top-Surfaces/build/vbrm-dr': CMAKE_PREFIX_PATH=/opt/ros/humble /usr/local/bin/cmake --build /home/purvang/Grasping-of-Unknown-Objects-using-Top-Surfaces/build/vbrm-dr -- -j9 -l9
[1.562s] DEBUG:colcon.colcon_core.event_handler.log_command:Invoked command in '/home/purvang/Grasping-of-Unknown-Objects-using-Top-Surfaces/build/vbrm-dr' returned '2': CMAKE_PREFIX_PATH=/opt/ros/humble /usr/local/bin/cmake --build /home/purvang/Grasping-of-Unknown-Objects-using-Top-Surfaces/build/vbrm-dr -- -j9 -l9
[1.586s] Level 1:colcon.colcon_core.environment:create_environment_scripts_only(vbrm-dr)
[1.613s] Level 1:colcon.colcon_core.environment:checking '/home/purvang/Grasping-of-Unknown-Objects-using-Top-Surfaces/install/vbrm-dr' for CMake module files
[1.614s] Level 1:colcon.colcon_core.environment:checking '/home/purvang/Grasping-of-Unknown-Objects-using-Top-Surfaces/install/vbrm-dr' for CMake config files
[1.614s] Level 1:colcon.colcon_core.shell:create_environment_hook('vbrm-dr', 'cmake_prefix_path')
[1.616s] INFO:colcon.colcon_core.shell:Creating environment hook '/home/purvang/Grasping-of-Unknown-Objects-using-Top-Surfaces/install/vbrm-dr/share/vbrm-dr/hook/cmake_prefix_path.ps1'
[1.618s] INFO:colcon.colcon_core.shell:Creating environment descriptor '/home/purvang/Grasping-of-Unknown-Objects-using-Top-Surfaces/install/vbrm-dr/share/vbrm-dr/hook/cmake_prefix_path.dsv'
[1.619s] INFO:colcon.colcon_core.shell:Creating environment hook '/home/purvang/Grasping-of-Unknown-Objects-using-Top-Surfaces/install/vbrm-dr/share/vbrm-dr/hook/cmake_prefix_path.sh'
[1.621s] Level 1:colcon.colcon_core.environment:checking '/home/purvang/Grasping-of-Unknown-Objects-using-Top-Surfaces/install/vbrm-dr/lib'
[1.621s] Level 1:colcon.colcon_core.environment:checking '/home/purvang/Grasping-of-Unknown-Objects-using-Top-Surfaces/install/vbrm-dr/bin'
[1.621s] Level 1:colcon.colcon_core.environment:checking '/home/purvang/Grasping-of-Unknown-Objects-using-Top-Surfaces/install/vbrm-dr/lib/pkgconfig/vbrm-dr.pc'
[1.622s] Level 1:colcon.colcon_core.environment:checking '/home/purvang/Grasping-of-Unknown-Objects-using-Top-Surfaces/install/vbrm-dr/lib/python3.10/site-packages'
[1.622s] Level 1:colcon.colcon_core.environment:checking '/home/purvang/Grasping-of-Unknown-Objects-using-Top-Surfaces/install/vbrm-dr/bin'
[1.624s] INFO:colcon.colcon_core.shell:Creating package script '/home/purvang/Grasping-of-Unknown-Objects-using-Top-Surfaces/install/vbrm-dr/share/vbrm-dr/package.ps1'
[1.625s] INFO:colcon.colcon_core.shell:Creating package descriptor '/home/purvang/Grasping-of-Unknown-Objects-using-Top-Surfaces/install/vbrm-dr/share/vbrm-dr/package.dsv'
[1.627s] INFO:colcon.colcon_core.shell:Creating package script '/home/purvang/Grasping-of-Unknown-Objects-using-Top-Surfaces/install/vbrm-dr/share/vbrm-dr/package.sh'
[1.628s] INFO:colcon.colcon_core.shell:Creating package script '/home/purvang/Grasping-of-Unknown-Objects-using-Top-Surfaces/install/vbrm-dr/share/vbrm-dr/package.bash'
[1.630s] INFO:colcon.colcon_core.shell:Creating package script '/home/purvang/Grasping-of-Unknown-Objects-using-Top-Surfaces/install/vbrm-dr/share/vbrm-dr/package.zsh'
[1.632s] Level 1:colcon.colcon_core.environment:create_file_with_runtime_dependencies(/home/purvang/Grasping-of-Unknown-Objects-using-Top-Surfaces/install/vbrm-dr/share/colcon-core/packages/vbrm-dr)
[1.643s] DEBUG:colcon.colcon_parallel_executor.executor.parallel:closing loop
[1.644s] DEBUG:colcon.colcon_parallel_executor.executor.parallel:loop closed
[1.644s] DEBUG:colcon.colcon_parallel_executor.executor.parallel:run_until_complete finished with '2'
[1.644s] DEBUG:colcon.colcon_core.event_reactor:joining thread
[1.658s] INFO:colcon.colcon_core.plugin_system:Skipping extension 'colcon_notification.desktop_notification.terminal_notifier': Not used on non-Darwin systems
[1.658s] INFO:colcon.colcon_core.plugin_system:Skipping extension 'colcon_notification.desktop_notification.win32': Not used on non-Windows systems
[1.658s] INFO:colcon.colcon_notification.desktop_notification:Sending desktop notification using 'notify2'
[1.681s] DEBUG:colcon.colcon_core.event_reactor:joined thread
[1.683s] INFO:colcon.colcon_core.shell:Creating prefix script '/home/purvang/Grasping-of-Unknown-Objects-using-Top-Surfaces/install/local_setup.ps1'
[1.684s] INFO:colcon.colcon_core.shell:Creating prefix util module '/home/purvang/Grasping-of-Unknown-Objects-using-Top-Surfaces/install/_local_setup_util_ps1.py'
[1.686s] INFO:colcon.colcon_core.shell:Creating prefix chain script '/home/purvang/Grasping-of-Unknown-Objects-using-Top-Surfaces/install/setup.ps1'
[1.690s] INFO:colcon.colcon_core.shell:Creating prefix script '/home/purvang/Grasping-of-Unknown-Objects-using-Top-Surfaces/install/local_setup.sh'
[1.692s] INFO:colcon.colcon_core.shell:Creating prefix util module '/home/purvang/Grasping-of-Unknown-Objects-using-Top-Surfaces/install/_local_setup_util_sh.py'
[1.692s] INFO:colcon.colcon_core.shell:Creating prefix chain script '/home/purvang/Grasping-of-Unknown-Objects-using-Top-Surfaces/install/setup.sh'
[1.695s] INFO:colcon.colcon_core.shell:Creating prefix script '/home/purvang/Grasping-of-Unknown-Objects-using-Top-Surfaces/install/local_setup.bash'
[1.697s] INFO:colcon.colcon_core.shell:Creating prefix chain script '/home/purvang/Grasping-of-Unknown-Objects-using-Top-Surfaces/install/setup.bash'
[1.699s] INFO:colcon.colcon_core.shell:Creating prefix script '/home/purvang/Grasping-of-Unknown-Objects-using-Top-Surfaces/install/local_setup.zsh'
[1.700s] INFO:colcon.colcon_core.shell:Creating prefix chain script '/home/purvang/Grasping-of-Unknown-Objects-using-Top-Surfaces/install/setup.zsh'
