[0.860s] DEBUG:colcon:Command line arguments: ['/usr/bin/colcon', 'build']
[0.860s] DEBUG:colcon:Parsed command line arguments: Namespace(log_base=None, log_level=None, verb_name='build', build_base='build', install_base='install', merge_install=False, symlink_install=False, test_result_base=None, continue_on_error=False, executor='parallel', parallel_workers=9, event_handlers=None, ignore_user_meta=False, metas=['./colcon.meta'], base_paths=['.'], packages_ignore=None, packages_ignore_regex=None, paths=None, packages_up_to=None, packages_up_to_regex=None, packages_above=None, packages_above_and_dependencies=None, packages_above_depth=None, packages_select_by_dep=None, packages_skip_by_dep=None, packages_skip_up_to=None, packages_select_build_failed=False, packages_skip_build_finished=False, packages_select_test_failures=False, packages_skip_test_passed=False, packages_select=None, packages_skip=None, packages_select_regex=None, packages_skip_regex=None, packages_start=None, packages_end=None, allow_overriding=[], cmake_args=None, cmake_target=None, cmake_target_skip_unavailable=False, cmake_clean_cache=False, cmake_clean_first=False, cmake_force_configure=False, ament_cmake_args=None, catkin_cmake_args=None, catkin_skip_building_tests=False, verb_parser=<colcon_defaults.argument_parser.defaults.DefaultArgumentsDecorator object at 0x7f7bead4b370>, verb_extension=<colcon_core.verb.build.BuildVerb object at 0x7f7beb6fafb0>, main=<bound method BuildVerb.main of <colcon_core.verb.build.BuildVerb object at 0x7f7beb6fafb0>>)
[0.939s] Level 1:colcon.colcon_core.package_discovery:discover_packages(colcon_meta) check parameters
[0.940s] Level 1:colcon.colcon_core.package_discovery:discover_packages(recursive) check parameters
[0.940s] Level 1:colcon.colcon_core.package_discovery:discover_packages(ignore) check parameters
[0.940s] Level 1:colcon.colcon_core.package_discovery:discover_packages(path) check parameters
[0.941s] Level 1:colcon.colcon_core.package_discovery:discover_packages(colcon_meta) discover
[0.941s] Level 1:colcon.colcon_core.package_discovery:discover_packages(recursive) discover
[0.941s] INFO:colcon.colcon_core.package_discovery:Crawling recursively for packages in '/home/purvang/vbrm-dr'
[0.942s] Level 1:colcon.colcon_core.package_identification:_identify(.) by extensions ['ignore', 'ignore_ament_install']
[0.942s] Level 1:colcon.colcon_core.package_identification:_identify(.) by extension 'ignore'
[0.942s] Level 1:colcon.colcon_core.package_identification:_identify(.) by extension 'ignore_ament_install'
[0.942s] Level 1:colcon.colcon_core.package_identification:_identify(.) by extensions ['colcon_pkg']
[0.942s] Level 1:colcon.colcon_core.package_identification:_identify(.) by extension 'colcon_pkg'
[0.942s] Level 1:colcon.colcon_core.package_identification:_identify(.) by extensions ['colcon_meta']
[0.942s] Level 1:colcon.colcon_core.package_identification:_identify(.) by extension 'colcon_meta'
[0.943s] Level 1:colcon.colcon_core.package_identification:_identify(.) by extensions ['ros']
[0.943s] Level 1:colcon.colcon_core.package_identification:_identify(.) by extension 'ros'
[1.035s] DEBUG:colcon.colcon_core.package_identification:Package '.' with type 'ros.ament_cmake' and name 'vbrm-dr'
[1.035s] Level 1:colcon.colcon_core.package_discovery:discover_packages(recursive) using defaults
[1.035s] Level 1:colcon.colcon_core.package_discovery:discover_packages(ignore) discover
[1.035s] Level 1:colcon.colcon_core.package_discovery:discover_packages(ignore) using defaults
[1.036s] Level 1:colcon.colcon_core.package_discovery:discover_packages(path) discover
[1.036s] Level 1:colcon.colcon_core.package_discovery:discover_packages(path) using defaults
[1.100s] Level 1:colcon.colcon_core.package_discovery:discover_packages(prefix_path) check parameters
[1.101s] Level 1:colcon.colcon_core.package_discovery:discover_packages(prefix_path) discover
[1.115s] DEBUG:colcon.colcon_installed_package_information.package_discovery:Found 306 installed packages in /opt/ros/humble
[1.119s] Level 1:colcon.colcon_core.package_discovery:discover_packages(prefix_path) using defaults
[1.302s] Level 5:colcon.colcon_core.verb:set package 'vbrm-dr' build argument 'cmake_args' from command line to 'None'
[1.302s] Level 5:colcon.colcon_core.verb:set package 'vbrm-dr' build argument 'cmake_target' from command line to 'None'
[1.302s] Level 5:colcon.colcon_core.verb:set package 'vbrm-dr' build argument 'cmake_target_skip_unavailable' from command line to 'False'
[1.302s] Level 5:colcon.colcon_core.verb:set package 'vbrm-dr' build argument 'cmake_clean_cache' from command line to 'False'
[1.302s] Level 5:colcon.colcon_core.verb:set package 'vbrm-dr' build argument 'cmake_clean_first' from command line to 'False'
[1.302s] Level 5:colcon.colcon_core.verb:set package 'vbrm-dr' build argument 'cmake_force_configure' from command line to 'False'
[1.302s] Level 5:colcon.colcon_core.verb:set package 'vbrm-dr' build argument 'ament_cmake_args' from command line to 'None'
[1.302s] Level 5:colcon.colcon_core.verb:set package 'vbrm-dr' build argument 'catkin_cmake_args' from command line to 'None'
[1.303s] Level 5:colcon.colcon_core.verb:set package 'vbrm-dr' build argument 'catkin_skip_building_tests' from command line to 'False'
[1.303s] DEBUG:colcon.colcon_core.verb:Building package 'vbrm-dr' with the following arguments: {'ament_cmake_args': None, 'build_base': '/home/purvang/vbrm-dr/build/vbrm-dr', 'catkin_cmake_args': None, 'catkin_skip_building_tests': False, 'cmake_args': None, 'cmake_clean_cache': False, 'cmake_clean_first': False, 'cmake_force_configure': False, 'cmake_target': None, 'cmake_target_skip_unavailable': False, 'install_base': '/home/purvang/vbrm-dr/install/vbrm-dr', 'merge_install': False, 'path': '/home/purvang/vbrm-dr', 'symlink_install': False, 'test_result_base': None}
[1.304s] INFO:colcon.colcon_core.executor:Executing jobs using 'parallel' executor
[1.314s] DEBUG:colcon.colcon_parallel_executor.executor.parallel:run_until_complete
[1.314s] INFO:colcon.colcon_ros.task.ament_cmake.build:Building ROS package in '/home/purvang/vbrm-dr' with build type 'ament_cmake'
[1.314s] INFO:colcon.colcon_cmake.task.cmake.build:Building CMake package in '/home/purvang/vbrm-dr'
[1.323s] INFO:colcon.colcon_core.plugin_system:Skipping extension 'colcon_core.shell.bat': Not used on non-Windows systems
[1.324s] INFO:colcon.colcon_core.shell:Skip shell extension 'powershell' for command environment: Not usable outside of PowerShell
[1.324s] DEBUG:colcon.colcon_core.shell:Skip shell extension 'dsv' for command environment
[1.362s] DEBUG:colcon.colcon_core.event_handler.log_command:Invoking command in '/home/purvang/vbrm-dr/build/vbrm-dr': CMAKE_PREFIX_PATH=/opt/ros/humble /usr/local/bin/cmake --build /home/purvang/vbrm-dr/build/vbrm-dr -- -j9 -l9
[50.574s] DEBUG:colcon.colcon_core.event_handler.log_command:Invoked command in '/home/purvang/vbrm-dr/build/vbrm-dr' returned '0': CMAKE_PREFIX_PATH=/opt/ros/humble /usr/local/bin/cmake --build /home/purvang/vbrm-dr/build/vbrm-dr -- -j9 -l9
[50.622s] DEBUG:colcon.colcon_core.event_handler.log_command:Invoking command in '/home/purvang/vbrm-dr/build/vbrm-dr': CMAKE_PREFIX_PATH=/opt/ros/humble /usr/local/bin/cmake --install /home/purvang/vbrm-dr/build/vbrm-dr
[50.643s] Level 1:colcon.colcon_core.environment:create_environment_scripts_only(vbrm-dr)
[50.645s] DEBUG:colcon.colcon_core.event_handler.log_command:Invoked command in '/home/purvang/vbrm-dr/build/vbrm-dr' returned '0': CMAKE_PREFIX_PATH=/opt/ros/humble /usr/local/bin/cmake --install /home/purvang/vbrm-dr/build/vbrm-dr
[50.652s] Level 1:colcon.colcon_core.environment:checking '/home/purvang/vbrm-dr/install/vbrm-dr' for CMake module files
[50.652s] Level 1:colcon.colcon_core.environment:checking '/home/purvang/vbrm-dr/install/vbrm-dr' for CMake config files
[50.653s] Level 1:colcon.colcon_core.shell:create_environment_hook('vbrm-dr', 'cmake_prefix_path')
[50.655s] INFO:colcon.colcon_core.shell:Creating environment hook '/home/purvang/vbrm-dr/install/vbrm-dr/share/vbrm-dr/hook/cmake_prefix_path.ps1'
[50.662s] INFO:colcon.colcon_core.shell:Creating environment descriptor '/home/purvang/vbrm-dr/install/vbrm-dr/share/vbrm-dr/hook/cmake_prefix_path.dsv'
[50.662s] INFO:colcon.colcon_core.shell:Creating environment hook '/home/purvang/vbrm-dr/install/vbrm-dr/share/vbrm-dr/hook/cmake_prefix_path.sh'
[50.664s] Level 1:colcon.colcon_core.environment:checking '/home/purvang/vbrm-dr/install/vbrm-dr/lib'
[50.664s] Level 1:colcon.colcon_core.environment:checking '/home/purvang/vbrm-dr/install/vbrm-dr/bin'
[50.664s] Level 1:colcon.colcon_core.environment:checking '/home/purvang/vbrm-dr/install/vbrm-dr/lib/pkgconfig/vbrm-dr.pc'
[50.665s] Level 1:colcon.colcon_core.environment:checking '/home/purvang/vbrm-dr/install/vbrm-dr/lib/python3.10/site-packages'
[50.666s] Level 1:colcon.colcon_core.environment:checking '/home/purvang/vbrm-dr/install/vbrm-dr/bin'
[50.669s] INFO:colcon.colcon_core.shell:Creating package script '/home/purvang/vbrm-dr/install/vbrm-dr/share/vbrm-dr/package.ps1'
[50.671s] INFO:colcon.colcon_core.shell:Creating package descriptor '/home/purvang/vbrm-dr/install/vbrm-dr/share/vbrm-dr/package.dsv'
[50.672s] INFO:colcon.colcon_core.shell:Creating package script '/home/purvang/vbrm-dr/install/vbrm-dr/share/vbrm-dr/package.sh'
[50.673s] INFO:colcon.colcon_core.shell:Creating package script '/home/purvang/vbrm-dr/install/vbrm-dr/share/vbrm-dr/package.bash'
[50.675s] INFO:colcon.colcon_core.shell:Creating package script '/home/purvang/vbrm-dr/install/vbrm-dr/share/vbrm-dr/package.zsh'
[50.676s] Level 1:colcon.colcon_core.environment:create_file_with_runtime_dependencies(/home/purvang/vbrm-dr/install/vbrm-dr/share/colcon-core/packages/vbrm-dr)
[50.726s] Level 1:colcon.colcon_core.environment:create_environment_scripts_only(vbrm-dr)
[50.730s] Level 1:colcon.colcon_core.environment:checking '/home/purvang/vbrm-dr/install/vbrm-dr' for CMake module files
[50.732s] Level 1:colcon.colcon_core.environment:checking '/home/purvang/vbrm-dr/install/vbrm-dr' for CMake config files
[50.734s] Level 1:colcon.colcon_core.shell:create_environment_hook('vbrm-dr', 'cmake_prefix_path')
[50.738s] INFO:colcon.colcon_core.shell:Creating environment hook '/home/purvang/vbrm-dr/install/vbrm-dr/share/vbrm-dr/hook/cmake_prefix_path.ps1'
[50.744s] INFO:colcon.colcon_core.shell:Creating environment descriptor '/home/purvang/vbrm-dr/install/vbrm-dr/share/vbrm-dr/hook/cmake_prefix_path.dsv'
[50.745s] INFO:colcon.colcon_core.shell:Creating environment hook '/home/purvang/vbrm-dr/install/vbrm-dr/share/vbrm-dr/hook/cmake_prefix_path.sh'
[50.747s] Level 1:colcon.colcon_core.environment:checking '/home/purvang/vbrm-dr/install/vbrm-dr/lib'
[50.747s] Level 1:colcon.colcon_core.environment:checking '/home/purvang/vbrm-dr/install/vbrm-dr/bin'
[50.747s] Level 1:colcon.colcon_core.environment:checking '/home/purvang/vbrm-dr/install/vbrm-dr/lib/pkgconfig/vbrm-dr.pc'
[50.747s] Level 1:colcon.colcon_core.environment:checking '/home/purvang/vbrm-dr/install/vbrm-dr/lib/python3.10/site-packages'
[50.748s] Level 1:colcon.colcon_core.environment:checking '/home/purvang/vbrm-dr/install/vbrm-dr/bin'
[50.751s] INFO:colcon.colcon_core.shell:Creating package script '/home/purvang/vbrm-dr/install/vbrm-dr/share/vbrm-dr/package.ps1'
[50.751s] INFO:colcon.colcon_core.shell:Creating package descriptor '/home/purvang/vbrm-dr/install/vbrm-dr/share/vbrm-dr/package.dsv'
[50.752s] INFO:colcon.colcon_core.shell:Creating package script '/home/purvang/vbrm-dr/install/vbrm-dr/share/vbrm-dr/package.sh'
[50.753s] INFO:colcon.colcon_core.shell:Creating package script '/home/purvang/vbrm-dr/install/vbrm-dr/share/vbrm-dr/package.bash'
[50.753s] INFO:colcon.colcon_core.shell:Creating package script '/home/purvang/vbrm-dr/install/vbrm-dr/share/vbrm-dr/package.zsh'
[50.754s] Level 1:colcon.colcon_core.environment:create_file_with_runtime_dependencies(/home/purvang/vbrm-dr/install/vbrm-dr/share/colcon-core/packages/vbrm-dr)
[50.754s] DEBUG:colcon.colcon_parallel_executor.executor.parallel:closing loop
[50.755s] DEBUG:colcon.colcon_parallel_executor.executor.parallel:loop closed
[50.755s] DEBUG:colcon.colcon_parallel_executor.executor.parallel:run_until_complete finished with '0'
[50.755s] DEBUG:colcon.colcon_core.event_reactor:joining thread
[50.770s] INFO:colcon.colcon_core.plugin_system:Skipping extension 'colcon_notification.desktop_notification.terminal_notifier': Not used on non-Darwin systems
[50.771s] INFO:colcon.colcon_core.plugin_system:Skipping extension 'colcon_notification.desktop_notification.win32': Not used on non-Windows systems
[50.771s] INFO:colcon.colcon_notification.desktop_notification:Sending desktop notification using 'notify2'
[50.787s] DEBUG:colcon.colcon_core.event_reactor:joined thread
[50.791s] INFO:colcon.colcon_core.shell:Creating prefix script '/home/purvang/vbrm-dr/install/local_setup.ps1'
[50.792s] INFO:colcon.colcon_core.shell:Creating prefix util module '/home/purvang/vbrm-dr/install/_local_setup_util_ps1.py'
[50.796s] INFO:colcon.colcon_core.shell:Creating prefix chain script '/home/purvang/vbrm-dr/install/setup.ps1'
[50.798s] INFO:colcon.colcon_core.shell:Creating prefix script '/home/purvang/vbrm-dr/install/local_setup.sh'
[50.799s] INFO:colcon.colcon_core.shell:Creating prefix util module '/home/purvang/vbrm-dr/install/_local_setup_util_sh.py'
[50.800s] INFO:colcon.colcon_core.shell:Creating prefix chain script '/home/purvang/vbrm-dr/install/setup.sh'
[50.816s] INFO:colcon.colcon_core.shell:Creating prefix script '/home/purvang/vbrm-dr/install/local_setup.bash'
[50.816s] INFO:colcon.colcon_core.shell:Creating prefix chain script '/home/purvang/vbrm-dr/install/setup.bash'
[50.819s] INFO:colcon.colcon_core.shell:Creating prefix script '/home/purvang/vbrm-dr/install/local_setup.zsh'
[50.820s] INFO:colcon.colcon_core.shell:Creating prefix chain script '/home/purvang/vbrm-dr/install/setup.zsh'
