[0.020s] Invoking command in '/home/purvang/vbrm-dr/build/vbrm-dr': CMAKE_PREFIX_PATH=/opt/ros/humble /usr/local/bin/cmake --build /home/purvang/vbrm-dr/build/vbrm-dr -- -j9 -l9
[0.071s] [35m[1mConsolidate compiler generated dependencies of target PointCloudProcessor[0m
[0.115s] [ 50%] [32mBuilding CXX object CMakeFiles/PointCloudProcessor.dir/src/main.cpp.o[0m
[7.086s] [01m[K/home/purvang/vbrm-dr/src/main.cpp:[m[K In member function ‘[01m[Kpcl::PointCloud<pcl::PointXYZRGB>::Ptr PointCloudProcessing::__BoundaryEstimation__(pcl::PointCloud<pcl::PointXYZRGB>::Ptr) const[m[K’:
[7.086s] [01m[K/home/purvang/vbrm-dr/src/main.cpp:179:12:[m[K [01;31m[Kerror: [m[K‘[01m[KBoundaryEstimation[m[K’ is not a member of ‘[01m[Kpcl[m[K’; did you mean ‘[01m[KNormalEstimation[m[K’?
[7.087s]   179 |       pcl::[01;31m[KBoundaryEstimation[m[K<pcl::PointXYZRGB, pcl::Normal, pcl::Boundary> est;
[7.087s]       |            [01;31m[K^~~~~~~~~~~~~~~~~~[m[K
[7.087s]       |            [32m[KNormalEstimation[m[K
[7.087s] [01m[K/home/purvang/vbrm-dr/src/main.cpp:179:47:[m[K [01;31m[Kerror: [m[Kexpected primary-expression before ‘[01m[K,[m[K’ token
[7.087s]   179 |       pcl::BoundaryEstimation<pcl::PointXYZRGB[01;31m[K,[m[K pcl::Normal, pcl::Boundary> est;
[7.087s]       |                                               [01;31m[K^[m[K
[7.087s] [01m[K/home/purvang/vbrm-dr/src/main.cpp:179:60:[m[K [01;31m[Kerror: [m[Kexpected primary-expression before ‘[01m[K,[m[K’ token
[7.087s]   179 |       pcl::BoundaryEstimation<pcl::PointXYZRGB, pcl::Normal[01;31m[K,[m[K pcl::Boundary> est;
[7.087s]       |                                                            [01;31m[K^[m[K
[7.088s] [01m[K/home/purvang/vbrm-dr/src/main.cpp:179:75:[m[K [01;31m[Kerror: [m[Kexpected primary-expression before ‘[01m[K>[m[K’ token
[7.088s]   179 |       pcl::BoundaryEstimation<pcl::PointXYZRGB, pcl::Normal, pcl::Boundary[01;31m[K>[m[K est;
[7.088s]       |                                                                           [01;31m[K^[m[K
[7.096s] [01m[K/home/purvang/vbrm-dr/src/main.cpp:179:77:[m[K [01;31m[Kerror: [m[K‘[01m[Kest[m[K’ was not declared in this scope
[7.097s]   179 |       pcl::BoundaryEstimation<pcl::PointXYZRGB, pcl::Normal, pcl::Boundary> [01;31m[Kest[m[K;
[7.097s]       |                                                                             [01;31m[K^~~[m[K
[7.106s] [01m[K/home/purvang/vbrm-dr/src/main.cpp:188:26:[m[K [01;31m[Kerror: [m[K‘[01m[Kcloudptr[m[K’ was not declared in this scope; did you mean ‘[01m[KCloudPtr[m[K’?
[7.106s]   188 |       for(int i = 0; i < [01;31m[Kcloudptr[m[K->points.size(); i++)
[7.106s]       |                          [01;31m[K^~~~~~~~[m[K
[7.106s]       |                          [32m[KCloudPtr[m[K
[7.225s] [01m[K/home/purvang/vbrm-dr/src/main.cpp:[m[K In member function ‘[01m[Kvoid PointCloudSubscriber::topic_callback(sensor_msgs::msg::PointCloud2_<std::allocator<void> >::SharedPtr) const[m[K’:
[7.225s] [01m[K/home/purvang/vbrm-dr/src/main.cpp:429:7:[m[K [01;31m[Kerror: [m[K‘[01m[Kcloud_proj[m[K’ was not declared in this scope
[7.225s]   429 |       [01;31m[Kcloud_proj[m[K = pointCloudProcessor.__ProjectInliers__(objCloudFlattend, cluster_coefficients);
[7.226s]       |       [01;31m[K^~~~~~~~~~[m[K
[7.226s] [01m[K/home/purvang/vbrm-dr/src/main.cpp:432:46:[m[K [01;31m[Kerror: [m[Kredeclaration of ‘[01m[Kpcl::PointCloud<pcl::PointXYZRGB>::Ptr cloud_projected[m[K’
[7.226s]   432 |       pcl::PointCloud<pcl::PointXYZRGB>::Ptr [01;31m[Kcloud_projected[m[K (new pcl::PointCloud<pcl::PointXYZRGB>);
[7.226s]       |                                              [01;31m[K^~~~~~~~~~~~~~~[m[K
[7.226s] [01m[K/home/purvang/vbrm-dr/src/main.cpp:404:46:[m[K [01;36m[Knote: [m[K‘[01m[Kpcl::PointCloud<pcl::PointXYZRGB>::Ptr cloud_projected[m[K’ previously declared here
[7.226s]   404 |       pcl::PointCloud<pcl::PointXYZRGB>::Ptr [01;36m[Kcloud_projected[m[K (new pcl::PointCloud<pcl::PointXYZRGB>);
[7.226s]       |                                              [01;36m[K^~~~~~~~~~~~~~~[m[K
[12.193s] gmake[2]: *** [CMakeFiles/PointCloudProcessor.dir/build.make:76: CMakeFiles/PointCloudProcessor.dir/src/main.cpp.o] Error 1
[12.193s] gmake[1]: *** [CMakeFiles/Makefile2:137: CMakeFiles/PointCloudProcessor.dir/all] Error 2
[12.193s] gmake: *** [Makefile:146: all] Error 2
[12.196s] Invoked command in '/home/purvang/vbrm-dr/build/vbrm-dr' returned '2': CMAKE_PREFIX_PATH=/opt/ros/humble /usr/local/bin/cmake --build /home/purvang/vbrm-dr/build/vbrm-dr -- -j9 -l9
