[0.020s] Invoking command in '/home/purvang/Grasping-of-Unknown-Objects-using-Top-Surfaces/build/Grasping-of-Unknown-Objects-using-Top-Surfaces': CMAKE_PREFIX_PATH=${CMAKE_PREFIX_PATH}:/opt/ros/humble /usr/local/bin/cmake --build /home/purvang/Grasping-of-Unknown-Objects-using-Top-Surfaces/build/Grasping-of-Unknown-Objects-using-Top-Surfaces -- -j9 -l9
[0.070s] [35m[1mConsolidate compiler generated dependencies of target PointCloudProcessor[0m
[0.106s] [ 50%] [32mBuilding CXX object CMakeFiles/PointCloudProcessor.dir/src/main.cpp.o[0m
[7.534s] [01m[K/home/purvang/Grasping-of-Unknown-Objects-using-Top-Surfaces/src/main.cpp:[m[K In member function ‘[01m[Kpcl::PointCloud<pcl::PointXYZRGB>::Ptr GraspQualityMatrix::getBestGraspContactPair(const Matrix3Xf&, const Matrix3Xf&, const Vector3f&, pcl::PointCloud<pcl::PointXYZRGB>::Ptr) const[m[K’:
[7.534s] [01m[K/home/purvang/Grasping-of-Unknown-Objects-using-Top-Surfaces/src/main.cpp:307:14:[m[K [01;35m[Kwarning: [m[Kvariable ‘[01m[Kbest_grasp_angles[m[K’ set but not used [[01;35m[K]8;;https://gcc.gnu.org/onlinedocs/gcc/Warning-Options.html#index-Wunused-but-set-variable-Wunused-but-set-variable]8;;[m[K]
[7.534s]   307 |       double [01;35m[Kbest_grasp_angles[m[K = 0;
[7.534s]       |              [01;35m[K^~~~~~~~~~~~~~~~~[m[K
[20.107s] [100%] [32m[1mLinking CXX executable PointCloudProcessor[0m
[23.807s] [100%] Built target PointCloudProcessor
[23.812s] Invoked command in '/home/purvang/Grasping-of-Unknown-Objects-using-Top-Surfaces/build/Grasping-of-Unknown-Objects-using-Top-Surfaces' returned '0': CMAKE_PREFIX_PATH=${CMAKE_PREFIX_PATH}:/opt/ros/humble /usr/local/bin/cmake --build /home/purvang/Grasping-of-Unknown-Objects-using-Top-Surfaces/build/Grasping-of-Unknown-Objects-using-Top-Surfaces -- -j9 -l9
[23.837s] Invoking command in '/home/purvang/Grasping-of-Unknown-Objects-using-Top-Surfaces/build/Grasping-of-Unknown-Objects-using-Top-Surfaces': CMAKE_PREFIX_PATH=${CMAKE_PREFIX_PATH}:/opt/ros/humble /usr/local/bin/cmake --install /home/purvang/Grasping-of-Unknown-Objects-using-Top-Surfaces/build/Grasping-of-Unknown-Objects-using-Top-Surfaces
[23.839s] -- Install configuration: ""
[23.840s] -- Installing: /home/purvang/Grasping-of-Unknown-Objects-using-Top-Surfaces/install/Grasping-of-Unknown-Objects-using-Top-Surfaces/lib/Grasping-of-Unknown-Objects-using-Top-Surfaces/PointCloudProcessor
[23.847s] -- Set runtime path of "/home/purvang/Grasping-of-Unknown-Objects-using-Top-Surfaces/install/Grasping-of-Unknown-Objects-using-Top-Surfaces/lib/Grasping-of-Unknown-Objects-using-Top-Surfaces/PointCloudProcessor" to ""
[23.848s] -- Up-to-date: /home/purvang/Grasping-of-Unknown-Objects-using-Top-Surfaces/install/Grasping-of-Unknown-Objects-using-Top-Surfaces/share/Grasping-of-Unknown-Objects-using-Top-Surfaces/launch
[23.848s] -- Up-to-date: /home/purvang/Grasping-of-Unknown-Objects-using-Top-Surfaces/install/Grasping-of-Unknown-Objects-using-Top-Surfaces/share/Grasping-of-Unknown-Objects-using-Top-Surfaces/launch/simulation.launch.py
[23.848s] -- Up-to-date: /home/purvang/Grasping-of-Unknown-Objects-using-Top-Surfaces/install/Grasping-of-Unknown-Objects-using-Top-Surfaces/share/Grasping-of-Unknown-Objects-using-Top-Surfaces/worlds
[23.848s] -- Up-to-date: /home/purvang/Grasping-of-Unknown-Objects-using-Top-Surfaces/install/Grasping-of-Unknown-Objects-using-Top-Surfaces/share/Grasping-of-Unknown-Objects-using-Top-Surfaces/worlds/simulation.world
[23.848s] -- Up-to-date: /home/purvang/Grasping-of-Unknown-Objects-using-Top-Surfaces/install/Grasping-of-Unknown-Objects-using-Top-Surfaces/share/Grasping-of-Unknown-Objects-using-Top-Surfaces/urdf
[23.849s] -- Up-to-date: /home/purvang/Grasping-of-Unknown-Objects-using-Top-Surfaces/install/Grasping-of-Unknown-Objects-using-Top-Surfaces/share/Grasping-of-Unknown-Objects-using-Top-Surfaces/urdf/camera.urdf
[23.849s] -- Up-to-date: /home/purvang/Grasping-of-Unknown-Objects-using-Top-Surfaces/install/Grasping-of-Unknown-Objects-using-Top-Surfaces/share/ament_index/resource_index/package_run_dependencies/Grasping-of-Unknown-Objects-using-Top-Surfaces
[23.849s] -- Up-to-date: /home/purvang/Grasping-of-Unknown-Objects-using-Top-Surfaces/install/Grasping-of-Unknown-Objects-using-Top-Surfaces/share/ament_index/resource_index/parent_prefix_path/Grasping-of-Unknown-Objects-using-Top-Surfaces
[23.849s] -- Up-to-date: /home/purvang/Grasping-of-Unknown-Objects-using-Top-Surfaces/install/Grasping-of-Unknown-Objects-using-Top-Surfaces/share/Grasping-of-Unknown-Objects-using-Top-Surfaces/environment/ament_prefix_path.sh
[23.849s] -- Up-to-date: /home/purvang/Grasping-of-Unknown-Objects-using-Top-Surfaces/install/Grasping-of-Unknown-Objects-using-Top-Surfaces/share/Grasping-of-Unknown-Objects-using-Top-Surfaces/environment/ament_prefix_path.dsv
[23.849s] -- Up-to-date: /home/purvang/Grasping-of-Unknown-Objects-using-Top-Surfaces/install/Grasping-of-Unknown-Objects-using-Top-Surfaces/share/Grasping-of-Unknown-Objects-using-Top-Surfaces/environment/path.sh
[23.850s] -- Up-to-date: /home/purvang/Grasping-of-Unknown-Objects-using-Top-Surfaces/install/Grasping-of-Unknown-Objects-using-Top-Surfaces/share/Grasping-of-Unknown-Objects-using-Top-Surfaces/environment/path.dsv
[23.850s] -- Up-to-date: /home/purvang/Grasping-of-Unknown-Objects-using-Top-Surfaces/install/Grasping-of-Unknown-Objects-using-Top-Surfaces/share/Grasping-of-Unknown-Objects-using-Top-Surfaces/local_setup.bash
[23.851s] -- Up-to-date: /home/purvang/Grasping-of-Unknown-Objects-using-Top-Surfaces/install/Grasping-of-Unknown-Objects-using-Top-Surfaces/share/Grasping-of-Unknown-Objects-using-Top-Surfaces/local_setup.sh
[23.851s] -- Up-to-date: /home/purvang/Grasping-of-Unknown-Objects-using-Top-Surfaces/install/Grasping-of-Unknown-Objects-using-Top-Surfaces/share/Grasping-of-Unknown-Objects-using-Top-Surfaces/local_setup.zsh
[23.852s] -- Up-to-date: /home/purvang/Grasping-of-Unknown-Objects-using-Top-Surfaces/install/Grasping-of-Unknown-Objects-using-Top-Surfaces/share/Grasping-of-Unknown-Objects-using-Top-Surfaces/local_setup.dsv
[23.853s] -- Installing: /home/purvang/Grasping-of-Unknown-Objects-using-Top-Surfaces/install/Grasping-of-Unknown-Objects-using-Top-Surfaces/share/Grasping-of-Unknown-Objects-using-Top-Surfaces/package.dsv
[23.853s] -- Up-to-date: /home/purvang/Grasping-of-Unknown-Objects-using-Top-Surfaces/install/Grasping-of-Unknown-Objects-using-Top-Surfaces/share/ament_index/resource_index/packages/Grasping-of-Unknown-Objects-using-Top-Surfaces
[23.854s] -- Up-to-date: /home/purvang/Grasping-of-Unknown-Objects-using-Top-Surfaces/install/Grasping-of-Unknown-Objects-using-Top-Surfaces/share/Grasping-of-Unknown-Objects-using-Top-Surfaces/cmake/Grasping-of-Unknown-Objects-using-Top-SurfacesConfig.cmake
[23.854s] -- Up-to-date: /home/purvang/Grasping-of-Unknown-Objects-using-Top-Surfaces/install/Grasping-of-Unknown-Objects-using-Top-Surfaces/share/Grasping-of-Unknown-Objects-using-Top-Surfaces/cmake/Grasping-of-Unknown-Objects-using-Top-SurfacesConfig-version.cmake
[23.855s] -- Up-to-date: /home/purvang/Grasping-of-Unknown-Objects-using-Top-Surfaces/install/Grasping-of-Unknown-Objects-using-Top-Surfaces/share/Grasping-of-Unknown-Objects-using-Top-Surfaces/package.xml
[23.855s] Invoked command in '/home/purvang/Grasping-of-Unknown-Objects-using-Top-Surfaces/build/Grasping-of-Unknown-Objects-using-Top-Surfaces' returned '0': CMAKE_PREFIX_PATH=${CMAKE_PREFIX_PATH}:/opt/ros/humble /usr/local/bin/cmake --install /home/purvang/Grasping-of-Unknown-Objects-using-Top-Surfaces/build/Grasping-of-Unknown-Objects-using-Top-Surfaces
