[0m** WARNING ** io features related to pcap will be disabled[0m
[01m[K/home/purvang/vbrm-dr/src/main.cpp:[m[K In member function ‘[01m[Kpcl::PointCloud<pcl::PointXYZRGB>::Ptr PointCloudProcessing::__Projection__(pcl::PointCloud<pcl::PointXYZRGB>::Ptr) const[m[K’:
[01m[K/home/purvang/vbrm-dr/src/main.cpp:155:26:[m[K [01;31m[Kerror: [m[K‘[01m[Kcoefficients[m[K’ was not declared in this scope
  155 |       coeff->values[0] = [01;31m[Kcoefficients[m[K->values[1] = 0;
      |                          [01;31m[K^~~~~~~~~~~~[m[K
[01m[K/home/purvang/vbrm-dr/src/main.cpp:161:30:[m[K [01;31m[Kerror: [m[K‘[01m[Kcloudptr[m[K’ was not declared in this scope; did you mean ‘[01m[KCloudPtr[m[K’?
  161 |       project.setInputCloud ([01;31m[Kcloudptr[m[K);
      |                              [01;31m[K^~~~~~~~[m[K
      |                              [32m[KCloudPtr[m[K
[01m[K/home/purvang/vbrm-dr/src/main.cpp:163:23:[m[K [01;31m[Kerror: [m[Kcannot convert ‘[01m[Kstd::__shared_ptr_access<pcl::PointCloud<pcl::PointXYZRGB>, __gnu_cxx::_S_atomic, false, false>::element_type[m[K’ {aka ‘[01m[Kpcl::PointCloud<pcl::PointXYZRGB>[m[K’} to ‘[01m[Kpcl::Filter<pcl::PointXYZ>::PointCloud&[m[K’ {aka ‘[01m[Kpcl::PointCloud<pcl::PointXYZ>&[m[K’}
  163 |       project.filter ([01;31m[K*cloud_projected[m[K);
      |                       [01;31m[K^~~~~~~~~~~~~~~~[m[K
      |                       [01;31m[K|[m[K
      |                       [01;31m[Kstd::__shared_ptr_access<pcl::PointCloud<pcl::PointXYZRGB>, __gnu_cxx::_S_atomic, false, false>::element_type {aka pcl::PointCloud<pcl::PointXYZRGB>}[m[K
In file included from [01m[K/usr/include/pcl-1.12/pcl/filters/voxel_grid.h:42[m[K,
                 from [01m[K/home/purvang/vbrm-dr/src/main.cpp:16[m[K:
[01m[K/usr/include/pcl-1.12/pcl/filters/filter.h:121:27:[m[K [01;36m[Knote: [m[K  initializing argument 1 of ‘[01m[Kvoid pcl::Filter<PointT>::filter(pcl::Filter<PointT>::PointCloud&) [with PointT = pcl::PointXYZ; pcl::Filter<PointT>::PointCloud = pcl::PointCloud<pcl::PointXYZ>][m[K’
  121 |       filter ([01;36m[KPointCloud &output[m[K)
      |               [01;36m[K~~~~~~~~~~~~^~~~~~[m[K
[01m[K/home/purvang/vbrm-dr/src/main.cpp:150:98:[m[K [01;35m[Kwarning: [m[Kunused parameter ‘[01m[KCloudPtr[m[K’ [[01;35m[K]8;;https://gcc.gnu.org/onlinedocs/gcc/Warning-Options.html#index-Wunused-parameter-Wunused-parameter]8;;[m[K]
  150 |     pcl::PointCloud<pcl::PointXYZRGB>::Ptr __Projection__([01;35m[Kpcl::PointCloud<pcl::PointXYZRGB>::Ptr CloudPtr[m[K)const
      |                                                           [01;35m[K~~~~~~~~~~~~~~~~~~~~~~~~~~~~~~~~~~~~~~~^~~~~~~~[m[K
[01m[K/home/purvang/vbrm-dr/src/main.cpp:[m[K In member function ‘[01m[Kpcl::PointCloud<pcl::PointXYZRGB>::Ptr PointCloudProcessing::__BoundaryEstimation__(pcl::PointCloud<pcl::PointXYZRGB>::Ptr) const[m[K’:
[01m[K/home/purvang/vbrm-dr/src/main.cpp:173:25:[m[K [01;31m[Kerror: [m[K‘[01m[Kcloudptr[m[K’ was not declared in this scope; did you mean ‘[01m[KCloudPtr[m[K’?
  173 |       ne.setInputCloud ([01;31m[Kcloudptr[m[K);
      |                         [01;31m[K^~~~~~~~[m[K
      |                         [32m[KCloudPtr[m[K
[01m[K/home/purvang/vbrm-dr/src/main.cpp:179:12:[m[K [01;31m[Kerror: [m[K‘[01m[KBoundaryEstimation[m[K’ is not a member of ‘[01m[Kpcl[m[K’; did you mean ‘[01m[KNormalEstimation[m[K’?
  179 |       pcl::[01;31m[KBoundaryEstimation[m[K<pcl::PointXYZ, pcl::Normal, pcl::Boundary> est;
      |            [01;31m[K^~~~~~~~~~~~~~~~~~[m[K
      |            [32m[KNormalEstimation[m[K
[01m[K/home/purvang/vbrm-dr/src/main.cpp:179:44:[m[K [01;31m[Kerror: [m[Kexpected primary-expression before ‘[01m[K,[m[K’ token
  179 |       pcl::BoundaryEstimation<pcl::PointXYZ[01;31m[K,[m[K pcl::Normal, pcl::Boundary> est;
      |                                            [01;31m[K^[m[K
[01m[K/home/purvang/vbrm-dr/src/main.cpp:179:57:[m[K [01;31m[Kerror: [m[Kexpected primary-expression before ‘[01m[K,[m[K’ token
  179 |       pcl::BoundaryEstimation<pcl::PointXYZ, pcl::Normal[01;31m[K,[m[K pcl::Boundary> est;
      |                                                         [01;31m[K^[m[K
[01m[K/home/purvang/vbrm-dr/src/main.cpp:179:72:[m[K [01;31m[Kerror: [m[Kexpected primary-expression before ‘[01m[K>[m[K’ token
  179 |       pcl::BoundaryEstimation<pcl::PointXYZ, pcl::Normal, pcl::Boundary[01;31m[K>[m[K est;
      |                                                                        [01;31m[K^[m[K
[01m[K/home/purvang/vbrm-dr/src/main.cpp:179:74:[m[K [01;31m[Kerror: [m[K‘[01m[Kest[m[K’ was not declared in this scope
  179 |       pcl::BoundaryEstimation<pcl::PointXYZ, pcl::Normal, pcl::Boundary> [01;31m[Kest[m[K;
      |                                                                          [01;31m[K^~~[m[K
[01m[K/home/purvang/vbrm-dr/src/main.cpp:195:14:[m[K [01;31m[Kerror: [m[Kcould not convert ‘[01m[Kcloud_boundary[m[K’ from ‘[01m[Kshared_ptr<PointCloud<[01;32m[Kpcl::PointXYZ[m[K>>[m[K’ to ‘[01m[Kshared_ptr<PointCloud<[01;32m[Kpcl::PointXYZRGB[m[K>>[m[K’
  195 |       return [01;31m[Kcloud_boundary[m[K
      |              [01;31m[K^~~~~~~~~~~~~~[m[K
      |              [01;31m[K|[m[K
      |              [01;31m[Kshared_ptr<PointCloud<pcl::PointXYZ>>[m[K
[01m[K/home/purvang/vbrm-dr/src/main.cpp:196:5:[m[K [01;31m[Kerror: [m[Kexpected ‘[01m[K;[m[K’ before ‘[01m[K}[m[K’ token
  196 |     [01;31m[K}[m[K
      |     [01;31m[K^[m[K
[01m[K/home/purvang/vbrm-dr/src/main.cpp:169:106:[m[K [01;35m[Kwarning: [m[Kunused parameter ‘[01m[KCloudPtr[m[K’ [[01;35m[K]8;;https://gcc.gnu.org/onlinedocs/gcc/Warning-Options.html#index-Wunused-parameter-Wunused-parameter]8;;[m[K]
  169 |     pcl::PointCloud<pcl::PointXYZRGB>::Ptr __BoundaryEstimation__([01;35m[Kpcl::PointCloud<pcl::PointXYZRGB>::Ptr CloudPtr[m[K)const
      |                                                                   [01;35m[K~~~~~~~~~~~~~~~~~~~~~~~~~~~~~~~~~~~~~~~^~~~~~~~[m[K
[01m[K/home/purvang/vbrm-dr/src/main.cpp:[m[K In member function ‘[01m[Kvoid PointCloudSubscriber::topic_callback(sensor_msgs::msg::PointCloud2_<std::allocator<void> >::SharedPtr) const[m[K’:
[01m[K/home/purvang/vbrm-dr/src/main.cpp:429:7:[m[K [01;31m[Kerror: [m[K‘[01m[Kcloud_proj[m[K’ was not declared in this scope
  429 |       [01;31m[Kcloud_proj[m[K = pointCloudProcessor.__ProjectInliers__(objCloudFlattend, cluster_coefficients);
      |       [01;31m[K^~~~~~~~~~[m[K
[01m[K/home/purvang/vbrm-dr/src/main.cpp:432:46:[m[K [01;31m[Kerror: [m[Kredeclaration of ‘[01m[Kpcl::PointCloud<pcl::PointXYZRGB>::Ptr cloud_projected[m[K’
  432 |       pcl::PointCloud<pcl::PointXYZRGB>::Ptr [01;31m[Kcloud_projected[m[K (new pcl::PointCloud<pcl::PointXYZRGB>);
      |                                              [01;31m[K^~~~~~~~~~~~~~~[m[K
[01m[K/home/purvang/vbrm-dr/src/main.cpp:404:46:[m[K [01;36m[Knote: [m[K‘[01m[Kpcl::PointCloud<pcl::PointXYZRGB>::Ptr cloud_projected[m[K’ previously declared here
  404 |       pcl::PointCloud<pcl::PointXYZRGB>::Ptr [01;36m[Kcloud_projected[m[K (new pcl::PointCloud<pcl::PointXYZRGB>);
      |                                              [01;36m[K^~~~~~~~~~~~~~~[m[K
gmake[2]: *** [CMakeFiles/PointCloudProcessor.dir/build.make:76: CMakeFiles/PointCloudProcessor.dir/src/main.cpp.o] Error 1
gmake[1]: *** [CMakeFiles/Makefile2:137: CMakeFiles/PointCloudProcessor.dir/all] Error 2
gmake: *** [Makefile:146: all] Error 2
