-- The C compiler identification is GNU 11.3.0
-- The CXX compiler identification is GNU 11.3.0
-- Detecting C compiler ABI info
-- Detecting C compiler ABI info - done
-- Check for working C compiler: /usr/bin/cc - skipped
-- Detecting C compile features
-- Detecting C compile features - done
-- Detecting CXX compiler ABI info
-- Detecting CXX compiler ABI info - done
-- Check for working CXX compiler: /usr/bin/c++ - skipped
-- Detecting CXX compile features
-- Detecting CXX compile features - done
-- Found ament_cmake: 1.3.2 (/opt/ros/humble/share/ament_cmake/cmake)
-- Found Python3: /usr/bin/python3.10 (found version "3.10.6") found components: Interpreter 
-- Found rclcpp: 16.0.1 (/opt/ros/humble/share/rclcpp/cmake)
-- Found rosidl_generator_c: 3.1.3 (/opt/ros/humble/share/rosidl_generator_c/cmake)
-- Found rosidl_adapter: 3.1.3 (/opt/ros/humble/share/rosidl_adapter/cmake)
-- Found rosidl_generator_cpp: 3.1.3 (/opt/ros/humble/share/rosidl_generator_cpp/cmake)
-- Using all available rosidl_typesupport_c: rosidl_typesupport_fastrtps_c;rosidl_typesupport_introspection_c
-- Using all available rosidl_typesupport_cpp: rosidl_typesupport_fastrtps_cpp;rosidl_typesupport_introspection_cpp
-- Found rmw_implementation_cmake: 6.1.0 (/opt/ros/humble/share/rmw_implementation_cmake/cmake)
-- Found rmw_fastrtps_cpp: 6.2.1 (/opt/ros/humble/share/rmw_fastrtps_cpp/cmake)
-- Found OpenSSL: /usr/lib/x86_64-linux-gnu/libcrypto.so (found version "3.0.2")  
-- Found FastRTPS: /opt/ros/humble/include  
-- Using RMW implementation 'rmw_fastrtps_cpp' as default
-- Found sensor_msgs: 4.2.2 (/opt/ros/humble/share/sensor_msgs/cmake)
-- Found pcl_conversions: 2.4.0 (/opt/ros/humble/share/pcl_conversions/cmake)
-- Checking for module 'eigen3'
--   Found eigen3, version 3.4.0
-- Found Eigen: /usr/include/eigen3 (Required is at least version "3.1") 
-- Eigen found (include: /usr/include/eigen3, version: 3.4.0)
-- Found Boost: /usr/lib/x86_64-linux-gnu/cmake/Boost-1.74.0/BoostConfig.cmake (found suitable version "1.74.0", minimum required is "1.65.0") found components: system filesystem date_time iostreams serialization 
-- Checking for module 'flann'
--   Found flann, version 1.9.1
-- Found FLANN: /usr/lib/x86_64-linux-gnu/libflann_cpp.so  
-- FLANN found (include: /usr/include, lib: /usr/lib/x86_64-linux-gnu/libflann_cpp.so)
-- Looking for pthread.h
-- Looking for pthread.h - found
-- Performing Test CMAKE_HAVE_LIBC_PTHREAD
-- Performing Test CMAKE_HAVE_LIBC_PTHREAD - Success
-- Found Threads: TRUE  
-- Found GLEW: /usr/lib/x86_64-linux-gnu/libGLEW.so  
-- Found OpenGL: /usr/lib/x86_64-linux-gnu/libOpenGL.so  found components: OpenGL GLX 
-- Found MPI_C: /usr/lib/x86_64-linux-gnu/libmpi.so (found version "3.1") 
-- Found MPI: TRUE (found version "3.1") found components: C 
-- Found JsonCpp: /usr/lib/x86_64-linux-gnu/libjsoncpp.so (found suitable version "1.9.5", minimum required is "0.7.0") 
-- Found ZLIB: /usr/lib/x86_64-linux-gnu/libz.so (found version "1.2.11") 
-- Found PNG: /usr/lib/x86_64-linux-gnu/libpng.so (found version "1.6.37") 
-- Found Eigen3: /usr/include/eigen3 (found version "3.4.0") 
-- Found X11: /usr/include   
-- Looking for XOpenDisplay in /usr/lib/x86_64-linux-gnu/libX11.so;/usr/lib/x86_64-linux-gnu/libXext.so
-- Looking for XOpenDisplay in /usr/lib/x86_64-linux-gnu/libX11.so;/usr/lib/x86_64-linux-gnu/libXext.so - found
-- Looking for gethostbyname
-- Looking for gethostbyname - found
-- Looking for connect
-- Looking for connect - found
-- Looking for remove
-- Looking for remove - found
-- Looking for shmat
-- Looking for shmat - found
-- Looking for IceConnectionNumber in ICE
-- Looking for IceConnectionNumber in ICE - found
-- Found EXPAT: /usr/lib/x86_64-linux-gnu/libexpat.so (found version "2.4.7") 
-- Found double-conversion: /usr/lib/x86_64-linux-gnu/libdouble-conversion.so  
-- Found LZ4: /usr/lib/x86_64-linux-gnu/liblz4.so (found version "1.9.3") 
-- Found LZMA: /usr/lib/x86_64-linux-gnu/liblzma.so (found version "5.2.5") 
-- Found JPEG: /usr/lib/x86_64-linux-gnu/libjpeg.so (found version "80") 
-- Found TIFF: /usr/lib/x86_64-linux-gnu/libtiff.so (found version "4.3.0")  
-- Found Freetype: /usr/lib/x86_64-linux-gnu/libfreetype.so (found version "2.11.1") 
-- Found utf8cpp: /usr/include/utf8cpp  
-- Checking for module 'libusb-1.0'
--   Found libusb-1.0, version 1.0.25
-- Found libusb: /usr/lib/x86_64-linux-gnu/libusb-1.0.so  
-- Found OpenNI: /usr/lib/libOpenNI.so;libusb::libusb (found version "1.5.4.0") 
-- OpenNI found (version: 1.5.4.0, include: /usr/include/ni, lib: /usr/lib/libOpenNI.so;libusb::libusb)
-- Found OpenNI2: /usr/lib/x86_64-linux-gnu/libOpenNI2.so;libusb::libusb (found version "2.2.0.33") 
-- OpenNI2 found (version: 2.2.0.33, include: /usr/include/openni2, lib: /usr/lib/x86_64-linux-gnu/libOpenNI2.so;libusb::libusb)
[0m** WARNING ** io features related to pcap will be disabled[0m
-- Eigen found (include: /usr/include/eigen3, version: 3.4.0)
-- OpenNI found (version: 1.5.4.0, include: /usr/include/ni, lib: /usr/lib/libOpenNI.so;libusb::libusb)
-- OpenNI2 found (version: 2.2.0.33, include: /usr/include/openni2, lib: /usr/lib/x86_64-linux-gnu/libOpenNI2.so;libusb::libusb)
-- Found Qhull version 8.0.2
-- OpenNI found (version: 1.5.4.0, include: /usr/include/ni, lib: /usr/lib/libOpenNI.so;libusb::libusb)
-- looking for PCL_COMMON
-- Found PCL_COMMON: /usr/lib/x86_64-linux-gnu/libpcl_common.so  
-- looking for PCL_KDTREE
-- Found PCL_KDTREE: /usr/lib/x86_64-linux-gnu/libpcl_kdtree.so  
-- looking for PCL_OCTREE
-- Found PCL_OCTREE: /usr/lib/x86_64-linux-gnu/libpcl_octree.so  
-- looking for PCL_SEARCH
-- Found PCL_SEARCH: /usr/lib/x86_64-linux-gnu/libpcl_search.so  
-- looking for PCL_SAMPLE_CONSENSUS
-- Found PCL_SAMPLE_CONSENSUS: /usr/lib/x86_64-linux-gnu/libpcl_sample_consensus.so  
-- looking for PCL_FILTERS
-- Found PCL_FILTERS: /usr/lib/x86_64-linux-gnu/libpcl_filters.so  
-- looking for PCL_2D
-- Found PCL_2D: /usr/include/pcl-1.12  
-- looking for PCL_GEOMETRY
-- Found PCL_GEOMETRY: /usr/include/pcl-1.12  
-- looking for PCL_IO
-- Found PCL_IO: /usr/lib/x86_64-linux-gnu/libpcl_io.so  
-- looking for PCL_FEATURES
-- Found PCL_FEATURES: /usr/lib/x86_64-linux-gnu/libpcl_features.so  
-- looking for PCL_ML
-- Found PCL_ML: /usr/lib/x86_64-linux-gnu/libpcl_ml.so  
-- looking for PCL_SEGMENTATION
-- Found PCL_SEGMENTATION: /usr/lib/x86_64-linux-gnu/libpcl_segmentation.so  
-- looking for PCL_VISUALIZATION
-- Found PCL_VISUALIZATION: /usr/lib/x86_64-linux-gnu/libpcl_visualization.so  
-- looking for PCL_SURFACE
-- Found PCL_SURFACE: /usr/lib/x86_64-linux-gnu/libpcl_surface.so  
-- looking for PCL_REGISTRATION
-- Found PCL_REGISTRATION: /usr/lib/x86_64-linux-gnu/libpcl_registration.so  
-- looking for PCL_KEYPOINTS
-- Found PCL_KEYPOINTS: /usr/lib/x86_64-linux-gnu/libpcl_keypoints.so  
-- looking for PCL_TRACKING
-- Found PCL_TRACKING: /usr/lib/x86_64-linux-gnu/libpcl_tracking.so  
-- looking for PCL_RECOGNITION
-- Found PCL_RECOGNITION: /usr/lib/x86_64-linux-gnu/libpcl_recognition.so  
-- looking for PCL_STEREO
-- Found PCL_STEREO: /usr/lib/x86_64-linux-gnu/libpcl_stereo.so  
-- looking for PCL_APPS
-- Found PCL_APPS: /usr/lib/x86_64-linux-gnu/libpcl_apps.so  
-- looking for PCL_IN_HAND_SCANNER
-- Found PCL_IN_HAND_SCANNER: /usr/include/pcl-1.12  
-- looking for PCL_MODELER
-- Found PCL_MODELER: /usr/include/pcl-1.12  
-- looking for PCL_POINT_CLOUD_EDITOR
-- Found PCL_POINT_CLOUD_EDITOR: /usr/include/pcl-1.12  
-- looking for PCL_OUTOFCORE
-- Found PCL_OUTOFCORE: /usr/lib/x86_64-linux-gnu/libpcl_outofcore.so  
-- looking for PCL_PEOPLE
-- Found PCL_PEOPLE: /usr/lib/x86_64-linux-gnu/libpcl_people.so  
-- Found PCL: pcl_common;pcl_kdtree;pcl_octree;pcl_search;pcl_sample_consensus;pcl_filters;pcl_io;pcl_features;pcl_ml;pcl_segmentation;pcl_visualization;pcl_surface;pcl_registration;pcl_keypoints;pcl_tracking;pcl_recognition;pcl_stereo;pcl_apps;pcl_outofcore;pcl_people;Boost::system;Boost::filesystem;Boost::date_time;Boost::iostreams;Boost::serialization;/usr/lib/libOpenNI.so;libusb::libusb;/usr/lib/x86_64-linux-gnu/libOpenNI2.so;libusb::libusb;VTK::ChartsCore;VTK::CommonColor;VTK::CommonComputationalGeometry;VTK::CommonCore;VTK::CommonDataModel;VTK::CommonExecutionModel;VTK::CommonMath;VTK::CommonMisc;VTK::CommonTransforms;VTK::FiltersCore;VTK::FiltersExtraction;VTK::FiltersGeneral;VTK::FiltersGeometry;VTK::FiltersModeling;VTK::FiltersSources;VTK::ImagingCore;VTK::ImagingSources;VTK::InteractionImage;VTK::InteractionStyle;VTK::InteractionWidgets;VTK::IOCore;VTK::IOGeometry;VTK::IOImage;VTK::IOLegacy;VTK::IOPLY;VTK::RenderingAnnotation;VTK::RenderingCore;VTK::RenderingContext2D;VTK::RenderingLOD;VTK::RenderingFreeType;VTK::ViewsCore;VTK::ViewsContext2D;VTK::RenderingOpenGL2;VTK::GUISupportQt;FLANN::FLANN;QHULL::QHULL (Required is at least version "1.10") 
-- Found ament_lint_auto: 0.12.4 (/opt/ros/humble/share/ament_lint_auto/cmake)
-- Added test 'cppcheck' to perform static code analysis on C / C++ code
-- Configured cppcheck include dirs: /home/purvang/vbrm-dr/include
-- Configured cppcheck exclude dirs and/or files: 
-- Added test 'flake8' to check Python code syntax and style conventions
-- Added test 'lint_cmake' to check CMake code style
-- Added test 'pep257' to check Python code against some of the docstring style conventions in PEP 257
-- Added test 'uncrustify' to check C / C++ code style
-- Configured uncrustify additional arguments: 
-- Added test 'xmllint' to check XML markup files
-- Configuring done
-- Generating done
-- Build files have been written to: /home/purvang/vbrm-dr/build/vbrm-dr
[ 50%] [32mBuilding CXX object CMakeFiles/PointCloudProcessor.dir/src/main.cpp.o[0m
[01m[K/home/purvang/vbrm-dr/src/main.cpp:[m[K In member function ‘[01m[Kpcl::PointCloud<pcl::PointXYZRGB>::Ptr PointCloudProcessing::__Projection__(pcl::PointCloud<pcl::PointXYZRGB>::Ptr) const[m[K’:
[01m[K/home/purvang/vbrm-dr/src/main.cpp:155:26:[m[K [01;31m[Kerror: [m[K‘[01m[Kcoefficients[m[K’ was not declared in this scope
  155 |       coeff->values[0] = [01;31m[Kcoefficients[m[K->values[1] = 0;
      |                          [01;31m[K^~~~~~~~~~~~[m[K
[01m[K/home/purvang/vbrm-dr/src/main.cpp:161:30:[m[K [01;31m[Kerror: [m[K‘[01m[Kcloudptr[m[K’ was not declared in this scope; did you mean ‘[01m[KCloudPtr[m[K’?
  161 |       project.setInputCloud ([01;31m[Kcloudptr[m[K);
      |                              [01;31m[K^~~~~~~~[m[K
      |                              [32m[KCloudPtr[m[K
[01m[K/home/purvang/vbrm-dr/src/main.cpp:163:23:[m[K [01;31m[Kerror: [m[Kcannot convert ‘[01m[Kstd::__shared_ptr_access<pcl::PointCloud<pcl::PointXYZRGB>, __gnu_cxx::_S_atomic, false, false>::element_type[m[K’ {aka ‘[01m[Kpcl::PointCloud<pcl::PointXYZRGB>[m[K’} to ‘[01m[Kpcl::Filter<pcl::PointXYZ>::PointCloud&[m[K’ {aka ‘[01m[Kpcl::PointCloud<pcl::PointXYZ>&[m[K’}
  163 |       project.filter ([01;31m[K*cloud_projected[m[K);
      |                       [01;31m[K^~~~~~~~~~~~~~~~[m[K
      |                       [01;31m[K|[m[K
      |                       [01;31m[Kstd::__shared_ptr_access<pcl::PointCloud<pcl::PointXYZRGB>, __gnu_cxx::_S_atomic, false, false>::element_type {aka pcl::PointCloud<pcl::PointXYZRGB>}[m[K
In file included from [01m[K/usr/include/pcl-1.12/pcl/filters/voxel_grid.h:42[m[K,
                 from [01m[K/home/purvang/vbrm-dr/src/main.cpp:16[m[K:
[01m[K/usr/include/pcl-1.12/pcl/filters/filter.h:121:27:[m[K [01;36m[Knote: [m[K  initializing argument 1 of ‘[01m[Kvoid pcl::Filter<PointT>::filter(pcl::Filter<PointT>::PointCloud&) [with PointT = pcl::PointXYZ; pcl::Filter<PointT>::PointCloud = pcl::PointCloud<pcl::PointXYZ>][m[K’
  121 |       filter ([01;36m[KPointCloud &output[m[K)
      |               [01;36m[K~~~~~~~~~~~~^~~~~~[m[K
[01m[K/home/purvang/vbrm-dr/src/main.cpp:150:98:[m[K [01;35m[Kwarning: [m[Kunused parameter ‘[01m[KCloudPtr[m[K’ [[01;35m[K]8;;https://gcc.gnu.org/onlinedocs/gcc/Warning-Options.html#index-Wunused-parameter-Wunused-parameter]8;;[m[K]
  150 |     pcl::PointCloud<pcl::PointXYZRGB>::Ptr __Projection__([01;35m[Kpcl::PointCloud<pcl::PointXYZRGB>::Ptr CloudPtr[m[K)const
      |                                                           [01;35m[K~~~~~~~~~~~~~~~~~~~~~~~~~~~~~~~~~~~~~~~^~~~~~~~[m[K
[01m[K/home/purvang/vbrm-dr/src/main.cpp:[m[K In member function ‘[01m[Kpcl::PointCloud<pcl::PointXYZRGB>::Ptr PointCloudProcessing::__BoundaryEstimation__(pcl::PointCloud<pcl::PointXYZRGB>::Ptr) const[m[K’:
[01m[K/home/purvang/vbrm-dr/src/main.cpp:173:25:[m[K [01;31m[Kerror: [m[K‘[01m[Kcloudptr[m[K’ was not declared in this scope; did you mean ‘[01m[KCloudPtr[m[K’?
  173 |       ne.setInputCloud ([01;31m[Kcloudptr[m[K);
      |                         [01;31m[K^~~~~~~~[m[K
      |                         [32m[KCloudPtr[m[K
[01m[K/home/purvang/vbrm-dr/src/main.cpp:179:12:[m[K [01;31m[Kerror: [m[K‘[01m[KBoundaryEstimation[m[K’ is not a member of ‘[01m[Kpcl[m[K’; did you mean ‘[01m[KNormalEstimation[m[K’?
  179 |       pcl::[01;31m[KBoundaryEstimation[m[K<pcl::PointXYZ, pcl::Normal, pcl::Boundary> est;
      |            [01;31m[K^~~~~~~~~~~~~~~~~~[m[K
      |            [32m[KNormalEstimation[m[K
[01m[K/home/purvang/vbrm-dr/src/main.cpp:179:44:[m[K [01;31m[Kerror: [m[Kexpected primary-expression before ‘[01m[K,[m[K’ token
  179 |       pcl::BoundaryEstimation<pcl::PointXYZ[01;31m[K,[m[K pcl::Normal, pcl::Boundary> est;
      |                                            [01;31m[K^[m[K
[01m[K/home/purvang/vbrm-dr/src/main.cpp:179:57:[m[K [01;31m[Kerror: [m[Kexpected primary-expression before ‘[01m[K,[m[K’ token
  179 |       pcl::BoundaryEstimation<pcl::PointXYZ, pcl::Normal[01;31m[K,[m[K pcl::Boundary> est;
      |                                                         [01;31m[K^[m[K
[01m[K/home/purvang/vbrm-dr/src/main.cpp:179:72:[m[K [01;31m[Kerror: [m[Kexpected primary-expression before ‘[01m[K>[m[K’ token
  179 |       pcl::BoundaryEstimation<pcl::PointXYZ, pcl::Normal, pcl::Boundary[01;31m[K>[m[K est;
      |                                                                        [01;31m[K^[m[K
[01m[K/home/purvang/vbrm-dr/src/main.cpp:179:74:[m[K [01;31m[Kerror: [m[K‘[01m[Kest[m[K’ was not declared in this scope
  179 |       pcl::BoundaryEstimation<pcl::PointXYZ, pcl::Normal, pcl::Boundary> [01;31m[Kest[m[K;
      |                                                                          [01;31m[K^~~[m[K
[01m[K/home/purvang/vbrm-dr/src/main.cpp:195:14:[m[K [01;31m[Kerror: [m[Kcould not convert ‘[01m[Kcloud_boundary[m[K’ from ‘[01m[Kshared_ptr<PointCloud<[01;32m[Kpcl::PointXYZ[m[K>>[m[K’ to ‘[01m[Kshared_ptr<PointCloud<[01;32m[Kpcl::PointXYZRGB[m[K>>[m[K’
  195 |       return [01;31m[Kcloud_boundary[m[K
      |              [01;31m[K^~~~~~~~~~~~~~[m[K
      |              [01;31m[K|[m[K
      |              [01;31m[Kshared_ptr<PointCloud<pcl::PointXYZ>>[m[K
[01m[K/home/purvang/vbrm-dr/src/main.cpp:196:5:[m[K [01;31m[Kerror: [m[Kexpected ‘[01m[K;[m[K’ before ‘[01m[K}[m[K’ token
  196 |     [01;31m[K}[m[K
      |     [01;31m[K^[m[K
[01m[K/home/purvang/vbrm-dr/src/main.cpp:169:106:[m[K [01;35m[Kwarning: [m[Kunused parameter ‘[01m[KCloudPtr[m[K’ [[01;35m[K]8;;https://gcc.gnu.org/onlinedocs/gcc/Warning-Options.html#index-Wunused-parameter-Wunused-parameter]8;;[m[K]
  169 |     pcl::PointCloud<pcl::PointXYZRGB>::Ptr __BoundaryEstimation__([01;35m[Kpcl::PointCloud<pcl::PointXYZRGB>::Ptr CloudPtr[m[K)const
      |                                                                   [01;35m[K~~~~~~~~~~~~~~~~~~~~~~~~~~~~~~~~~~~~~~~^~~~~~~~[m[K
[01m[K/home/purvang/vbrm-dr/src/main.cpp:[m[K In member function ‘[01m[Kvoid PointCloudSubscriber::topic_callback(sensor_msgs::msg::PointCloud2_<std::allocator<void> >::SharedPtr) const[m[K’:
[01m[K/home/purvang/vbrm-dr/src/main.cpp:429:7:[m[K [01;31m[Kerror: [m[K‘[01m[Kcloud_proj[m[K’ was not declared in this scope
  429 |       [01;31m[Kcloud_proj[m[K = pointCloudProcessor.__ProjectInliers__(objCloudFlattend, cluster_coefficients);
      |       [01;31m[K^~~~~~~~~~[m[K
[01m[K/home/purvang/vbrm-dr/src/main.cpp:432:46:[m[K [01;31m[Kerror: [m[Kredeclaration of ‘[01m[Kpcl::PointCloud<pcl::PointXYZRGB>::Ptr cloud_projected[m[K’
  432 |       pcl::PointCloud<pcl::PointXYZRGB>::Ptr [01;31m[Kcloud_projected[m[K (new pcl::PointCloud<pcl::PointXYZRGB>);
      |                                              [01;31m[K^~~~~~~~~~~~~~~[m[K
[01m[K/home/purvang/vbrm-dr/src/main.cpp:404:46:[m[K [01;36m[Knote: [m[K‘[01m[Kpcl::PointCloud<pcl::PointXYZRGB>::Ptr cloud_projected[m[K’ previously declared here
  404 |       pcl::PointCloud<pcl::PointXYZRGB>::Ptr [01;36m[Kcloud_projected[m[K (new pcl::PointCloud<pcl::PointXYZRGB>);
      |                                              [01;36m[K^~~~~~~~~~~~~~~[m[K
gmake[2]: *** [CMakeFiles/PointCloudProcessor.dir/build.make:76: CMakeFiles/PointCloudProcessor.dir/src/main.cpp.o] Error 1
gmake[1]: *** [CMakeFiles/Makefile2:137: CMakeFiles/PointCloudProcessor.dir/all] Error 2
gmake: *** [Makefile:146: all] Error 2
