[0.048s] Invoking command in '/home/purvang/vbrm-dr/build/vbrm-dr': CMAKE_PREFIX_PATH=/opt/ros/humble /usr/local/bin/cmake /home/purvang/vbrm-dr -DCMAKE_INSTALL_PREFIX=/home/purvang/vbrm-dr/install/vbrm-dr
[0.139s] -- The C compiler identification is GNU 11.3.0
[0.279s] -- The CXX compiler identification is GNU 11.3.0
[0.292s] -- Detecting C compiler ABI info
[0.365s] -- Detecting C compiler ABI info - done
[0.382s] -- Check for working C compiler: /usr/bin/cc - skipped
[0.383s] -- Detecting C compile features
[0.384s] -- Detecting C compile features - done
[0.390s] -- Detecting CXX compiler ABI info
[0.470s] -- Detecting CXX compiler ABI info - done
[0.487s] -- Check for working CXX compiler: /usr/bin/c++ - skipped
[0.488s] -- Detecting CXX compile features
[0.488s] -- Detecting CXX compile features - done
[0.515s] -- Found ament_cmake: 1.3.2 (/opt/ros/humble/share/ament_cmake/cmake)
[0.726s] -- Found Python3: /usr/bin/python3.10 (found version "3.10.6") found components: Interpreter 
[0.897s] -- Found rclcpp: 16.0.1 (/opt/ros/humble/share/rclcpp/cmake)
[1.054s] -- Found rosidl_generator_c: 3.1.3 (/opt/ros/humble/share/rosidl_generator_c/cmake)
[1.069s] -- Found rosidl_adapter: 3.1.3 (/opt/ros/humble/share/rosidl_adapter/cmake)
[1.097s] -- Found rosidl_generator_cpp: 3.1.3 (/opt/ros/humble/share/rosidl_generator_cpp/cmake)
[1.143s] -- Using all available rosidl_typesupport_c: rosidl_typesupport_fastrtps_c;rosidl_typesupport_introspection_c
[1.198s] -- Using all available rosidl_typesupport_cpp: rosidl_typesupport_fastrtps_cpp;rosidl_typesupport_introspection_cpp
[1.366s] -- Found rmw_implementation_cmake: 6.1.0 (/opt/ros/humble/share/rmw_implementation_cmake/cmake)
[1.374s] -- Found rmw_fastrtps_cpp: 6.2.1 (/opt/ros/humble/share/rmw_fastrtps_cpp/cmake)
[1.552s] -- Found OpenSSL: /usr/lib/x86_64-linux-gnu/libcrypto.so (found version "3.0.2")  
[1.590s] -- Found FastRTPS: /opt/ros/humble/include  
[1.654s] -- Using RMW implementation 'rmw_fastrtps_cpp' as default
[2.026s] -- Found sensor_msgs: 4.2.2 (/opt/ros/humble/share/sensor_msgs/cmake)
[2.336s] -- Found pcl_conversions: 2.4.0 (/opt/ros/humble/share/pcl_conversions/cmake)
[2.625s] -- Checking for module 'eigen3'
[2.646s] --   Found eigen3, version 3.4.0
[2.673s] -- Found Eigen: /usr/include/eigen3 (Required is at least version "3.1") 
[2.673s] -- Eigen found (include: /usr/include/eigen3, version: 3.4.0)
[2.710s] -- Found Boost: /usr/lib/x86_64-linux-gnu/cmake/Boost-1.74.0/BoostConfig.cmake (found suitable version "1.74.0", minimum required is "1.65.0") found components: system filesystem date_time iostreams serialization 
[2.727s] -- Checking for module 'flann'
[2.739s] --   Found flann, version 1.9.1
[2.777s] -- Found FLANN: /usr/lib/x86_64-linux-gnu/libflann_cpp.so  
[2.777s] -- FLANN found (include: /usr/include, lib: /usr/lib/x86_64-linux-gnu/libflann_cpp.so)
[2.850s] -- Looking for pthread.h
[2.918s] -- Looking for pthread.h - found
[2.919s] -- Performing Test CMAKE_HAVE_LIBC_PTHREAD
[2.997s] -- Performing Test CMAKE_HAVE_LIBC_PTHREAD - Success
[2.998s] -- Found Threads: TRUE  
[3.001s] -- Found GLEW: /usr/lib/x86_64-linux-gnu/libGLEW.so  
[3.010s] -- Found OpenGL: /usr/lib/x86_64-linux-gnu/libOpenGL.so  found components: OpenGL GLX 
[3.195s] -- Found MPI_C: /usr/lib/x86_64-linux-gnu/libmpi.so (found version "3.1") 
[3.196s] -- Found MPI: TRUE (found version "3.1") found components: C 
[3.199s] -- Found JsonCpp: /usr/lib/x86_64-linux-gnu/libjsoncpp.so (found suitable version "1.9.5", minimum required is "0.7.0") 
[3.218s] -- Found ZLIB: /usr/lib/x86_64-linux-gnu/libz.so (found version "1.2.11") 
[3.266s] -- Found PNG: /usr/lib/x86_64-linux-gnu/libpng.so (found version "1.6.37") 
[3.315s] -- Found Eigen3: /usr/include/eigen3 (found version "3.4.0") 
[3.438s] -- Found X11: /usr/include   
[3.438s] -- Looking for XOpenDisplay in /usr/lib/x86_64-linux-gnu/libX11.so;/usr/lib/x86_64-linux-gnu/libXext.so
[3.514s] -- Looking for XOpenDisplay in /usr/lib/x86_64-linux-gnu/libX11.so;/usr/lib/x86_64-linux-gnu/libXext.so - found
[3.514s] -- Looking for gethostbyname
[3.584s] -- Looking for gethostbyname - found
[3.585s] -- Looking for connect
[3.649s] -- Looking for connect - found
[3.649s] -- Looking for remove
[3.716s] -- Looking for remove - found
[3.716s] -- Looking for shmat
[3.792s] -- Looking for shmat - found
[3.792s] -- Looking for IceConnectionNumber in ICE
[3.860s] -- Looking for IceConnectionNumber in ICE - found
[3.976s] -- Found EXPAT: /usr/lib/x86_64-linux-gnu/libexpat.so (found version "2.4.7") 
[3.979s] -- Found double-conversion: /usr/lib/x86_64-linux-gnu/libdouble-conversion.so  
[3.984s] -- Found LZ4: /usr/lib/x86_64-linux-gnu/liblz4.so (found version "1.9.3") 
[3.986s] -- Found LZMA: /usr/lib/x86_64-linux-gnu/liblzma.so (found version "5.2.5") 
[4.007s] -- Found JPEG: /usr/lib/x86_64-linux-gnu/libjpeg.so (found version "80") 
[4.017s] -- Found TIFF: /usr/lib/x86_64-linux-gnu/libtiff.so (found version "4.3.0")  
[4.030s] -- Found Freetype: /usr/lib/x86_64-linux-gnu/libfreetype.so (found version "2.11.1") 
[4.040s] -- Found utf8cpp: /usr/include/utf8cpp  
[4.134s] -- Checking for module 'libusb-1.0'
[4.153s] --   Found libusb-1.0, version 1.0.25
[4.182s] -- Found libusb: /usr/lib/x86_64-linux-gnu/libusb-1.0.so  
[4.184s] -- Found OpenNI: /usr/lib/libOpenNI.so;libusb::libusb (found version "1.5.4.0") 
[4.184s] -- OpenNI found (version: 1.5.4.0, include: /usr/include/ni, lib: /usr/lib/libOpenNI.so;libusb::libusb)
[4.226s] -- Found OpenNI2: /usr/lib/x86_64-linux-gnu/libOpenNI2.so;libusb::libusb (found version "2.2.0.33") 
[4.226s] -- OpenNI2 found (version: 2.2.0.33, include: /usr/include/openni2, lib: /usr/lib/x86_64-linux-gnu/libOpenNI2.so;libusb::libusb)
[4.227s] [0m** WARNING ** io features related to pcap will be disabled[0m
[4.498s] -- Eigen found (include: /usr/include/eigen3, version: 3.4.0)
[4.507s] -- OpenNI found (version: 1.5.4.0, include: /usr/include/ni, lib: /usr/lib/libOpenNI.so;libusb::libusb)
[4.515s] -- OpenNI2 found (version: 2.2.0.33, include: /usr/include/openni2, lib: /usr/lib/x86_64-linux-gnu/libOpenNI2.so;libusb::libusb)
[4.775s] -- Found Qhull version 8.0.2
[5.041s] -- OpenNI found (version: 1.5.4.0, include: /usr/include/ni, lib: /usr/lib/libOpenNI.so;libusb::libusb)
[5.342s] -- looking for PCL_COMMON
[5.344s] -- Found PCL_COMMON: /usr/lib/x86_64-linux-gnu/libpcl_common.so  
[5.344s] -- looking for PCL_KDTREE
[5.348s] -- Found PCL_KDTREE: /usr/lib/x86_64-linux-gnu/libpcl_kdtree.so  
[5.348s] -- looking for PCL_OCTREE
[5.349s] -- Found PCL_OCTREE: /usr/lib/x86_64-linux-gnu/libpcl_octree.so  
[5.349s] -- looking for PCL_SEARCH
[5.351s] -- Found PCL_SEARCH: /usr/lib/x86_64-linux-gnu/libpcl_search.so  
[5.351s] -- looking for PCL_SAMPLE_CONSENSUS
[5.353s] -- Found PCL_SAMPLE_CONSENSUS: /usr/lib/x86_64-linux-gnu/libpcl_sample_consensus.so  
[5.353s] -- looking for PCL_FILTERS
[5.360s] -- Found PCL_FILTERS: /usr/lib/x86_64-linux-gnu/libpcl_filters.so  
[5.360s] -- looking for PCL_2D
[5.360s] -- Found PCL_2D: /usr/include/pcl-1.12  
[5.360s] -- looking for PCL_GEOMETRY
[5.360s] -- Found PCL_GEOMETRY: /usr/include/pcl-1.12  
[5.360s] -- looking for PCL_IO
[5.360s] -- Found PCL_IO: /usr/lib/x86_64-linux-gnu/libpcl_io.so  
[5.361s] -- looking for PCL_FEATURES
[5.364s] -- Found PCL_FEATURES: /usr/lib/x86_64-linux-gnu/libpcl_features.so  
[5.364s] -- looking for PCL_ML
[5.366s] -- Found PCL_ML: /usr/lib/x86_64-linux-gnu/libpcl_ml.so  
[5.367s] -- looking for PCL_SEGMENTATION
[5.369s] -- Found PCL_SEGMENTATION: /usr/lib/x86_64-linux-gnu/libpcl_segmentation.so  
[5.369s] -- looking for PCL_VISUALIZATION
[5.371s] -- Found PCL_VISUALIZATION: /usr/lib/x86_64-linux-gnu/libpcl_visualization.so  
[5.376s] -- looking for PCL_SURFACE
[5.377s] -- Found PCL_SURFACE: /usr/lib/x86_64-linux-gnu/libpcl_surface.so  
[5.377s] -- looking for PCL_REGISTRATION
[5.377s] -- Found PCL_REGISTRATION: /usr/lib/x86_64-linux-gnu/libpcl_registration.so  
[5.377s] -- looking for PCL_KEYPOINTS
[5.379s] -- Found PCL_KEYPOINTS: /usr/lib/x86_64-linux-gnu/libpcl_keypoints.so  
[5.380s] -- looking for PCL_TRACKING
[5.382s] -- Found PCL_TRACKING: /usr/lib/x86_64-linux-gnu/libpcl_tracking.so  
[5.382s] -- looking for PCL_RECOGNITION
[5.385s] -- Found PCL_RECOGNITION: /usr/lib/x86_64-linux-gnu/libpcl_recognition.so  
[5.385s] -- looking for PCL_STEREO
[5.387s] -- Found PCL_STEREO: /usr/lib/x86_64-linux-gnu/libpcl_stereo.so  
[5.387s] -- looking for PCL_APPS
[5.389s] -- Found PCL_APPS: /usr/lib/x86_64-linux-gnu/libpcl_apps.so  
[5.391s] -- looking for PCL_IN_HAND_SCANNER
[5.391s] -- Found PCL_IN_HAND_SCANNER: /usr/include/pcl-1.12  
[5.391s] -- looking for PCL_MODELER
[5.392s] -- Found PCL_MODELER: /usr/include/pcl-1.12  
[5.392s] -- looking for PCL_POINT_CLOUD_EDITOR
[5.393s] -- Found PCL_POINT_CLOUD_EDITOR: /usr/include/pcl-1.12  
[5.393s] -- looking for PCL_OUTOFCORE
[5.395s] -- Found PCL_OUTOFCORE: /usr/lib/x86_64-linux-gnu/libpcl_outofcore.so  
[5.395s] -- looking for PCL_PEOPLE
[5.397s] -- Found PCL_PEOPLE: /usr/lib/x86_64-linux-gnu/libpcl_people.so  
[5.398s] -- Found PCL: pcl_common;pcl_kdtree;pcl_octree;pcl_search;pcl_sample_consensus;pcl_filters;pcl_io;pcl_features;pcl_ml;pcl_segmentation;pcl_visualization;pcl_surface;pcl_registration;pcl_keypoints;pcl_tracking;pcl_recognition;pcl_stereo;pcl_apps;pcl_outofcore;pcl_people;Boost::system;Boost::filesystem;Boost::date_time;Boost::iostreams;Boost::serialization;/usr/lib/libOpenNI.so;libusb::libusb;/usr/lib/x86_64-linux-gnu/libOpenNI2.so;libusb::libusb;VTK::ChartsCore;VTK::CommonColor;VTK::CommonComputationalGeometry;VTK::CommonCore;VTK::CommonDataModel;VTK::CommonExecutionModel;VTK::CommonMath;VTK::CommonMisc;VTK::CommonTransforms;VTK::FiltersCore;VTK::FiltersExtraction;VTK::FiltersGeneral;VTK::FiltersGeometry;VTK::FiltersModeling;VTK::FiltersSources;VTK::ImagingCore;VTK::ImagingSources;VTK::InteractionImage;VTK::InteractionStyle;VTK::InteractionWidgets;VTK::IOCore;VTK::IOGeometry;VTK::IOImage;VTK::IOLegacy;VTK::IOPLY;VTK::RenderingAnnotation;VTK::RenderingCore;VTK::RenderingContext2D;VTK::RenderingLOD;VTK::RenderingFreeType;VTK::ViewsCore;VTK::ViewsContext2D;VTK::RenderingOpenGL2;VTK::GUISupportQt;FLANN::FLANN;QHULL::QHULL (Required is at least version "1.10") 
[5.519s] -- Found ament_lint_auto: 0.12.4 (/opt/ros/humble/share/ament_lint_auto/cmake)
[5.671s] -- Added test 'cppcheck' to perform static code analysis on C / C++ code
[5.672s] -- Configured cppcheck include dirs: /home/purvang/vbrm-dr/include
[5.672s] -- Configured cppcheck exclude dirs and/or files: 
[5.676s] -- Added test 'flake8' to check Python code syntax and style conventions
[5.679s] -- Added test 'lint_cmake' to check CMake code style
[5.682s] -- Added test 'pep257' to check Python code against some of the docstring style conventions in PEP 257
[5.691s] -- Added test 'uncrustify' to check C / C++ code style
[5.691s] -- Configured uncrustify additional arguments: 
[5.694s] -- Added test 'xmllint' to check XML markup files
[5.697s] -- Configuring done
[5.805s] -- Generating done
[5.811s] -- Build files have been written to: /home/purvang/vbrm-dr/build/vbrm-dr
[5.830s] Invoked command in '/home/purvang/vbrm-dr/build/vbrm-dr' returned '0': CMAKE_PREFIX_PATH=/opt/ros/humble /usr/local/bin/cmake /home/purvang/vbrm-dr -DCMAKE_INSTALL_PREFIX=/home/purvang/vbrm-dr/install/vbrm-dr
[5.833s] Invoking command in '/home/purvang/vbrm-dr/build/vbrm-dr': CMAKE_PREFIX_PATH=/opt/ros/humble /usr/local/bin/cmake --build /home/purvang/vbrm-dr/build/vbrm-dr -- -j9 -l9
[5.864s] [ 50%] [32mBuilding CXX object CMakeFiles/PointCloudProcessor.dir/src/main.cpp.o[0m
[15.399s] [01m[K/home/purvang/vbrm-dr/src/main.cpp:[m[K In member function ‘[01m[Kpcl::PointCloud<pcl::PointXYZRGB>::Ptr PointCloudProcessing::__Projection__(pcl::PointCloud<pcl::PointXYZRGB>::Ptr) const[m[K’:
[15.399s] [01m[K/home/purvang/vbrm-dr/src/main.cpp:155:26:[m[K [01;31m[Kerror: [m[K‘[01m[Kcoefficients[m[K’ was not declared in this scope
[15.399s]   155 |       coeff->values[0] = [01;31m[Kcoefficients[m[K->values[1] = 0;
[15.399s]       |                          [01;31m[K^~~~~~~~~~~~[m[K
[15.414s] [01m[K/home/purvang/vbrm-dr/src/main.cpp:161:30:[m[K [01;31m[Kerror: [m[K‘[01m[Kcloudptr[m[K’ was not declared in this scope; did you mean ‘[01m[KCloudPtr[m[K’?
[15.414s]   161 |       project.setInputCloud ([01;31m[Kcloudptr[m[K);
[15.414s]       |                              [01;31m[K^~~~~~~~[m[K
[15.414s]       |                              [32m[KCloudPtr[m[K
[15.414s] [01m[K/home/purvang/vbrm-dr/src/main.cpp:163:23:[m[K [01;31m[Kerror: [m[Kcannot convert ‘[01m[Kstd::__shared_ptr_access<pcl::PointCloud<pcl::PointXYZRGB>, __gnu_cxx::_S_atomic, false, false>::element_type[m[K’ {aka ‘[01m[Kpcl::PointCloud<pcl::PointXYZRGB>[m[K’} to ‘[01m[Kpcl::Filter<pcl::PointXYZ>::PointCloud&[m[K’ {aka ‘[01m[Kpcl::PointCloud<pcl::PointXYZ>&[m[K’}
[15.414s]   163 |       project.filter ([01;31m[K*cloud_projected[m[K);
[15.414s]       |                       [01;31m[K^~~~~~~~~~~~~~~~[m[K
[15.415s]       |                       [01;31m[K|[m[K
[15.415s]       |                       [01;31m[Kstd::__shared_ptr_access<pcl::PointCloud<pcl::PointXYZRGB>, __gnu_cxx::_S_atomic, false, false>::element_type {aka pcl::PointCloud<pcl::PointXYZRGB>}[m[K
[15.425s] In file included from [01m[K/usr/include/pcl-1.12/pcl/filters/voxel_grid.h:42[m[K,
[15.426s]                  from [01m[K/home/purvang/vbrm-dr/src/main.cpp:16[m[K:
[15.426s] [01m[K/usr/include/pcl-1.12/pcl/filters/filter.h:121:27:[m[K [01;36m[Knote: [m[K  initializing argument 1 of ‘[01m[Kvoid pcl::Filter<PointT>::filter(pcl::Filter<PointT>::PointCloud&) [with PointT = pcl::PointXYZ; pcl::Filter<PointT>::PointCloud = pcl::PointCloud<pcl::PointXYZ>][m[K’
[15.426s]   121 |       filter ([01;36m[KPointCloud &output[m[K)
[15.426s]       |               [01;36m[K~~~~~~~~~~~~^~~~~~[m[K
[15.426s] [01m[K/home/purvang/vbrm-dr/src/main.cpp:150:98:[m[K [01;35m[Kwarning: [m[Kunused parameter ‘[01m[KCloudPtr[m[K’ [[01;35m[K]8;;https://gcc.gnu.org/onlinedocs/gcc/Warning-Options.html#index-Wunused-parameter-Wunused-parameter]8;;[m[K]
[15.427s]   150 |     pcl::PointCloud<pcl::PointXYZRGB>::Ptr __Projection__([01;35m[Kpcl::PointCloud<pcl::PointXYZRGB>::Ptr CloudPtr[m[K)const
[15.428s]       |                                                           [01;35m[K~~~~~~~~~~~~~~~~~~~~~~~~~~~~~~~~~~~~~~~^~~~~~~~[m[K
[15.472s] [01m[K/home/purvang/vbrm-dr/src/main.cpp:[m[K In member function ‘[01m[Kpcl::PointCloud<pcl::PointXYZRGB>::Ptr PointCloudProcessing::__BoundaryEstimation__(pcl::PointCloud<pcl::PointXYZRGB>::Ptr) const[m[K’:
[15.472s] [01m[K/home/purvang/vbrm-dr/src/main.cpp:173:25:[m[K [01;31m[Kerror: [m[K‘[01m[Kcloudptr[m[K’ was not declared in this scope; did you mean ‘[01m[KCloudPtr[m[K’?
[15.472s]   173 |       ne.setInputCloud ([01;31m[Kcloudptr[m[K);
[15.472s]       |                         [01;31m[K^~~~~~~~[m[K
[15.472s]       |                         [32m[KCloudPtr[m[K
[15.506s] [01m[K/home/purvang/vbrm-dr/src/main.cpp:179:12:[m[K [01;31m[Kerror: [m[K‘[01m[KBoundaryEstimation[m[K’ is not a member of ‘[01m[Kpcl[m[K’; did you mean ‘[01m[KNormalEstimation[m[K’?
[15.506s]   179 |       pcl::[01;31m[KBoundaryEstimation[m[K<pcl::PointXYZ, pcl::Normal, pcl::Boundary> est;
[15.506s]       |            [01;31m[K^~~~~~~~~~~~~~~~~~[m[K
[15.507s]       |            [32m[KNormalEstimation[m[K
[15.507s] [01m[K/home/purvang/vbrm-dr/src/main.cpp:179:44:[m[K [01;31m[Kerror: [m[Kexpected primary-expression before ‘[01m[K,[m[K’ token
[15.507s]   179 |       pcl::BoundaryEstimation<pcl::PointXYZ[01;31m[K,[m[K pcl::Normal, pcl::Boundary> est;
[15.507s]       |                                            [01;31m[K^[m[K
[15.507s] [01m[K/home/purvang/vbrm-dr/src/main.cpp:179:57:[m[K [01;31m[Kerror: [m[Kexpected primary-expression before ‘[01m[K,[m[K’ token
[15.507s]   179 |       pcl::BoundaryEstimation<pcl::PointXYZ, pcl::Normal[01;31m[K,[m[K pcl::Boundary> est;
[15.508s]       |                                                         [01;31m[K^[m[K
[15.508s] [01m[K/home/purvang/vbrm-dr/src/main.cpp:179:72:[m[K [01;31m[Kerror: [m[Kexpected primary-expression before ‘[01m[K>[m[K’ token
[15.508s]   179 |       pcl::BoundaryEstimation<pcl::PointXYZ, pcl::Normal, pcl::Boundary[01;31m[K>[m[K est;
[15.508s]       |                                                                        [01;31m[K^[m[K
[15.517s] [01m[K/home/purvang/vbrm-dr/src/main.cpp:179:74:[m[K [01;31m[Kerror: [m[K‘[01m[Kest[m[K’ was not declared in this scope
[15.517s]   179 |       pcl::BoundaryEstimation<pcl::PointXYZ, pcl::Normal, pcl::Boundary> [01;31m[Kest[m[K;
[15.517s]       |                                                                          [01;31m[K^~~[m[K
[15.524s] [01m[K/home/purvang/vbrm-dr/src/main.cpp:195:14:[m[K [01;31m[Kerror: [m[Kcould not convert ‘[01m[Kcloud_boundary[m[K’ from ‘[01m[Kshared_ptr<PointCloud<[01;32m[Kpcl::PointXYZ[m[K>>[m[K’ to ‘[01m[Kshared_ptr<PointCloud<[01;32m[Kpcl::PointXYZRGB[m[K>>[m[K’
[15.524s]   195 |       return [01;31m[Kcloud_boundary[m[K
[15.524s]       |              [01;31m[K^~~~~~~~~~~~~~[m[K
[15.524s]       |              [01;31m[K|[m[K
[15.524s]       |              [01;31m[Kshared_ptr<PointCloud<pcl::PointXYZ>>[m[K
[15.525s] [01m[K/home/purvang/vbrm-dr/src/main.cpp:196:5:[m[K [01;31m[Kerror: [m[Kexpected ‘[01m[K;[m[K’ before ‘[01m[K}[m[K’ token
[15.525s]   196 |     [01;31m[K}[m[K
[15.525s]       |     [01;31m[K^[m[K
[15.525s] [01m[K/home/purvang/vbrm-dr/src/main.cpp:169:106:[m[K [01;35m[Kwarning: [m[Kunused parameter ‘[01m[KCloudPtr[m[K’ [[01;35m[K]8;;https://gcc.gnu.org/onlinedocs/gcc/Warning-Options.html#index-Wunused-parameter-Wunused-parameter]8;;[m[K]
[15.525s]   169 |     pcl::PointCloud<pcl::PointXYZRGB>::Ptr __BoundaryEstimation__([01;35m[Kpcl::PointCloud<pcl::PointXYZRGB>::Ptr CloudPtr[m[K)const
[15.525s]       |                                                                   [01;35m[K~~~~~~~~~~~~~~~~~~~~~~~~~~~~~~~~~~~~~~~^~~~~~~~[m[K
[15.659s] [01m[K/home/purvang/vbrm-dr/src/main.cpp:[m[K In member function ‘[01m[Kvoid PointCloudSubscriber::topic_callback(sensor_msgs::msg::PointCloud2_<std::allocator<void> >::SharedPtr) const[m[K’:
[15.659s] [01m[K/home/purvang/vbrm-dr/src/main.cpp:429:7:[m[K [01;31m[Kerror: [m[K‘[01m[Kcloud_proj[m[K’ was not declared in this scope
[15.659s]   429 |       [01;31m[Kcloud_proj[m[K = pointCloudProcessor.__ProjectInliers__(objCloudFlattend, cluster_coefficients);
[15.660s]       |       [01;31m[K^~~~~~~~~~[m[K
[15.660s] [01m[K/home/purvang/vbrm-dr/src/main.cpp:432:46:[m[K [01;31m[Kerror: [m[Kredeclaration of ‘[01m[Kpcl::PointCloud<pcl::PointXYZRGB>::Ptr cloud_projected[m[K’
[15.660s]   432 |       pcl::PointCloud<pcl::PointXYZRGB>::Ptr [01;31m[Kcloud_projected[m[K (new pcl::PointCloud<pcl::PointXYZRGB>);
[15.660s]       |                                              [01;31m[K^~~~~~~~~~~~~~~[m[K
[15.660s] [01m[K/home/purvang/vbrm-dr/src/main.cpp:404:46:[m[K [01;36m[Knote: [m[K‘[01m[Kpcl::PointCloud<pcl::PointXYZRGB>::Ptr cloud_projected[m[K’ previously declared here
[15.660s]   404 |       pcl::PointCloud<pcl::PointXYZRGB>::Ptr [01;36m[Kcloud_projected[m[K (new pcl::PointCloud<pcl::PointXYZRGB>);
[15.660s]       |                                              [01;36m[K^~~~~~~~~~~~~~~[m[K
[22.602s] gmake[2]: *** [CMakeFiles/PointCloudProcessor.dir/build.make:76: CMakeFiles/PointCloudProcessor.dir/src/main.cpp.o] Error 1
[22.602s] gmake[1]: *** [CMakeFiles/Makefile2:137: CMakeFiles/PointCloudProcessor.dir/all] Error 2
[22.603s] gmake: *** [Makefile:146: all] Error 2
[22.605s] Invoked command in '/home/purvang/vbrm-dr/build/vbrm-dr' returned '2': CMAKE_PREFIX_PATH=/opt/ros/humble /usr/local/bin/cmake --build /home/purvang/vbrm-dr/build/vbrm-dr -- -j9 -l9
